2016-10-26 20:26:05,498 18743 [pool-5-thread-3-ScalaTest-running-SectorDaoSuite] INFO  d.f.e.process.runtime.Executable - start de.flapdoodle.embed.mongo.config.MongodConfigBuilder$ImmutableMongodConfig@7c2ac14c
2016-10-26 20:26:05,786 19031 [pool-5-thread-3-ScalaTest-running-SectorDaoSuite] INFO  com.mm.marketgauge.util.LogHelper - Initalizing wiht:null
2016-10-26 20:26:14,937 28182 [pool-5-thread-3-ScalaTest-running-SectorDaoSuite] INFO  d.f.e.process.runtime.Executable - start de.flapdoodle.embed.mongo.config.MongodConfigBuilder$ImmutableMongodConfig@6063f23e
2016-10-26 20:26:14,939 28184 [pool-5-thread-3-ScalaTest-running-SectorDaoSuite] INFO  com.mm.marketgauge.util.LogHelper - Initalizing wiht:null
2016-10-26 20:26:15,725 28970 [pool-5-thread-3-ScalaTest-running-SectorDaoSuite] INFO  com.mm.marketgauge.util.LogHelper - Converting for ticker:Some(sectorTicker) Some(sectorName)
2016-10-26 20:26:15,736 28981 [pool-5-thread-3-ScalaTest-running-SectorDaoSuite] INFO  com.mm.marketgauge.util.LogHelper - Found:1
2016-10-26 20:26:15,740 28985 [pool-5-thread-3-ScalaTest-running-SectorDaoSuite] INFO  com.mm.marketgauge.util.LogHelper - Converting for ticker:Some(sectorTicker) Some(sectorName)
2016-10-26 20:26:18,045 31290 [pool-5-thread-3-ScalaTest-running-SectorDaoSuite] INFO  d.f.e.process.runtime.Executable - start de.flapdoodle.embed.mongo.config.MongodConfigBuilder$ImmutableMongodConfig@187e27e0
2016-10-26 20:26:18,046 31291 [pool-5-thread-3-ScalaTest-running-SectorDaoSuite] INFO  com.mm.marketgauge.util.LogHelper - Initalizing wiht:null
2016-10-26 20:26:18,861 32106 [pool-5-thread-3-ScalaTest-running-SectorDaoSuite] INFO  com.mm.marketgauge.util.LogHelper - Converting for ticker:Some(sectorTicker) Some(sectorName)
2016-10-26 20:26:20,973 34218 [pool-5-thread-3-ScalaTest-running-SectorDaoSuite] INFO  d.f.e.process.runtime.Executable - start de.flapdoodle.embed.mongo.config.MongodConfigBuilder$ImmutableMongodConfig@195b115e
2016-10-26 20:26:20,973 34218 [pool-5-thread-3-ScalaTest-running-SectorDaoSuite] INFO  com.mm.marketgauge.util.LogHelper - Initalizing wiht:null
2016-10-26 20:26:21,617 34862 [pool-5-thread-3-ScalaTest-running-SectorDaoSuite] INFO  com.mm.marketgauge.util.LogHelper - Converting for ticker:Some(sectorTicker) Some(sectorName)
2016-10-26 20:26:21,628 34873 [pool-5-thread-3-ScalaTest-running-SectorDaoSuite] INFO  com.mm.marketgauge.util.LogHelper - Converting for ticker:Some(Updated) Some(sectorName)
2016-10-26 20:37:40,338 1094 [main] INFO  com.mm.marketgauge.util.LogHelper - db.utilmongodb://localhost:27017/
2016-10-26 20:37:40,362 1118 [main] INFO  com.mm.marketgauge.util.LogHelper - db.nametest
2016-10-26 20:37:40,378 1134 [main] INFO  com.mm.marketgauge.util.LogHelper - dbUri:mongodb://localhost:27017/
2016-10-26 20:37:40,381 1137 [main] INFO  com.mm.marketgauge.util.LogHelper - Initalizing wiht:null
2016-10-26 20:37:40,381 1137 [main] INFO  com.mm.marketgauge.util.LogHelper - .... Loading...
2016-10-26 20:37:40,382 1138 [main] INFO  com.mm.marketgauge.util.LogHelper - Downloadign data from url:https://biz.yahoo.com/ic/ind_index_alpha.html
2016-10-26 20:37:46,403 7159 [main] INFO  com.mm.marketgauge.util.LogHelper - All sector downoaded. now mapping them...
2016-10-26 20:37:46,425 7181 [main] INFO  com.mm.marketgauge.util.LogHelper - Downloadign data from url:https://biz.yahoo.com/ic/431.html
2016-10-26 20:37:46,704 7460 [main] INFO  com.mm.marketgauge.util.LogHelper - Extracting data for sector:431
2016-10-26 20:37:47,119 7875 [main] INFO  com.mm.marketgauge.util.LogHelper - Downloadign data from url:https://biz.yahoo.com/ic/720.html
2016-10-26 20:37:47,406 8162 [main] INFO  com.mm.marketgauge.util.LogHelper - Extracting data for sector:720
2016-10-26 20:37:47,903 8659 [main] INFO  com.mm.marketgauge.util.LogHelper - Downloadign data from url:https://biz.yahoo.com/ic/610.html
2016-10-26 20:37:48,140 8896 [main] INFO  com.mm.marketgauge.util.LogHelper - Extracting data for sector:610
2016-10-26 20:37:48,483 9239 [main] INFO  com.mm.marketgauge.util.LogHelper - Downloadign data from url:https://biz.yahoo.com/ic/611.html
2016-10-26 20:37:48,727 9483 [main] INFO  com.mm.marketgauge.util.LogHelper - Extracting data for sector:611
2016-10-26 20:37:49,378 10134 [main] INFO  com.mm.marketgauge.util.LogHelper - Downloadign data from url:https://biz.yahoo.com/ic/112.html
2016-10-26 20:37:49,797 10553 [main] INFO  com.mm.marketgauge.util.LogHelper - Extracting data for sector:112
2016-10-26 20:37:50,154 10910 [main] INFO  com.mm.marketgauge.util.LogHelper - Downloadign data from url:https://biz.yahoo.com/ic/773.html
2016-10-26 20:37:50,423 11179 [main] INFO  com.mm.marketgauge.util.LogHelper - Extracting data for sector:773
2016-10-26 20:37:50,775 11531 [main] INFO  com.mm.marketgauge.util.LogHelper - Downloadign data from url:https://biz.yahoo.com/ic/772.html
2016-10-26 20:37:51,035 11791 [main] INFO  com.mm.marketgauge.util.LogHelper - Extracting data for sector:772
2016-10-26 20:37:51,403 12159 [main] INFO  com.mm.marketgauge.util.LogHelper - Downloadign data from url:https://biz.yahoo.com/ic/132.html
2016-10-26 20:37:51,644 12400 [main] INFO  com.mm.marketgauge.util.LogHelper - Extracting data for sector:132
2016-10-26 20:37:52,228 12984 [main] INFO  com.mm.marketgauge.util.LogHelper - Downloadign data from url:https://biz.yahoo.com/ic/730.html
2016-10-26 20:37:52,490 13246 [main] INFO  com.mm.marketgauge.util.LogHelper - Extracting data for sector:730
2016-10-26 20:37:52,855 13611 [main] INFO  com.mm.marketgauge.util.LogHelper - Downloadign data from url:https://biz.yahoo.com/ic/310.html
2016-10-26 20:37:53,121 13877 [main] INFO  com.mm.marketgauge.util.LogHelper - Extracting data for sector:310
2016-10-26 20:37:53,462 14218 [main] INFO  com.mm.marketgauge.util.LogHelper - Downloadign data from url:https://biz.yahoo.com/ic/821.html
2016-10-26 20:37:53,699 14455 [main] INFO  com.mm.marketgauge.util.LogHelper - Extracting data for sector:821
2016-10-26 20:37:54,280 15036 [main] INFO  com.mm.marketgauge.util.LogHelper - Downloadign data from url:https://biz.yahoo.com/ic/422.html
2016-10-26 20:37:54,643 15399 [main] INFO  com.mm.marketgauge.util.LogHelper - Extracting data for sector:422
2016-10-26 20:37:55,093 15849 [main] INFO  com.mm.marketgauge.util.LogHelper - Downloadign data from url:https://biz.yahoo.com/ic/744.html
2016-10-26 20:37:55,354 16110 [main] INFO  com.mm.marketgauge.util.LogHelper - Extracting data for sector:744
2016-10-26 20:37:55,612 16368 [main] INFO  com.mm.marketgauge.util.LogHelper - Downloadign data from url:https://biz.yahoo.com/ic/330.html
2016-10-26 20:37:55,906 16662 [main] INFO  com.mm.marketgauge.util.LogHelper - Extracting data for sector:330
2016-10-26 20:37:56,229 16985 [main] INFO  com.mm.marketgauge.util.LogHelper - Downloadign data from url:https://biz.yahoo.com/ic/333.html
2016-10-26 20:37:56,464 17220 [main] INFO  com.mm.marketgauge.util.LogHelper - Extracting data for sector:333
2016-10-26 20:37:56,733 17489 [main] INFO  com.mm.marketgauge.util.LogHelper - Downloadign data from url:https://biz.yahoo.com/ic/738.html
2016-10-26 20:37:57,039 17795 [main] INFO  com.mm.marketgauge.util.LogHelper - Extracting data for sector:738
2016-10-26 20:37:57,305 18061 [main] INFO  com.mm.marketgauge.util.LogHelper - Downloadign data from url:https://biz.yahoo.com/ic/750.html
2016-10-26 20:37:57,545 18301 [main] INFO  com.mm.marketgauge.util.LogHelper - Extracting data for sector:750
2016-10-26 20:37:57,877 18633 [main] INFO  com.mm.marketgauge.util.LogHelper - Downloadign data from url:https://biz.yahoo.com/ic/758.html
2016-10-26 20:37:58,149 18905 [main] INFO  com.mm.marketgauge.util.LogHelper - Extracting data for sector:758
2016-10-26 20:37:58,467 19223 [main] INFO  com.mm.marketgauge.util.LogHelper - Downloadign data from url:https://biz.yahoo.com/ic/346.html
2016-10-26 20:37:58,772 19528 [main] INFO  com.mm.marketgauge.util.LogHelper - Extracting data for sector:346
2016-10-26 20:37:59,127 19883 [main] INFO  com.mm.marketgauge.util.LogHelper - Downloadign data from url:https://biz.yahoo.com/ic/348.html
2016-10-26 20:37:59,369 20125 [main] INFO  com.mm.marketgauge.util.LogHelper - Extracting data for sector:348
2016-10-26 20:37:59,722 20478 [main] INFO  com.mm.marketgauge.util.LogHelper - Downloadign data from url:https://biz.yahoo.com/ic/347.html
2016-10-26 20:37:59,977 20733 [main] INFO  com.mm.marketgauge.util.LogHelper - Extracting data for sector:347
2016-10-26 20:38:00,300 21056 [main] INFO  com.mm.marketgauge.util.LogHelper - Downloadign data from url:https://biz.yahoo.com/ic/515.html
2016-10-26 20:38:00,556 21312 [main] INFO  com.mm.marketgauge.util.LogHelper - Extracting data for sector:515
2016-10-26 20:38:00,884 21640 [main] INFO  com.mm.marketgauge.util.LogHelper - Downloadign data from url:https://biz.yahoo.com/ic/724.html
2016-10-26 20:38:01,196 21952 [main] INFO  com.mm.marketgauge.util.LogHelper - Extracting data for sector:724
2016-10-26 20:38:01,536 22292 [main] INFO  com.mm.marketgauge.util.LogHelper - Downloadign data from url:https://biz.yahoo.com/ic/723.html
2016-10-26 20:38:01,811 22567 [main] INFO  com.mm.marketgauge.util.LogHelper - Extracting data for sector:723
2016-10-26 20:38:02,083 22839 [main] INFO  com.mm.marketgauge.util.LogHelper - Downloadign data from url:https://biz.yahoo.com/ic/751.html
2016-10-26 20:38:02,411 23167 [main] INFO  com.mm.marketgauge.util.LogHelper - Extracting data for sector:751
2016-10-26 20:38:02,725 23481 [main] INFO  com.mm.marketgauge.util.LogHelper - Downloadign data from url:https://biz.yahoo.com/ic/313.html
2016-10-26 20:38:02,992 23748 [main] INFO  com.mm.marketgauge.util.LogHelper - Extracting data for sector:313
2016-10-26 20:38:03,356 24112 [main] INFO  com.mm.marketgauge.util.LogHelper - Downloadign data from url:https://biz.yahoo.com/ic/760.html
2016-10-26 20:38:03,622 24378 [main] INFO  com.mm.marketgauge.util.LogHelper - Extracting data for sector:760
2016-10-26 20:38:03,971 24727 [main] INFO  com.mm.marketgauge.util.LogHelper - Downloadign data from url:https://biz.yahoo.com/ic/826.html
2016-10-26 20:38:04,211 24967 [main] INFO  com.mm.marketgauge.util.LogHelper - Extracting data for sector:826
2016-10-26 20:38:04,810 25566 [main] INFO  com.mm.marketgauge.util.LogHelper - Downloadign data from url:https://biz.yahoo.com/ic/725.html
2016-10-26 20:38:05,116 25872 [main] INFO  com.mm.marketgauge.util.LogHelper - Extracting data for sector:725
2016-10-26 20:38:05,466 26222 [main] INFO  com.mm.marketgauge.util.LogHelper - Downloadign data from url:https://biz.yahoo.com/ic/739.html
2016-10-26 20:38:05,759 26515 [main] INFO  com.mm.marketgauge.util.LogHelper - Extracting data for sector:739
2016-10-26 20:38:06,094 26850 [main] INFO  com.mm.marketgauge.util.LogHelper - Downloadign data from url:https://biz.yahoo.com/ic/633.html
2016-10-26 20:38:06,343 27099 [main] INFO  com.mm.marketgauge.util.LogHelper - Extracting data for sector:633
2016-10-26 20:38:06,699 27455 [main] INFO  com.mm.marketgauge.util.LogHelper - Downloadign data from url:https://biz.yahoo.com/ic/110.html
2016-10-26 20:38:06,971 27727 [main] INFO  com.mm.marketgauge.util.LogHelper - Extracting data for sector:110
2016-10-26 20:38:07,291 28047 [main] INFO  com.mm.marketgauge.util.LogHelper - Downloadign data from url:https://biz.yahoo.com/ic/350.html
2016-10-26 20:38:07,548 28304 [main] INFO  com.mm.marketgauge.util.LogHelper - Extracting data for sector:350
2016-10-26 20:38:07,876 28632 [main] INFO  com.mm.marketgauge.util.LogHelper - Downloadign data from url:https://biz.yahoo.com/ic/326.html
2016-10-26 20:38:08,183 28939 [main] INFO  com.mm.marketgauge.util.LogHelper - Extracting data for sector:326
2016-10-26 20:38:08,527 29283 [main] INFO  com.mm.marketgauge.util.LogHelper - Downloadign data from url:https://biz.yahoo.com/ic/425.html
2016-10-26 20:38:08,772 29528 [main] INFO  com.mm.marketgauge.util.LogHelper - Extracting data for sector:425
2016-10-26 20:38:09,122 29878 [main] INFO  com.mm.marketgauge.util.LogHelper - Downloadign data from url:https://biz.yahoo.com/ic/426.html
2016-10-26 20:38:09,382 30138 [main] INFO  com.mm.marketgauge.util.LogHelper - Extracting data for sector:426
2016-10-26 20:38:09,730 30486 [main] INFO  com.mm.marketgauge.util.LogHelper - Downloadign data from url:https://biz.yahoo.com/ic/427.html
2016-10-26 20:38:09,978 30734 [main] INFO  com.mm.marketgauge.util.LogHelper - Extracting data for sector:427
2016-10-26 20:38:10,587 31343 [main] INFO  com.mm.marketgauge.util.LogHelper - Downloadign data from url:https://biz.yahoo.com/ic/841.html
2016-10-26 20:38:10,854 31610 [main] INFO  com.mm.marketgauge.util.LogHelper - Extracting data for sector:841
2016-10-26 20:38:11,216 31972 [main] INFO  com.mm.marketgauge.util.LogHelper - Downloadign data from url:https://biz.yahoo.com/ic/812.html
2016-10-26 20:38:11,491 32247 [main] INFO  com.mm.marketgauge.util.LogHelper - Extracting data for sector:812
2016-10-26 20:38:11,856 32612 [main] INFO  com.mm.marketgauge.util.LogHelper - Downloadign data from url:https://biz.yahoo.com/ic/815.html
2016-10-26 20:38:12,120 32876 [main] INFO  com.mm.marketgauge.util.LogHelper - Extracting data for sector:815
2016-10-26 20:38:12,704 33460 [main] INFO  com.mm.marketgauge.util.LogHelper - Downloadign data from url:https://biz.yahoo.com/ic/755.html
2016-10-26 20:38:13,001 33757 [main] INFO  com.mm.marketgauge.util.LogHelper - Extracting data for sector:755
2016-10-26 20:38:13,355 34111 [main] INFO  com.mm.marketgauge.util.LogHelper - Downloadign data from url:https://biz.yahoo.com/ic/345.html
2016-10-26 20:38:13,604 34360 [main] INFO  com.mm.marketgauge.util.LogHelper - Extracting data for sector:345
2016-10-26 20:38:13,955 34711 [main] INFO  com.mm.marketgauge.util.LogHelper - Downloadign data from url:https://biz.yahoo.com/ic/210.html
2016-10-26 20:38:14,210 34966 [main] INFO  com.mm.marketgauge.util.LogHelper - Extracting data for sector:210
2016-10-26 20:38:14,774 35530 [main] INFO  com.mm.marketgauge.util.LogHelper - Downloadign data from url:https://biz.yahoo.com/ic/763.html
2016-10-26 20:38:15,058 35814 [main] INFO  com.mm.marketgauge.util.LogHelper - Extracting data for sector:763
2016-10-26 20:38:15,368 36124 [main] INFO  com.mm.marketgauge.util.LogHelper - Downloadign data from url:https://biz.yahoo.com/ic/131.html
2016-10-26 20:38:15,611 36367 [main] INFO  com.mm.marketgauge.util.LogHelper - Extracting data for sector:131
2016-10-26 20:38:15,954 36710 [main] INFO  com.mm.marketgauge.util.LogHelper - Downloadign data from url:https://biz.yahoo.com/ic/424.html
2016-10-26 20:38:16,219 36975 [main] INFO  com.mm.marketgauge.util.LogHelper - Extracting data for sector:424
2016-10-26 20:38:16,748 37504 [main] INFO  com.mm.marketgauge.util.LogHelper - Downloadign data from url:https://biz.yahoo.com/ic/344.html
2016-10-26 20:38:17,008 37764 [main] INFO  com.mm.marketgauge.util.LogHelper - Extracting data for sector:344
2016-10-26 20:38:17,348 38104 [main] INFO  com.mm.marketgauge.util.LogHelper - Downloadign data from url:https://biz.yahoo.com/ic/813.html
2016-10-26 20:38:17,597 38353 [main] INFO  com.mm.marketgauge.util.LogHelper - Extracting data for sector:813
2016-10-26 20:38:17,948 38704 [main] INFO  com.mm.marketgauge.util.LogHelper - Exception while fetching 813 
java.nio.charset.UnmappableCharacterException: Input length = 1
2016-10-26 20:38:17,948 38704 [main] INFO  com.mm.marketgauge.util.LogHelper - Downloadign data from url:https://biz.yahoo.com/ic/731.html
2016-10-26 20:38:18,236 38992 [main] INFO  com.mm.marketgauge.util.LogHelper - Extracting data for sector:731
2016-10-26 20:38:18,576 39332 [main] INFO  com.mm.marketgauge.util.LogHelper - Downloadign data from url:https://biz.yahoo.com/ic/516.html
2016-10-26 20:38:18,841 39597 [main] INFO  com.mm.marketgauge.util.LogHelper - Extracting data for sector:516
2016-10-26 20:38:19,165 39921 [main] INFO  com.mm.marketgauge.util.LogHelper - Downloadign data from url:https://biz.yahoo.com/ic/732.html
2016-10-26 20:38:19,402 40158 [main] INFO  com.mm.marketgauge.util.LogHelper - Extracting data for sector:732
2016-10-26 20:38:19,672 40428 [main] INFO  com.mm.marketgauge.util.LogHelper - Downloadign data from url:https://biz.yahoo.com/ic/846.html
2016-10-26 20:38:19,958 40714 [main] INFO  com.mm.marketgauge.util.LogHelper - Extracting data for sector:846
2016-10-26 20:38:20,240 40996 [main] INFO  com.mm.marketgauge.util.LogHelper - Downloadign data from url:https://biz.yahoo.com/ic/810.html
2016-10-26 20:38:20,520 41276 [main] INFO  com.mm.marketgauge.util.LogHelper - Extracting data for sector:810
2016-10-26 20:38:20,865 41621 [main] INFO  com.mm.marketgauge.util.LogHelper - Downloadign data from url:https://biz.yahoo.com/ic/836.html
2016-10-26 20:38:21,109 41865 [main] INFO  com.mm.marketgauge.util.LogHelper - Extracting data for sector:836
2016-10-26 20:38:21,458 42214 [main] INFO  com.mm.marketgauge.util.LogHelper - Downloadign data from url:https://biz.yahoo.com/ic/423.html
2016-10-26 20:38:21,690 42446 [main] INFO  com.mm.marketgauge.util.LogHelper - Extracting data for sector:423
2016-10-26 20:38:22,031 42787 [main] INFO  com.mm.marketgauge.util.LogHelper - Downloadign data from url:https://biz.yahoo.com/ic/622.html
2016-10-26 20:38:22,315 43071 [main] INFO  com.mm.marketgauge.util.LogHelper - Extracting data for sector:622
2016-10-26 20:38:22,637 43393 [main] INFO  com.mm.marketgauge.util.LogHelper - Downloadign data from url:https://biz.yahoo.com/ic/913.html
2016-10-26 20:38:22,930 43686 [main] INFO  com.mm.marketgauge.util.LogHelper - Extracting data for sector:913
2016-10-26 20:38:23,234 43990 [main] INFO  com.mm.marketgauge.util.LogHelper - Downloadign data from url:https://biz.yahoo.com/ic/513.html
2016-10-26 20:38:23,470 44226 [main] INFO  com.mm.marketgauge.util.LogHelper - Extracting data for sector:513
2016-10-26 20:38:23,794 44550 [main] INFO  com.mm.marketgauge.util.LogHelper - Downloadign data from url:https://biz.yahoo.com/ic/510.html
2016-10-26 20:38:24,038 44794 [main] INFO  com.mm.marketgauge.util.LogHelper - Extracting data for sector:510
2016-10-26 20:38:24,327 45083 [main] INFO  com.mm.marketgauge.util.LogHelper - Downloadign data from url:https://biz.yahoo.com/ic/511.html
2016-10-26 20:38:24,565 45321 [main] INFO  com.mm.marketgauge.util.LogHelper - Extracting data for sector:511
2016-10-26 20:38:24,848 45604 [main] INFO  com.mm.marketgauge.util.LogHelper - Downloadign data from url:https://biz.yahoo.com/ic/514.html
2016-10-26 20:38:25,125 45881 [main] INFO  com.mm.marketgauge.util.LogHelper - Extracting data for sector:514
2016-10-26 20:38:25,458 46214 [main] INFO  com.mm.marketgauge.util.LogHelper - Downloadign data from url:https://biz.yahoo.com/ic/733.html
2016-10-26 20:38:25,725 46481 [main] INFO  com.mm.marketgauge.util.LogHelper - Extracting data for sector:733
2016-10-26 20:38:26,079 46835 [main] INFO  com.mm.marketgauge.util.LogHelper - Downloadign data from url:https://biz.yahoo.com/ic/512.html
2016-10-26 20:38:26,373 47129 [main] INFO  com.mm.marketgauge.util.LogHelper - Extracting data for sector:512
2016-10-26 20:38:26,713 47469 [main] INFO  com.mm.marketgauge.util.LogHelper - Downloadign data from url:https://biz.yahoo.com/ic/756.html
2016-10-26 20:38:26,975 47731 [main] INFO  com.mm.marketgauge.util.LogHelper - Extracting data for sector:756
2016-10-26 20:38:27,317 48073 [main] INFO  com.mm.marketgauge.util.LogHelper - Downloadign data from url:https://biz.yahoo.com/ic/766.html
2016-10-26 20:38:27,657 48413 [main] INFO  com.mm.marketgauge.util.LogHelper - Extracting data for sector:766
2016-10-26 20:38:28,009 48765 [main] INFO  com.mm.marketgauge.util.LogHelper - Downloadign data from url:https://biz.yahoo.com/ic/911.html
2016-10-26 20:38:28,295 49051 [main] INFO  com.mm.marketgauge.util.LogHelper - Extracting data for sector:911
2016-10-26 20:38:28,649 49405 [main] INFO  com.mm.marketgauge.util.LogHelper - Downloadign data from url:https://biz.yahoo.com/ic/735.html
2016-10-26 20:38:28,937 49693 [main] INFO  com.mm.marketgauge.util.LogHelper - Extracting data for sector:735
2016-10-26 20:38:29,290 50046 [main] INFO  com.mm.marketgauge.util.LogHelper - Downloadign data from url:https://biz.yahoo.com/ic/753.html
2016-10-26 20:38:29,534 50290 [main] INFO  com.mm.marketgauge.util.LogHelper - Extracting data for sector:753
2016-10-26 20:38:29,799 50555 [main] INFO  com.mm.marketgauge.util.LogHelper - Downloadign data from url:https://biz.yahoo.com/ic/722.html
2016-10-26 20:38:30,083 50839 [main] INFO  com.mm.marketgauge.util.LogHelper - Extracting data for sector:722
2016-10-26 20:38:30,509 51265 [main] INFO  com.mm.marketgauge.util.LogHelper - Downloadign data from url:https://biz.yahoo.com/ic/620.html
2016-10-26 20:38:30,805 51561 [main] INFO  com.mm.marketgauge.util.LogHelper - Extracting data for sector:620
2016-10-26 20:38:31,144 51900 [main] INFO  com.mm.marketgauge.util.LogHelper - Downloadign data from url:https://biz.yahoo.com/ic/341.html
2016-10-26 20:38:31,381 52137 [main] INFO  com.mm.marketgauge.util.LogHelper - Extracting data for sector:341
2016-10-26 20:38:31,714 52470 [main] INFO  com.mm.marketgauge.util.LogHelper - Downloadign data from url:https://biz.yahoo.com/ic/340.html
2016-10-26 20:38:31,950 52706 [main] INFO  com.mm.marketgauge.util.LogHelper - Extracting data for sector:340
2016-10-26 20:38:32,322 53078 [main] INFO  com.mm.marketgauge.util.LogHelper - Downloadign data from url:https://biz.yahoo.com/ic/757.html
2016-10-26 20:38:32,564 53320 [main] INFO  com.mm.marketgauge.util.LogHelper - Extracting data for sector:757
2016-10-26 20:38:32,898 53654 [main] INFO  com.mm.marketgauge.util.LogHelper - Downloadign data from url:https://biz.yahoo.com/ic/417.html
2016-10-26 20:38:33,135 53891 [main] INFO  com.mm.marketgauge.util.LogHelper - Extracting data for sector:417
2016-10-26 20:38:33,461 54217 [main] INFO  com.mm.marketgauge.util.LogHelper - Downloadign data from url:https://biz.yahoo.com/ic/418.html
2016-10-26 20:38:33,743 54499 [main] INFO  com.mm.marketgauge.util.LogHelper - Extracting data for sector:418
2016-10-26 20:38:34,067 54823 [main] INFO  com.mm.marketgauge.util.LogHelper - Downloadign data from url:https://biz.yahoo.com/ic/910.html
2016-10-26 20:38:34,339 55095 [main] INFO  com.mm.marketgauge.util.LogHelper - Extracting data for sector:910
2016-10-26 20:38:34,665 55421 [main] INFO  com.mm.marketgauge.util.LogHelper - Downloadign data from url:https://biz.yahoo.com/ic/714.html
2016-10-26 20:38:34,908 55664 [main] INFO  com.mm.marketgauge.util.LogHelper - Extracting data for sector:714
2016-10-26 20:38:35,238 55994 [main] INFO  com.mm.marketgauge.util.LogHelper - Downloadign data from url:https://biz.yahoo.com/ic/912.html
2016-10-26 20:38:35,474 56230 [main] INFO  com.mm.marketgauge.util.LogHelper - Extracting data for sector:912
2016-10-26 20:38:35,747 56503 [main] INFO  com.mm.marketgauge.util.LogHelper - Downloadign data from url:https://biz.yahoo.com/ic/634.html
2016-10-26 20:38:36,006 56762 [main] INFO  com.mm.marketgauge.util.LogHelper - Extracting data for sector:634
2016-10-26 20:38:36,339 57095 [main] INFO  com.mm.marketgauge.util.LogHelper - Downloadign data from url:https://biz.yahoo.com/ic/636.html
2016-10-26 20:38:36,634 57390 [main] INFO  com.mm.marketgauge.util.LogHelper - Extracting data for sector:636
2016-10-26 20:38:36,976 57732 [main] INFO  com.mm.marketgauge.util.LogHelper - Downloadign data from url:https://biz.yahoo.com/ic/716.html
2016-10-26 20:38:37,222 57978 [main] INFO  com.mm.marketgauge.util.LogHelper - Extracting data for sector:716
2016-10-26 20:38:37,566 58322 [main] INFO  com.mm.marketgauge.util.LogHelper - Downloadign data from url:https://biz.yahoo.com/ic/134.html
2016-10-26 20:38:37,806 58562 [main] INFO  com.mm.marketgauge.util.LogHelper - Extracting data for sector:134
2016-10-26 20:38:38,082 58838 [main] INFO  com.mm.marketgauge.util.LogHelper - Downloadign data from url:https://biz.yahoo.com/ic/734.html
2016-10-26 20:38:38,349 59105 [main] INFO  com.mm.marketgauge.util.LogHelper - Extracting data for sector:734
2016-10-26 20:38:38,665 59421 [main] INFO  com.mm.marketgauge.util.LogHelper - Downloadign data from url:https://biz.yahoo.com/ic/522.html
2016-10-26 20:38:38,903 59659 [main] INFO  com.mm.marketgauge.util.LogHelper - Extracting data for sector:522
2016-10-26 20:38:39,223 59979 [main] INFO  com.mm.marketgauge.util.LogHelper - Downloadign data from url:https://biz.yahoo.com/ic/825.html
2016-10-26 20:38:39,510 60266 [main] INFO  com.mm.marketgauge.util.LogHelper - Extracting data for sector:825
2016-10-26 20:38:39,837 60593 [main] INFO  com.mm.marketgauge.util.LogHelper - Downloadign data from url:https://biz.yahoo.com/ic/635.html
2016-10-26 20:38:40,072 60828 [main] INFO  com.mm.marketgauge.util.LogHelper - Extracting data for sector:635
2016-10-26 20:38:40,406 61162 [main] INFO  com.mm.marketgauge.util.LogHelper - Downloadign data from url:https://biz.yahoo.com/ic/737.html
2016-10-26 20:38:40,644 61400 [main] INFO  com.mm.marketgauge.util.LogHelper - Extracting data for sector:737
2016-10-26 20:38:40,968 61724 [main] INFO  com.mm.marketgauge.util.LogHelper - Downloadign data from url:https://biz.yahoo.com/ic/311.html
2016-10-26 20:38:41,214 61970 [main] INFO  com.mm.marketgauge.util.LogHelper - Extracting data for sector:311
2016-10-26 20:38:41,545 62301 [main] INFO  com.mm.marketgauge.util.LogHelper - Downloadign data from url:https://biz.yahoo.com/ic/526.html
2016-10-26 20:38:41,811 62567 [main] INFO  com.mm.marketgauge.util.LogHelper - Extracting data for sector:526
2016-10-26 20:38:42,145 62901 [main] INFO  com.mm.marketgauge.util.LogHelper - Downloadign data from url:https://biz.yahoo.com/ic/736.html
2016-10-26 20:38:42,396 63152 [main] INFO  com.mm.marketgauge.util.LogHelper - Extracting data for sector:736
2016-10-26 20:38:42,745 63501 [main] INFO  com.mm.marketgauge.util.LogHelper - Downloadign data from url:https://biz.yahoo.com/ic/524.html
2016-10-26 20:38:42,985 63741 [main] INFO  com.mm.marketgauge.util.LogHelper - Extracting data for sector:524
2016-10-26 20:38:43,333 64089 [main] INFO  com.mm.marketgauge.util.LogHelper - Downloadign data from url:https://biz.yahoo.com/ic/312.html
2016-10-26 20:38:43,706 64462 [main] INFO  com.mm.marketgauge.util.LogHelper - Extracting data for sector:312
2016-10-26 20:38:43,916 64672 [main] INFO  com.mm.marketgauge.util.LogHelper - Downloadign data from url:https://biz.yahoo.com/ic/121.html
2016-10-26 20:38:44,159 64915 [main] INFO  com.mm.marketgauge.util.LogHelper - Extracting data for sector:121
2016-10-26 20:38:44,504 65260 [main] INFO  com.mm.marketgauge.util.LogHelper - Downloadign data from url:https://biz.yahoo.com/ic/627.html
2016-10-26 20:38:44,752 65508 [main] INFO  com.mm.marketgauge.util.LogHelper - Extracting data for sector:627
2016-10-26 20:38:45,072 65828 [main] INFO  com.mm.marketgauge.util.LogHelper - Downloadign data from url:https://biz.yahoo.com/ic/621.html
2016-10-26 20:38:45,330 66086 [main] INFO  com.mm.marketgauge.util.LogHelper - Extracting data for sector:621
2016-10-26 20:38:45,672 66428 [main] INFO  com.mm.marketgauge.util.LogHelper - Downloadign data from url:https://biz.yahoo.com/ic/752.html
2016-10-26 20:38:45,937 66693 [main] INFO  com.mm.marketgauge.util.LogHelper - Extracting data for sector:752
2016-10-26 20:38:46,542 67298 [main] INFO  com.mm.marketgauge.util.LogHelper - Downloadign data from url:https://biz.yahoo.com/ic/133.html
2016-10-26 20:38:46,811 67567 [main] INFO  com.mm.marketgauge.util.LogHelper - Extracting data for sector:133
2016-10-26 20:38:47,165 67921 [main] INFO  com.mm.marketgauge.util.LogHelper - Downloadign data from url:https://biz.yahoo.com/ic/827.html
2016-10-26 20:38:47,516 68272 [main] INFO  com.mm.marketgauge.util.LogHelper - Extracting data for sector:827
2016-10-26 20:38:48,096 68852 [main] INFO  com.mm.marketgauge.util.LogHelper - Downloadign data from url:https://biz.yahoo.com/ic/824.html
2016-10-26 20:38:48,353 69109 [main] INFO  com.mm.marketgauge.util.LogHelper - Extracting data for sector:824
2016-10-26 20:38:48,707 69463 [main] INFO  com.mm.marketgauge.util.LogHelper - Downloadign data from url:https://biz.yahoo.com/ic/434.html
2016-10-26 20:38:48,951 69707 [main] INFO  com.mm.marketgauge.util.LogHelper - Extracting data for sector:434
2016-10-26 20:38:49,217 69973 [main] INFO  com.mm.marketgauge.util.LogHelper - Downloadign data from url:https://biz.yahoo.com/ic/851.html
2016-10-26 20:38:49,473 70229 [main] INFO  com.mm.marketgauge.util.LogHelper - Extracting data for sector:851
2016-10-26 20:38:49,820 70576 [main] INFO  com.mm.marketgauge.util.LogHelper - Downloadign data from url:https://biz.yahoo.com/ic/850.html
2016-10-26 20:38:50,061 70817 [main] INFO  com.mm.marketgauge.util.LogHelper - Extracting data for sector:850
2016-10-26 20:38:50,418 71174 [main] INFO  com.mm.marketgauge.util.LogHelper - Downloadign data from url:https://biz.yahoo.com/ic/852.html
2016-10-26 20:38:50,678 71434 [main] INFO  com.mm.marketgauge.util.LogHelper - Extracting data for sector:852
2016-10-26 20:38:51,035 71791 [main] INFO  com.mm.marketgauge.util.LogHelper - Downloadign data from url:https://biz.yahoo.com/ic/420.html
2016-10-26 20:38:51,313 72069 [main] INFO  com.mm.marketgauge.util.LogHelper - Extracting data for sector:420
2016-10-26 20:38:51,648 72404 [main] INFO  com.mm.marketgauge.util.LogHelper - Downloadign data from url:https://biz.yahoo.com/ic/421.html
2016-10-26 20:38:51,976 72732 [main] INFO  com.mm.marketgauge.util.LogHelper - Extracting data for sector:421
2016-10-26 20:38:52,243 72999 [main] INFO  com.mm.marketgauge.util.LogHelper - Downloadign data from url:https://biz.yahoo.com/ic/742.html
2016-10-26 20:38:52,504 73260 [main] INFO  com.mm.marketgauge.util.LogHelper - Extracting data for sector:742
2016-10-26 20:38:52,856 73612 [main] INFO  com.mm.marketgauge.util.LogHelper - Downloadign data from url:https://biz.yahoo.com/ic/430.html
2016-10-26 20:38:53,094 73850 [main] INFO  com.mm.marketgauge.util.LogHelper - Extracting data for sector:430
2016-10-26 20:38:53,279 74035 [main] INFO  com.mm.marketgauge.util.LogHelper - Exception while fetching 430 
java.nio.charset.UnmappableCharacterException: Input length = 1
2016-10-26 20:38:53,281 74037 [main] INFO  com.mm.marketgauge.util.LogHelper - Downloadign data from url:https://biz.yahoo.com/ic/710.html
2016-10-26 20:38:53,632 74388 [main] INFO  com.mm.marketgauge.util.LogHelper - Extracting data for sector:710
2016-10-26 20:38:53,964 74720 [main] INFO  com.mm.marketgauge.util.LogHelper - Downloadign data from url:https://biz.yahoo.com/ic/843.html
2016-10-26 20:38:54,218 74974 [main] INFO  com.mm.marketgauge.util.LogHelper - Extracting data for sector:843
2016-10-26 20:38:54,560 75316 [main] INFO  com.mm.marketgauge.util.LogHelper - Downloadign data from url:https://biz.yahoo.com/ic/523.html
2016-10-26 20:38:54,798 75554 [main] INFO  com.mm.marketgauge.util.LogHelper - Extracting data for sector:523
2016-10-26 20:38:55,125 75881 [main] INFO  com.mm.marketgauge.util.LogHelper - Downloadign data from url:https://biz.yahoo.com/ic/632.html
2016-10-26 20:38:55,404 76160 [main] INFO  com.mm.marketgauge.util.LogHelper - Extracting data for sector:632
2016-10-26 20:38:55,670 76426 [main] INFO  com.mm.marketgauge.util.LogHelper - Downloadign data from url:https://biz.yahoo.com/ic/624.html
2016-10-26 20:38:55,951 76707 [main] INFO  com.mm.marketgauge.util.LogHelper - Extracting data for sector:624
2016-10-26 20:38:56,292 77048 [main] INFO  com.mm.marketgauge.util.LogHelper - Downloadign data from url:https://biz.yahoo.com/ic/770.html
2016-10-26 20:38:56,581 77337 [main] INFO  com.mm.marketgauge.util.LogHelper - Extracting data for sector:770
2016-10-26 20:38:56,910 77666 [main] INFO  com.mm.marketgauge.util.LogHelper - Downloadign data from url:https://biz.yahoo.com/ic/120.html
2016-10-26 20:38:57,169 77925 [main] INFO  com.mm.marketgauge.util.LogHelper - Extracting data for sector:120
2016-10-26 20:38:57,517 78273 [main] INFO  com.mm.marketgauge.util.LogHelper - Downloadign data from url:https://biz.yahoo.com/ic/769.html
2016-10-26 20:38:57,778 78534 [main] INFO  com.mm.marketgauge.util.LogHelper - Extracting data for sector:769
2016-10-26 20:38:58,128 78884 [main] INFO  com.mm.marketgauge.util.LogHelper - Downloadign data from url:https://biz.yahoo.com/ic/631.html
2016-10-26 20:38:58,386 79142 [main] INFO  com.mm.marketgauge.util.LogHelper - Extracting data for sector:631
2016-10-26 20:38:58,706 79462 [main] INFO  com.mm.marketgauge.util.LogHelper - Downloadign data from url:https://biz.yahoo.com/ic/721.html
2016-10-26 20:38:59,021 79777 [main] INFO  com.mm.marketgauge.util.LogHelper - Extracting data for sector:721
2016-10-26 20:38:59,373 80129 [main] INFO  com.mm.marketgauge.util.LogHelper - Downloadign data from url:https://biz.yahoo.com/ic/343.html
2016-10-26 20:38:59,683 80439 [main] INFO  com.mm.marketgauge.util.LogHelper - Extracting data for sector:343
2016-10-26 20:39:00,036 80792 [main] INFO  com.mm.marketgauge.util.LogHelper - Downloadign data from url:https://biz.yahoo.com/ic/521.html
2016-10-26 20:39:00,285 81041 [main] INFO  com.mm.marketgauge.util.LogHelper - Extracting data for sector:521
2016-10-26 20:39:00,643 81399 [main] INFO  com.mm.marketgauge.util.LogHelper - Downloadign data from url:https://biz.yahoo.com/ic/754.html
2016-10-26 20:39:00,885 81641 [main] INFO  com.mm.marketgauge.util.LogHelper - Extracting data for sector:754
2016-10-26 20:39:01,215 81971 [main] INFO  com.mm.marketgauge.util.LogHelper - Downloadign data from url:https://biz.yahoo.com/ic/520.html
2016-10-26 20:39:01,461 82217 [main] INFO  com.mm.marketgauge.util.LogHelper - Extracting data for sector:520
2016-10-26 20:39:01,821 82577 [main] INFO  com.mm.marketgauge.util.LogHelper - Downloadign data from url:https://biz.yahoo.com/ic/525.html
2016-10-26 20:39:02,108 82864 [main] INFO  com.mm.marketgauge.util.LogHelper - Extracting data for sector:525
2016-10-26 20:39:02,704 83460 [main] INFO  com.mm.marketgauge.util.LogHelper - Downloadign data from url:https://biz.yahoo.com/ic/527.html
2016-10-26 20:39:02,953 83709 [main] INFO  com.mm.marketgauge.util.LogHelper - Extracting data for sector:527
2016-10-26 20:39:03,314 84070 [main] INFO  com.mm.marketgauge.util.LogHelper - Downloadign data from url:https://biz.yahoo.com/ic/626.html
2016-10-26 20:39:03,561 84317 [main] INFO  com.mm.marketgauge.util.LogHelper - Extracting data for sector:626
2016-10-26 20:39:03,916 84672 [main] INFO  com.mm.marketgauge.util.LogHelper - Downloadign data from url:https://biz.yahoo.com/ic/410.html
2016-10-26 20:39:04,211 84967 [main] INFO  com.mm.marketgauge.util.LogHelper - Extracting data for sector:410
2016-10-26 20:39:04,550 85306 [main] INFO  com.mm.marketgauge.util.LogHelper - Downloadign data from url:https://biz.yahoo.com/ic/447.html
2016-10-26 20:39:04,811 85567 [main] INFO  com.mm.marketgauge.util.LogHelper - Extracting data for sector:447
2016-10-26 20:39:05,153 85909 [main] INFO  com.mm.marketgauge.util.LogHelper - Downloadign data from url:https://biz.yahoo.com/ic/820.html
2016-10-26 20:39:05,427 86183 [main] INFO  com.mm.marketgauge.util.LogHelper - Extracting data for sector:820
2016-10-26 20:39:05,782 86538 [main] INFO  com.mm.marketgauge.util.LogHelper - Downloadign data from url:https://biz.yahoo.com/ic/743.html
2016-10-26 20:39:06,074 86830 [main] INFO  com.mm.marketgauge.util.LogHelper - Extracting data for sector:743
2016-10-26 20:39:06,399 87155 [main] INFO  com.mm.marketgauge.util.LogHelper - Downloadign data from url:https://biz.yahoo.com/ic/814.html
2016-10-26 20:39:06,655 87411 [main] INFO  com.mm.marketgauge.util.LogHelper - Extracting data for sector:814
2016-10-26 20:39:07,000 87756 [main] INFO  com.mm.marketgauge.util.LogHelper - Downloadign data from url:https://biz.yahoo.com/ic/136.html
2016-10-26 20:39:07,367 88123 [main] INFO  com.mm.marketgauge.util.LogHelper - Extracting data for sector:136
2016-10-26 20:39:07,701 88457 [main] INFO  com.mm.marketgauge.util.LogHelper - Downloadign data from url:https://biz.yahoo.com/ic/327.html
2016-10-26 20:39:07,937 88693 [main] INFO  com.mm.marketgauge.util.LogHelper - Extracting data for sector:327
2016-10-26 20:39:08,280 89036 [main] INFO  com.mm.marketgauge.util.LogHelper - Downloadign data from url:https://biz.yahoo.com/ic/123.html
2016-10-26 20:39:08,579 89335 [main] INFO  com.mm.marketgauge.util.LogHelper - Extracting data for sector:123
2016-10-26 20:39:08,923 89679 [main] INFO  com.mm.marketgauge.util.LogHelper - Downloadign data from url:https://biz.yahoo.com/ic/124.html
2016-10-26 20:39:09,163 89919 [main] INFO  com.mm.marketgauge.util.LogHelper - Extracting data for sector:124
2016-10-26 20:39:09,658 90414 [main] INFO  com.mm.marketgauge.util.LogHelper - Downloadign data from url:https://biz.yahoo.com/ic/125.html
2016-10-26 20:39:09,893 90649 [main] INFO  com.mm.marketgauge.util.LogHelper - Extracting data for sector:125
2016-10-26 20:39:10,229 90985 [main] INFO  com.mm.marketgauge.util.LogHelper - Downloadign data from url:https://biz.yahoo.com/ic/122.html
2016-10-26 20:39:10,472 91228 [main] INFO  com.mm.marketgauge.util.LogHelper - Extracting data for sector:122
2016-10-26 20:39:10,826 91582 [main] INFO  com.mm.marketgauge.util.LogHelper - Downloadign data from url:https://biz.yahoo.com/ic/325.html
2016-10-26 20:39:11,082 91838 [main] INFO  com.mm.marketgauge.util.LogHelper - Extracting data for sector:325
2016-10-26 20:39:11,605 92361 [main] INFO  com.mm.marketgauge.util.LogHelper - Downloadign data from url:https://biz.yahoo.com/ic/324.html
2016-10-26 20:39:11,911 92667 [main] INFO  com.mm.marketgauge.util.LogHelper - Extracting data for sector:324
2016-10-26 20:39:12,486 93242 [main] INFO  com.mm.marketgauge.util.LogHelper - Downloadign data from url:https://biz.yahoo.com/ic/811.html
2016-10-26 20:39:12,747 93503 [main] INFO  com.mm.marketgauge.util.LogHelper - Extracting data for sector:811
2016-10-26 20:39:13,079 93835 [main] INFO  com.mm.marketgauge.util.LogHelper - Downloadign data from url:https://biz.yahoo.com/ic/323.html
2016-10-26 20:39:13,313 94069 [main] INFO  com.mm.marketgauge.util.LogHelper - Extracting data for sector:323
2016-10-26 20:39:13,894 94650 [main] INFO  com.mm.marketgauge.util.LogHelper - Downloadign data from url:https://biz.yahoo.com/ic/762.html
2016-10-26 20:39:14,134 94890 [main] INFO  com.mm.marketgauge.util.LogHelper - Extracting data for sector:762
2016-10-26 20:39:14,469 95225 [main] INFO  com.mm.marketgauge.util.LogHelper - Downloadign data from url:https://biz.yahoo.com/ic/318.html
2016-10-26 20:39:14,748 95504 [main] INFO  com.mm.marketgauge.util.LogHelper - Extracting data for sector:318
2016-10-26 20:39:15,088 95844 [main] INFO  com.mm.marketgauge.util.LogHelper - Downloadign data from url:https://biz.yahoo.com/ic/623.html
2016-10-26 20:39:15,345 96101 [main] INFO  com.mm.marketgauge.util.LogHelper - Extracting data for sector:623
2016-10-26 20:39:15,672 96428 [main] INFO  com.mm.marketgauge.util.LogHelper - Downloadign data from url:https://biz.yahoo.com/ic/835.html
2016-10-26 20:39:15,929 96685 [main] INFO  com.mm.marketgauge.util.LogHelper - Extracting data for sector:835
2016-10-26 20:39:16,291 97047 [main] INFO  com.mm.marketgauge.util.LogHelper - Downloadign data from url:https://biz.yahoo.com/ic/342.html
2016-10-26 20:39:16,545 97301 [main] INFO  com.mm.marketgauge.util.LogHelper - Extracting data for sector:342
2016-10-26 20:39:16,900 97656 [main] INFO  com.mm.marketgauge.util.LogHelper - Downloadign data from url:https://biz.yahoo.com/ic/842.html
2016-10-26 20:39:17,221 97977 [main] INFO  com.mm.marketgauge.util.LogHelper - Extracting data for sector:842
2016-10-26 20:39:17,584 98340 [main] INFO  com.mm.marketgauge.util.LogHelper - Downloadign data from url:https://biz.yahoo.com/ic/432.html
2016-10-26 20:39:17,828 98584 [main] INFO  com.mm.marketgauge.util.LogHelper - Extracting data for sector:432
2016-10-26 20:39:18,177 98933 [main] INFO  com.mm.marketgauge.util.LogHelper - Downloadign data from url:https://biz.yahoo.com/ic/448.html
2016-10-26 20:39:18,476 99232 [main] INFO  com.mm.marketgauge.util.LogHelper - Extracting data for sector:448
2016-10-26 20:39:18,796 99552 [main] INFO  com.mm.marketgauge.util.LogHelper - Downloadign data from url:https://biz.yahoo.com/ic/729.html
2016-10-26 20:39:19,035 99791 [main] INFO  com.mm.marketgauge.util.LogHelper - Extracting data for sector:729
2016-10-26 20:39:19,355 100111 [main] INFO  com.mm.marketgauge.util.LogHelper - Downloadign data from url:https://biz.yahoo.com/ic/727.html
2016-10-26 20:39:19,698 100454 [main] INFO  com.mm.marketgauge.util.LogHelper - Extracting data for sector:727
2016-10-26 20:39:19,965 100721 [main] INFO  com.mm.marketgauge.util.LogHelper - Downloadign data from url:https://biz.yahoo.com/ic/728.html
2016-10-26 20:39:20,205 100961 [main] INFO  com.mm.marketgauge.util.LogHelper - Extracting data for sector:728
2016-10-26 20:39:20,470 101226 [main] INFO  com.mm.marketgauge.util.LogHelper - Downloadign data from url:https://biz.yahoo.com/ic/440.html
2016-10-26 20:39:20,739 101495 [main] INFO  com.mm.marketgauge.util.LogHelper - Extracting data for sector:440
2016-10-26 20:39:21,012 101768 [main] INFO  com.mm.marketgauge.util.LogHelper - Downloadign data from url:https://biz.yahoo.com/ic/442.html
2016-10-26 20:39:21,279 102035 [main] INFO  com.mm.marketgauge.util.LogHelper - Extracting data for sector:442
2016-10-26 20:39:21,553 102309 [main] INFO  com.mm.marketgauge.util.LogHelper - Downloadign data from url:https://biz.yahoo.com/ic/443.html
2016-10-26 20:39:21,806 102562 [main] INFO  com.mm.marketgauge.util.LogHelper - Extracting data for sector:443
2016-10-26 20:39:22,146 102902 [main] INFO  com.mm.marketgauge.util.LogHelper - Downloadign data from url:https://biz.yahoo.com/ic/444.html
2016-10-26 20:39:22,423 103179 [main] INFO  com.mm.marketgauge.util.LogHelper - Extracting data for sector:444
2016-10-26 20:39:22,756 103512 [main] INFO  com.mm.marketgauge.util.LogHelper - Downloadign data from url:https://biz.yahoo.com/ic/441.html
2016-10-26 20:39:23,035 103791 [main] INFO  com.mm.marketgauge.util.LogHelper - Extracting data for sector:441
2016-10-26 20:39:23,369 104125 [main] INFO  com.mm.marketgauge.util.LogHelper - Downloadign data from url:https://biz.yahoo.com/ic/445.html
2016-10-26 20:39:23,629 104385 [main] INFO  com.mm.marketgauge.util.LogHelper - Extracting data for sector:445
2016-10-26 20:39:23,963 104719 [main] INFO  com.mm.marketgauge.util.LogHelper - Downloadign data from url:https://biz.yahoo.com/ic/446.html
2016-10-26 20:39:24,265 105021 [main] INFO  com.mm.marketgauge.util.LogHelper - Extracting data for sector:446
2016-10-26 20:39:24,584 105340 [main] INFO  com.mm.marketgauge.util.LogHelper - Downloadign data from url:https://biz.yahoo.com/ic/776.html
2016-10-26 20:39:24,848 105604 [main] INFO  com.mm.marketgauge.util.LogHelper - Extracting data for sector:776
2016-10-26 20:39:25,214 105970 [main] INFO  com.mm.marketgauge.util.LogHelper - Downloadign data from url:https://biz.yahoo.com/ic/449.html
2016-10-26 20:39:25,476 106232 [main] INFO  com.mm.marketgauge.util.LogHelper - Extracting data for sector:449
2016-10-26 20:39:25,749 106505 [main] INFO  com.mm.marketgauge.util.LogHelper - Downloadign data from url:https://biz.yahoo.com/ic/317.html
2016-10-26 20:39:26,018 106774 [main] INFO  com.mm.marketgauge.util.LogHelper - Extracting data for sector:317
2016-10-26 20:39:26,362 107118 [main] INFO  com.mm.marketgauge.util.LogHelper - Downloadign data from url:https://biz.yahoo.com/ic/332.html
2016-10-26 20:39:26,609 107365 [main] INFO  com.mm.marketgauge.util.LogHelper - Extracting data for sector:332
2016-10-26 20:39:26,955 107711 [main] INFO  com.mm.marketgauge.util.LogHelper - Downloadign data from url:https://biz.yahoo.com/ic/412.html
2016-10-26 20:39:27,213 107969 [main] INFO  com.mm.marketgauge.util.LogHelper - Extracting data for sector:412
2016-10-26 20:39:27,560 108316 [main] INFO  com.mm.marketgauge.util.LogHelper - Downloadign data from url:https://biz.yahoo.com/ic/414.html
2016-10-26 20:39:27,819 108575 [main] INFO  com.mm.marketgauge.util.LogHelper - Extracting data for sector:414
2016-10-26 20:39:28,010 108766 [main] INFO  com.mm.marketgauge.util.LogHelper - Exception while fetching 414 
java.nio.charset.UnmappableCharacterException: Input length = 1
2016-10-26 20:39:28,010 108766 [main] INFO  com.mm.marketgauge.util.LogHelper - Downloadign data from url:https://biz.yahoo.com/ic/411.html
2016-10-26 20:39:28,319 109075 [main] INFO  com.mm.marketgauge.util.LogHelper - Extracting data for sector:411
2016-10-26 20:39:28,665 109421 [main] INFO  com.mm.marketgauge.util.LogHelper - Downloadign data from url:https://biz.yahoo.com/ic/416.html
2016-10-26 20:39:28,916 109672 [main] INFO  com.mm.marketgauge.util.LogHelper - Extracting data for sector:416
2016-10-26 20:39:29,270 110026 [main] INFO  com.mm.marketgauge.util.LogHelper - Downloadign data from url:https://biz.yahoo.com/ic/413.html
2016-10-26 20:39:29,528 110284 [main] INFO  com.mm.marketgauge.util.LogHelper - Extracting data for sector:413
2016-10-26 20:39:29,872 110628 [main] INFO  com.mm.marketgauge.util.LogHelper - Downloadign data from url:https://biz.yahoo.com/ic/415.html
2016-10-26 20:39:30,132 110888 [main] INFO  com.mm.marketgauge.util.LogHelper - Extracting data for sector:415
2016-10-26 20:39:30,458 111214 [main] INFO  com.mm.marketgauge.util.LogHelper - Downloadign data from url:https://biz.yahoo.com/ic/771.html
2016-10-26 20:39:30,707 111463 [main] INFO  com.mm.marketgauge.util.LogHelper - Extracting data for sector:771
2016-10-26 20:39:31,047 111803 [main] INFO  com.mm.marketgauge.util.LogHelper - Downloadign data from url:https://biz.yahoo.com/ic/761.html
2016-10-26 20:39:31,324 112080 [main] INFO  com.mm.marketgauge.util.LogHelper - Extracting data for sector:761
2016-10-26 20:39:31,649 112405 [main] INFO  com.mm.marketgauge.util.LogHelper - Downloadign data from url:https://biz.yahoo.com/ic/768.html
2016-10-26 20:39:31,922 112678 [main] INFO  com.mm.marketgauge.util.LogHelper - Extracting data for sector:768
2016-10-26 20:39:32,257 113013 [main] INFO  com.mm.marketgauge.util.LogHelper - Downloadign data from url:https://biz.yahoo.com/ic/630.html
2016-10-26 20:39:32,514 113270 [main] INFO  com.mm.marketgauge.util.LogHelper - Extracting data for sector:630
2016-10-26 20:39:32,847 113603 [main] INFO  com.mm.marketgauge.util.LogHelper - Downloadign data from url:https://biz.yahoo.com/ic/711.html
2016-10-26 20:39:33,085 113841 [main] INFO  com.mm.marketgauge.util.LogHelper - Extracting data for sector:711
2016-10-26 20:39:33,431 114187 [main] INFO  com.mm.marketgauge.util.LogHelper - Downloadign data from url:https://biz.yahoo.com/ic/712.html
2016-10-26 20:39:33,679 114435 [main] INFO  com.mm.marketgauge.util.LogHelper - Extracting data for sector:712
2016-10-26 20:39:34,038 114794 [main] INFO  com.mm.marketgauge.util.LogHelper - Downloadign data from url:https://biz.yahoo.com/ic/322.html
2016-10-26 20:39:34,298 115054 [main] INFO  com.mm.marketgauge.util.LogHelper - Extracting data for sector:322
2016-10-26 20:39:34,642 115398 [main] INFO  com.mm.marketgauge.util.LogHelper - Downloadign data from url:https://biz.yahoo.com/ic/419.html
2016-10-26 20:39:34,882 115638 [main] INFO  com.mm.marketgauge.util.LogHelper - Extracting data for sector:419
2016-10-26 20:39:35,311 116067 [main] INFO  com.mm.marketgauge.util.LogHelper - Downloadign data from url:https://biz.yahoo.com/ic/837.html
2016-10-26 20:39:35,577 116333 [main] INFO  com.mm.marketgauge.util.LogHelper - Extracting data for sector:837
2016-10-26 20:39:35,910 116666 [main] INFO  com.mm.marketgauge.util.LogHelper - Downloadign data from url:https://biz.yahoo.com/ic/765.html
2016-10-26 20:39:36,145 116901 [main] INFO  com.mm.marketgauge.util.LogHelper - Extracting data for sector:765
2016-10-26 20:39:36,555 117311 [main] INFO  com.mm.marketgauge.util.LogHelper - Downloadign data from url:https://biz.yahoo.com/ic/823.html
2016-10-26 20:39:36,797 117553 [main] INFO  com.mm.marketgauge.util.LogHelper - Extracting data for sector:823
2016-10-26 20:39:37,146 117902 [main] INFO  com.mm.marketgauge.util.LogHelper - Downloadign data from url:https://biz.yahoo.com/ic/830.html
2016-10-26 20:39:37,423 118179 [main] INFO  com.mm.marketgauge.util.LogHelper - Extracting data for sector:830
2016-10-26 20:39:37,754 118510 [main] INFO  com.mm.marketgauge.util.LogHelper - Downloadign data from url:https://biz.yahoo.com/ic/833.html
2016-10-26 20:39:38,004 118760 [main] INFO  com.mm.marketgauge.util.LogHelper - Extracting data for sector:833
2016-10-26 20:39:38,348 119104 [main] INFO  com.mm.marketgauge.util.LogHelper - Downloadign data from url:https://biz.yahoo.com/ic/832.html
2016-10-26 20:39:38,653 119409 [main] INFO  com.mm.marketgauge.util.LogHelper - Extracting data for sector:832
2016-10-26 20:39:38,984 119740 [main] INFO  com.mm.marketgauge.util.LogHelper - Downloadign data from url:https://biz.yahoo.com/ic/834.html
2016-10-26 20:39:39,263 120019 [main] INFO  com.mm.marketgauge.util.LogHelper - Extracting data for sector:834
2016-10-26 20:39:39,618 120374 [main] INFO  com.mm.marketgauge.util.LogHelper - Downloadign data from url:https://biz.yahoo.com/ic/831.html
2016-10-26 20:39:39,934 120690 [main] INFO  com.mm.marketgauge.util.LogHelper - Extracting data for sector:831
2016-10-26 20:39:40,294 121050 [main] INFO  com.mm.marketgauge.util.LogHelper - Downloadign data from url:https://biz.yahoo.com/ic/775.html
2016-10-26 20:39:40,535 121291 [main] INFO  com.mm.marketgauge.util.LogHelper - Extracting data for sector:775
2016-10-26 20:39:40,866 121622 [main] INFO  com.mm.marketgauge.util.LogHelper - Downloadign data from url:https://biz.yahoo.com/ic/135.html
2016-10-26 20:39:41,114 121870 [main] INFO  com.mm.marketgauge.util.LogHelper - Extracting data for sector:135
2016-10-26 20:39:41,455 122211 [main] INFO  com.mm.marketgauge.util.LogHelper - Downloadign data from url:https://biz.yahoo.com/ic/625.html
2016-10-26 20:39:41,717 122473 [main] INFO  com.mm.marketgauge.util.LogHelper - Extracting data for sector:625
2016-10-26 20:39:42,054 122810 [main] INFO  com.mm.marketgauge.util.LogHelper - Downloadign data from url:https://biz.yahoo.com/ic/528.html
2016-10-26 20:39:42,306 123062 [main] INFO  com.mm.marketgauge.util.LogHelper - Extracting data for sector:528
2016-10-26 20:39:42,648 123404 [main] INFO  com.mm.marketgauge.util.LogHelper - Downloadign data from url:https://biz.yahoo.com/ic/113.html
2016-10-26 20:39:42,942 123698 [main] INFO  com.mm.marketgauge.util.LogHelper - Extracting data for sector:113
2016-10-26 20:39:43,286 124042 [main] INFO  com.mm.marketgauge.util.LogHelper - Downloadign data from url:https://biz.yahoo.com/ic/713.html
2016-10-26 20:39:43,527 124283 [main] INFO  com.mm.marketgauge.util.LogHelper - Extracting data for sector:713
2016-10-26 20:39:43,855 124611 [main] INFO  com.mm.marketgauge.util.LogHelper - Downloadign data from url:https://biz.yahoo.com/ic/745.html
2016-10-26 20:39:44,113 124869 [main] INFO  com.mm.marketgauge.util.LogHelper - Extracting data for sector:745
2016-10-26 20:39:44,449 125205 [main] INFO  com.mm.marketgauge.util.LogHelper - Downloadign data from url:https://biz.yahoo.com/ic/715.html
2016-10-26 20:39:44,702 125458 [main] INFO  com.mm.marketgauge.util.LogHelper - Extracting data for sector:715
2016-10-26 20:39:46,215 126971 [main] INFO  com.mm.marketgauge.util.LogHelper - Downloadign data from url:https://biz.yahoo.com/ic/316.html
2016-10-26 20:39:46,567 127323 [main] INFO  com.mm.marketgauge.util.LogHelper - Extracting data for sector:316
2016-10-26 20:39:46,888 127644 [main] INFO  com.mm.marketgauge.util.LogHelper - Downloadign data from url:https://biz.yahoo.com/ic/740.html
2016-10-26 20:39:47,121 127877 [main] INFO  com.mm.marketgauge.util.LogHelper - Extracting data for sector:740
2016-10-26 20:39:47,460 128216 [main] INFO  com.mm.marketgauge.util.LogHelper - Downloadign data from url:https://biz.yahoo.com/ic/764.html
2016-10-26 20:39:47,714 128470 [main] INFO  com.mm.marketgauge.util.LogHelper - Extracting data for sector:764
2016-10-26 20:39:48,056 128812 [main] INFO  com.mm.marketgauge.util.LogHelper - Downloadign data from url:https://biz.yahoo.com/ic/130.html
2016-10-26 20:39:48,357 129113 [main] INFO  com.mm.marketgauge.util.LogHelper - Extracting data for sector:130
2016-10-26 20:39:48,697 129453 [main] INFO  com.mm.marketgauge.util.LogHelper - Downloadign data from url:https://biz.yahoo.com/ic/433.html
2016-10-26 20:39:48,947 129703 [main] INFO  com.mm.marketgauge.util.LogHelper - Extracting data for sector:433
2016-10-26 20:39:49,265 130021 [main] INFO  com.mm.marketgauge.util.LogHelper - Downloadign data from url:https://biz.yahoo.com/ic/111.html
2016-10-26 20:39:49,554 130310 [main] INFO  com.mm.marketgauge.util.LogHelper - Extracting data for sector:111
2016-10-26 20:39:49,894 130650 [main] INFO  com.mm.marketgauge.util.LogHelper - Downloadign data from url:https://biz.yahoo.com/ic/822.html
2016-10-26 20:39:50,241 130997 [main] INFO  com.mm.marketgauge.util.LogHelper - Extracting data for sector:822
2016-10-26 20:39:50,650 131406 [main] INFO  com.mm.marketgauge.util.LogHelper - Downloadign data from url:https://biz.yahoo.com/ic/767.html
2016-10-26 20:39:50,954 131710 [main] INFO  com.mm.marketgauge.util.LogHelper - Extracting data for sector:767
2016-10-26 20:39:51,293 132049 [main] INFO  com.mm.marketgauge.util.LogHelper - Downloadign data from url:https://biz.yahoo.com/ic/844.html
2016-10-26 20:39:51,527 132283 [main] INFO  com.mm.marketgauge.util.LogHelper - Extracting data for sector:844
2016-10-26 20:39:51,872 132628 [main] INFO  com.mm.marketgauge.util.LogHelper - Downloadign data from url:https://biz.yahoo.com/ic/845.html
2016-10-26 20:39:52,127 132883 [main] INFO  com.mm.marketgauge.util.LogHelper - Extracting data for sector:845
2016-10-26 20:39:52,462 133218 [main] INFO  com.mm.marketgauge.util.LogHelper - Downloadign data from url:https://biz.yahoo.com/ic/320.html
2016-10-26 20:39:52,709 133465 [main] INFO  com.mm.marketgauge.util.LogHelper - Extracting data for sector:320
2016-10-26 20:39:53,052 133808 [main] INFO  com.mm.marketgauge.util.LogHelper - Downloadign data from url:https://biz.yahoo.com/ic/321.html
2016-10-26 20:39:53,355 134111 [main] INFO  com.mm.marketgauge.util.LogHelper - Extracting data for sector:321
2016-10-26 20:39:53,716 134472 [main] INFO  com.mm.marketgauge.util.LogHelper - Downloadign data from url:https://biz.yahoo.com/ic/628.html
2016-10-26 20:39:53,958 134714 [main] INFO  com.mm.marketgauge.util.LogHelper - Extracting data for sector:628
2016-10-26 20:39:54,301 135057 [main] INFO  com.mm.marketgauge.util.LogHelper - Downloadign data from url:https://biz.yahoo.com/ic/351.html
2016-10-26 20:39:54,557 135313 [main] INFO  com.mm.marketgauge.util.LogHelper - Extracting data for sector:351
2016-10-26 20:39:54,827 135583 [main] INFO  com.mm.marketgauge.util.LogHelper - Downloadign data from url:https://biz.yahoo.com/ic/741.html
2016-10-26 20:39:55,127 135883 [main] INFO  com.mm.marketgauge.util.LogHelper - Extracting data for sector:741
2016-10-26 20:39:55,460 136216 [main] INFO  com.mm.marketgauge.util.LogHelper - Downloadign data from url:https://biz.yahoo.com/ic/315.html
2016-10-26 20:39:55,717 136473 [main] INFO  com.mm.marketgauge.util.LogHelper - Extracting data for sector:315
2016-10-26 20:39:55,898 136654 [main] INFO  com.mm.marketgauge.util.LogHelper - Exception while fetching 315 
java.nio.charset.UnmappableCharacterException: Input length = 1
2016-10-26 20:39:55,898 136654 [main] INFO  com.mm.marketgauge.util.LogHelper - Downloadign data from url:https://biz.yahoo.com/ic/774.html
2016-10-26 20:39:56,238 136994 [main] INFO  com.mm.marketgauge.util.LogHelper - Extracting data for sector:774
2016-10-26 20:39:56,563 137319 [main] INFO  com.mm.marketgauge.util.LogHelper - Downloadign data from url:https://biz.yahoo.com/ic/331.html
2016-10-26 20:39:56,959 137715 [main] INFO  com.mm.marketgauge.util.LogHelper - Extracting data for sector:331
2016-10-26 20:39:57,290 138046 [main] INFO  com.mm.marketgauge.util.LogHelper - Downloadign data from url:https://biz.yahoo.com/ic/637.html
2016-10-26 20:39:57,587 138343 [main] INFO  com.mm.marketgauge.util.LogHelper - Extracting data for sector:637
2016-10-26 20:39:57,921 138677 [main] INFO  com.mm.marketgauge.util.LogHelper - Downloadign data from url:https://biz.yahoo.com/ic/914.html
2016-10-26 20:39:58,187 138943 [main] INFO  com.mm.marketgauge.util.LogHelper - Extracting data for sector:914
2016-10-26 20:39:58,540 139296 [main] INFO  com.mm.marketgauge.util.LogHelper - Downloadign data from url:https://biz.yahoo.com/ic/759.html
2016-10-26 20:39:58,821 139577 [main] INFO  com.mm.marketgauge.util.LogHelper - Extracting data for sector:759
2016-10-26 20:39:59,165 139921 [main] INFO  com.mm.marketgauge.util.LogHelper - Downloadign data from url:https://biz.yahoo.com/ic/840.html
2016-10-26 20:39:59,417 140173 [main] INFO  com.mm.marketgauge.util.LogHelper - Extracting data for sector:840
2016-10-26 20:39:59,690 140446 [main] INFO  com.mm.marketgauge.util.LogHelper - Got all sectors...
2016-10-26 20:40:02,338 143094 [main] INFO  com.mm.marketgauge.util.LogHelper - Inserted 209 rows..Now notifying...with topic:arn:aws:sns:us-west-2:049597339122:MarketSectorApp
