2017-04-21 23:04:39,683 932  [main] INFO  c.m.m.loaders.LoaderExecutor$ - loader to launch is:prices
2017-04-21 23:04:39,784 1033 [main] INFO  c.m.m.loaders.DataLoader$$anon$3 - Loading all sectors.....
2017-04-21 23:04:39,786 1035 [main] INFO  c.m.m.loaders.DataLoader$$anon$3 - false
2017-04-21 23:04:39,790 1039 [main] INFO  c.m.m.p.PersistenceServiceFactory$$anon$5 - true
2017-04-21 23:06:17,282 1241 [main] INFO  c.m.m.loaders.LoaderExecutor$ - loader to launch is:prices
2017-04-21 23:06:17,954 1913 [main] INFO  c.m.m.loaders.DataLoader$$anon$3 - Loading all sectors.....
2017-04-21 23:06:17,977 1936 [main] INFO  c.m.m.loaders.DataLoader$$anon$3 - false
2017-04-21 23:06:18,000 1959 [main] INFO  c.m.m.p.PersistenceServiceFactory$$anon$5 - true
2017-04-21 23:09:44,476 1351 [main] INFO  c.m.m.loaders.LoaderExecutor$ - loader to launch is:prices
2017-04-21 23:09:44,697 1572 [main] INFO  c.m.m.loaders.DataLoader$$anon$3 - Loading all sectors.....
2017-04-21 23:09:44,700 1575 [main] INFO  c.m.m.loaders.DataLoader$$anon$3 - false
2017-04-21 23:09:44,713 1588 [main] INFO  c.m.m.p.PersistenceServiceFactory$$anon$5 - true
2017-04-21 23:12:40,405 1136 [main] INFO  c.m.m.loaders.LoaderExecutor$ - loader to launch is:prices
2017-04-21 23:12:40,598 1329 [main] INFO  c.m.m.loaders.DataLoader$$anon$3 - Loading all sectors.....
2017-04-21 23:12:40,603 1334 [main] INFO  c.m.m.loaders.DataLoader$$anon$3 - false
2017-04-21 23:12:40,618 1349 [main] INFO  c.m.m.p.PersistenceServiceFactory$$anon$5 - true
2017-04-21 23:25:26,589 687  [main] INFO  c.m.m.loaders.LoaderExecutor$ - loader to launch is:prices
2017-04-21 23:25:26,675 773  [main] INFO  c.m.m.loaders.DataLoader$$anon$3 - Loading all sectors.....
2017-04-21 23:25:26,677 775  [main] INFO  c.m.m.loaders.DataLoader$$anon$3 - false
2017-04-21 23:25:26,689 787  [main] INFO  c.m.m.dao.Database$$anon$2 - Initalizing wiht:null and null
2017-04-21 23:25:29,447 3545 [main] INFO  c.m.m.loaders.DataLoader$$anon$3 - Loaded 210 sectors....
2017-04-21 23:25:29,450 3548 [main] INFO  c.m.m.loaders.DataLoader$$anon$3 - Loading prices for 210 sectors
2017-04-21 23:25:51,880 25978 [main] INFO  c.m.m.l.DataLoader$$anon$3$$anon$7 - FAiled to fetch prices for ticker ^YHOh841:
java.lang.NumberFormatException: For input string: "N/A".
2017-04-21 23:25:53,357 27455 [main] INFO  c.m.m.l.DataLoader$$anon$3$$anon$7 - FAiled to fetch prices for ticker ^YHOh853:
java.lang.NumberFormatException: For input string: "N/A".
2017-04-21 23:25:59,139 33237 [main] INFO  c.m.m.l.DataLoader$$anon$3$$anon$7 - FAiled to fetch prices for ticker ^YHOh855:
java.lang.NumberFormatException: For input string: "N/A".
2017-04-21 23:26:03,978 38076 [main] INFO  c.m.m.l.DataLoader$$anon$3$$anon$7 - FAiled to fetch prices for ticker ^YHOh879:
java.lang.NumberFormatException: For input string: "N/A".
2017-04-21 23:26:12,535 46633 [main] INFO  c.m.m.l.DataLoader$$anon$3$$anon$7 - FAiled to fetch prices for ticker ^YHOh810:
java.lang.NumberFormatException: For input string: "N/A".
2017-04-21 23:26:23,935 58033 [main] INFO  c.m.m.loaders.DataLoader$$anon$3 - Persisting 205 prices...
2017-04-21 23:26:23,936 58034 [main] INFO  c.m.m.dao.Database$$anon$2 - Initalizing wiht:null and null
