INFO  [LogHelper]: Extracting data for sector:124
INFO  [LogHelper]: dbUri:mongodb://localhost:27017/
INFO  [LogHelper]: Initalizing wiht:null
INFO  [LogHelper]: dbUri:mongodb://localhost:27017/
INFO  [LogHelper]: Initalizing wiht:null
INFO  [LogHelper]: Starting load...
INFO  [LogHelper]: Loading all sectors.....
INFO  [LogHelper]: Converting for ticker:Some(^YHOh769) Some(Accident & Health Insurance)
INFO  [LogHelper]: Converting for ticker:Some(^YHOh825) Some(Advertising Agencies)
INFO  [LogHelper]: Converting for ticker:Some(^YHOh799) Some(Aerospace/Defense - Major Diversified)
INFO  [LogHelper]: Converting for ticker:Some(^YHOh800) Some(Aerospace/Defense Products & Services)
INFO  [LogHelper]: Converting for ticker:Some(^YHOh702) Some(Agricultural Chemicals)
INFO  [LogHelper]: Converting for ticker:Some(^YHOh874) Some(Air Delivery & Freight Services)
INFO  [LogHelper]: Converting for ticker:Some(^YHOh873) Some(Air Services, Other)
INFO  [LogHelper]: Converting for ticker:Some(^YHOh712) Some(Aluminum)
INFO  [LogHelper]: Converting for ticker:Some(^YHOh835) Some(Apparel Stores)
INFO  [LogHelper]: Converting for ticker:Some(^YHOh718) Some(Appliances)
INFO  [LogHelper]: Converting for ticker:Some(^YHOh885) Some(Application Software)
INFO  [LogHelper]: Converting for ticker:Some(^YHOh762) Some(Asset Management)
INFO  [LogHelper]: Converting for ticker:Some(^YHOh849) Some(Auto Dealerships)
INFO  [LogHelper]: Converting for ticker:Some(^YHOh735) Some(Auto Manufacturers - Major)
INFO  [LogHelper]: Converting for ticker:Some(^YHOh738) Some(Auto Parts)
INFO  [LogHelper]: Converting for ticker:Some(^YHOh843) Some(Auto Parts Stores)
INFO  [LogHelper]: Converting for ticker:Some(^YHOh851) Some(Auto Parts Wholesale)
INFO  [LogHelper]: Converting for ticker:Some(^YHOh859) Some(Basic Materials Wholesale)
INFO  [LogHelper]: Converting for ticker:Some(^YHOh745) Some(Beverages - Brewers)
INFO  [LogHelper]: Converting for ticker:Some(^YHOh747) Some(Beverages - Soft Drinks)
INFO  [LogHelper]: Converting for ticker:Some(^YHOh746) Some(Beverages - Wineries & Distillers)
INFO  [LogHelper]: Converting for ticker:Some(^YHOh788) Some(Biotechnology)
INFO  [LogHelper]: Converting for ticker:Some(^YHOh829) Some(Broadcasting - Radio)
INFO  [LogHelper]: Converting for ticker:Some(^YHOh828) Some(Broadcasting - TV)
INFO  [LogHelper]: Converting for ticker:Some(^YHOh852) Some(Building Materials Wholesale)
INFO  [LogHelper]: Converting for ticker:Some(^YHOh721) Some(Business Equipment)
INFO  [LogHelper]: Converting for ticker:Some(^YHOh861) Some(Business Services)
INFO  [LogHelper]: Converting for ticker:Some(^YHOh890) Some(Business Software & Services)
INFO  [LogHelper]: Converting for ticker:Some(^YHOh830) Some(CATV Systems)
INFO  [LogHelper]: Converting for ticker:Some(^YHOh844) Some(Catalog & Mail Order Houses)
INFO  [LogHelper]: Converting for ticker:Some(^YHOh813) Some(Cement)
INFO  [LogHelper]: Converting for ticker:Some(^YHOh700) Some(Chemicals - Major Diversified)
INFO  [LogHelper]: Converting for ticker:Some(^YHOh748) Some(Cigarettes)
INFO  [LogHelper]: Converting for ticker:Some(^YHOh733) Some(Cleaning Products)
INFO  [LogHelper]: Converting for ticker:Some(^YHOh765) Some(Closed-End Fund - Debt)
INFO  [LogHelper]: Converting for ticker:Some(^YHOh766) Some(Closed-End Fund - Equity)
INFO  [LogHelper]: Converting for ticker:Some(^YHOh767) Some(Closed-End Fund - Foreign)
INFO  [LogHelper]: Converting for ticker:Some(^YHOh901) Some(Communication Equipment)
INFO  [LogHelper]: Converting for ticker:Some(^YHOh880) Some(Computer Based Systems)
INFO  [LogHelper]: Converting for ticker:Some(^YHOh883) Some(Computer Peripherals)
INFO  [LogHelper]: Converting for ticker:Some(^YHOh856) Some(Computers Wholesale)
INFO  [LogHelper]: Converting for ticker:Some(^YHOh744) Some(Confectioners)
INFO  [LogHelper]: Converting for ticker:Some(^YHOh717) Some(Conglomerates)
INFO  [LogHelper]: Converting for ticker:Some(^YHOh864) Some(Consumer Services)
INFO  [LogHelper]: Converting for ticker:Some(^YHOh711) Some(Copper)
INFO  [LogHelper]: Converting for ticker:Some(^YHOh764) Some(Credit Services)
INFO  [LogHelper]: Converting for ticker:Some(^YHOh743) Some(Dairy Products)
INFO  [LogHelper]: Converting for ticker:Some(^YHOh881) Some(Data Storage Devices)
INFO  [LogHelper]: Converting for ticker:Some(^YHOh836) Some(Department Stores)
INFO  [LogHelper]: Converting for ticker:Some(^YHOh789) Some(Diagnostic Substances)
INFO  [LogHelper]: Converting for ticker:Some(^YHOh837) Some(Discount, Variety Stores)
INFO  [LogHelper]: Converting for ticker:Some(^YHOh906) Some(Diversified Communication Services)
INFO  [LogHelper]: Converting for ticker:Some(^YHOh878) Some(Diversified Computer Systems)
INFO  [LogHelper]: Converting for ticker:Some(^YHOh898) Some(Diversified Electronics)
INFO  [LogHelper]: Converting for ticker:Some(^YHOh763) Some(Diversified Investments)
INFO  [LogHelper]: Converting for ticker:Some(^YHOh803) Some(Diversified Machinery)
INFO  [LogHelper]: Converting for ticker:Some(^YHOh913) Some(Diversified Utilities)
INFO  [LogHelper]: Converting for ticker:Some(^YHOh786) Some(Drug Delivery)
INFO  [LogHelper]: Converting for ticker:Some(^YHOh783) Some(Drug Manufacturers - Major)
INFO  [LogHelper]: Converting for ticker:Some(^YHOh784) Some(Drug Manufacturers - Other)
INFO  [LogHelper]: Converting for ticker:Some(^YHOh787) Some(Drug Related Products)
INFO  [LogHelper]: Converting for ticker:Some(^YHOh838) Some(Drug Stores)
INFO  [LogHelper]: Converting for ticker:Some(^YHOh785) Some(Drugs - Generic)
INFO  [LogHelper]: Converting for ticker:Some(^YHOh857) Some(Drugs Wholesale)
INFO  [LogHelper]: Converting for ticker:Some(^YHOh867) Some(Education & Training Services)
INFO  [LogHelper]: Converting for ticker:Some(^YHOh911) Some(Electric Utilities)
INFO  [LogHelper]: Converting for ticker:Some(^YHOh722) Some(Electronic Equipment)
INFO  [LogHelper]: Converting for ticker:Some(^YHOh840) Some(Electronics Stores)
INFO  [LogHelper]: Converting for ticker:Some(^YHOh854) Some(Electronics Wholesale)
INFO  [LogHelper]: Converting for ticker:Some(^YHOh827) Some(Entertainment - Diversified)
INFO  [LogHelper]: Converting for ticker:Some(^YHOh801) Some(Farm & Construction Machinery)
INFO  [LogHelper]: Converting for ticker:Some(^YHOh740) Some(Farm Products)
INFO  [LogHelper]: Converting for ticker:Some(^YHOh739) Some(Food - Major Diversified)
INFO  [LogHelper]: Converting for ticker:Some(^YHOh858) Some(Food Wholesale)
INFO  [LogHelper]: Converting for ticker:Some(^YHOh757) Some(Foreign Money Center Banks)
INFO  [LogHelper]: Converting for ticker:Some(^YHOh758) Some(Foreign Regional Banks)
INFO  [LogHelper]: Converting for ticker:Some(^YHOh910) Some(Foreign Utilities)
INFO  [LogHelper]: Converting for ticker:Some(^YHOh822) Some(Gaming Activities)
INFO  [LogHelper]: Converting for ticker:Some(^YHOh912) Some(Gas Utilities)
INFO  [LogHelper]: Converting for ticker:Some(^YHOh814) Some(General Building Materials)
INFO  [LogHelper]: Converting for ticker:Some(^YHOh816) Some(General Contractors)
INFO  [LogHelper]: Converting for ticker:Some(^YHOh824) Some(General Entertainment)
INFO  [LogHelper]: Converting for ticker:Some(^YHOh714) Some(Gold)
INFO  [LogHelper]: Converting for ticker:Some(^YHOh839) Some(Grocery Stores)
INFO  [LogHelper]: Converting for ticker:Some(^YHOh792) Some(Health Care Plans)
INFO  [LogHelper]: Converting for ticker:Some(^YHOh889) Some(Healthcare Information Services)
INFO  [LogHelper]: Converting for ticker:Some(^YHOh815) Some(Heavy Construction)
INFO  [LogHelper]: Converting for ticker:Some(^YHOh842) Some(Home Furnishing Stores)
INFO  [LogHelper]: Converting for ticker:Some(^YHOh719) Some(Home Furnishings & Fixtures)
INFO  [LogHelper]: Converting for ticker:Some(^YHOh796) Some(Home Health Care)
INFO  [LogHelper]: Converting for ticker:Some(^YHOh841) Some(Home Improvement Stores)
INFO  [LogHelper]: Converting for ticker:Some(^YHOh794) Some(Hospitals)
INFO  [LogHelper]: Converting for ticker:Some(^YHOh720) Some(Housewares & Accessories)
INFO  [LogHelper]: Converting for ticker:Some(^YHOh705) Some(Independent Oil & Gas)
INFO  [LogHelper]: Converting for ticker:Some(^YHOh808) Some(Industrial Electrical Equipment)
INFO  [LogHelper]: Converting for ticker:Some(^YHOh802) Some(Industrial Equipment & Components)
INFO  [LogHelper]: Converting for ticker:Some(^YHOh853) Some(Industrial Equipment Wholesale)
INFO  [LogHelper]: Converting for ticker:Some(^YHOh713) Some(Industrial Metals & Minerals)
INFO  [LogHelper]: Converting for ticker:Some(^YHOh891) Some(Information & Delivery Services)
INFO  [LogHelper]: Converting for ticker:Some(^YHOh888) Some(Information Technology Services)
INFO  [LogHelper]: Converting for ticker:Some(^YHOh772) Some(Insurance Brokers)
INFO  [LogHelper]: Converting for ticker:Some(^YHOh908) Some(Internet Information Providers)
INFO  [LogHelper]: Converting for ticker:Some(^YHOh907) Some(Internet Service Providers)
INFO  [LogHelper]: Converting for ticker:Some(^YHOh909) Some(Internet Software & Services)
INFO  [LogHelper]: Converting for ticker:Some(^YHOh760) Some(Investment Brokerage - National)
INFO  [LogHelper]: Converting for ticker:Some(^YHOh761) Some(Investment Brokerage - Regional)
INFO  [LogHelper]: Converting for ticker:Some(^YHOh847) Some(Jewelry Stores)
INFO  [LogHelper]: Converting for ticker:Some(^YHOh768) Some(Life Insurance)
INFO  [LogHelper]: Converting for ticker:Some(^YHOh818) Some(Lodging)
INFO  [LogHelper]: Converting for ticker:Some(^YHOh903) Some(Long Distance Carriers)
INFO  [LogHelper]: Converting for ticker:Some(^YHOh793) Some(Long-Term Care Facilities)
INFO  [LogHelper]: Converting for ticker:Some(^YHOh812) Some(Lumber, Wood Production)
INFO  [LogHelper]: Converting for ticker:Some(^YHOh805) Some(Machine Tools & Accessories)
INFO  [LogHelper]: Converting for ticker:Some(^YHOh871) Some(Major Airlines)
INFO  [LogHelper]: Converting for ticker:Some(^YHOh704) Some(Major Integrated Oil & Gas)
INFO  [LogHelper]: Converting for ticker:Some(^YHOh870) Some(Management Services)
INFO  [LogHelper]: Converting for ticker:Some(^YHOh811) Some(Manufactured Housing)
INFO  [LogHelper]: Converting for ticker:Some(^YHOh826) Some(Marketing Services)
INFO  [LogHelper]: Converting for ticker:Some(^YHOh742) Some(Meat Products)
INFO  [LogHelper]: Converting for ticker:Some(^YHOh791) Some(Medical Appliances & Equipment)
INFO  [LogHelper]: Converting for ticker:Some(^YHOh855) Some(Medical Equipment Wholesale)
INFO  [LogHelper]: Converting for ticker:Some(^YHOh790) Some(Medical Instruments & Supplies)
INFO  [LogHelper]: Converting for ticker:Some(^YHOh795) Some(Medical Laboratories & Research)
INFO  [LogHelper]: Converting for ticker:Some(^YHOh797) Some(Medical Practitioners)
INFO  [LogHelper]: Converting for ticker:Some(^YHOh807) Some(Metal Fabrication)
INFO  [LogHelper]: Converting for ticker:Some(^YHOh750) Some(Money Center Banks)
INFO  [LogHelper]: Converting for ticker:Some(^YHOh780) Some(Mortgage Investment)
INFO  [LogHelper]: Converting for ticker:Some(^YHOh831) Some(Movie Production, Theaters)
INFO  [LogHelper]: Converting for ticker:Some(^YHOh884) Some(Multimedia & Graphics Software)
INFO  [LogHelper]: Converting for ticker:Some(^YHOh848) Some(Music & Video Stores)
INFO  [LogHelper]: Converting for ticker:Some(^YHOh882) Some(Networking & Communication Devices)
INFO  [LogHelper]: Converting for ticker:Some(^YHOh716) Some(Nonmetallic Mineral Mining)
INFO  [LogHelper]: Converting for ticker:Some(^YHOh734) Some(Office Supplies)
INFO  [LogHelper]: Converting for ticker:Some(^YHOh707) Some(Oil & Gas Drilling & Exploration)
INFO  [LogHelper]: Converting for ticker:Some(^YHOh708) Some(Oil & Gas Equipment & Services)
INFO  [LogHelper]: Converting for ticker:Some(^YHOh709) Some(Oil & Gas Pipelines)
INFO  [LogHelper]: Converting for ticker:Some(^YHOh706) Some(Oil & Gas Refining & Marketing)
INFO  [LogHelper]: Converting for ticker:Some(^YHOh732) Some(Packaging & Containers)
INFO  [LogHelper]: Converting for ticker:Some(^YHOh731) Some(Paper & Paper Products)
INFO  [LogHelper]: Converting for ticker:Some(^YHOh879) Some(Personal Computers)
INFO  [LogHelper]: Converting for ticker:Some(^YHOh730) Some(Personal Products)
INFO  [LogHelper]: Converting for ticker:Some(^YHOh863) Some(Personal Services)
INFO  [LogHelper]: Converting for ticker:Some(^YHOh726) Some(Photographic Equipment & Supplies)
INFO  [LogHelper]: Converting for ticker:Some(^YHOh804) Some(Pollution & Treatment Controls)
INFO  [LogHelper]: Converting for ticker:Some(^YHOh897) Some(Printed Circuit Boards)
INFO  [LogHelper]: Converting for ticker:Some(^YHOh741) Some(Processed & Packaged Goods)
INFO  [LogHelper]: Converting for ticker:Some(^YHOh902) Some(Processing Systems & Products)
INFO  [LogHelper]: Converting for ticker:Some(^YHOh770) Some(Property & Casualty Insurance)
INFO  [LogHelper]: Converting for ticker:Some(^YHOh781) Some(Property Management)
INFO  [LogHelper]: Converting for ticker:Some(^YHOh834) Some(Publishing - Books)
INFO  [LogHelper]: Converting for ticker:Some(^YHOh832) Some(Publishing - Newspapers)
INFO  [LogHelper]: Converting for ticker:Some(^YHOh833) Some(Publishing - Periodicals)
INFO  [LogHelper]: Converting for ticker:Some(^YHOh773) Some(REIT - Diversified)
INFO  [LogHelper]: Converting for ticker:Some(^YHOh775) Some(REIT - Healthcare Facilities)
INFO  [LogHelper]: Converting for ticker:Some(^YHOh776) Some(REIT - Hotel/Motel)
INFO  [LogHelper]: Converting for ticker:Some(^YHOh777) Some(REIT - Industrial)
INFO  [LogHelper]: Converting for ticker:Some(^YHOh774) Some(REIT - Office)
INFO  [LogHelper]: Converting for ticker:Some(^YHOh778) Some(REIT - Residential)
INFO  [LogHelper]: Converting for ticker:Some(^YHOh779) Some(REIT - Retail)
INFO  [LogHelper]: Converting for ticker:Some(^YHOh877) Some(Railroads)
INFO  [LogHelper]: Converting for ticker:Some(^YHOh782) Some(Real Estate Development)
INFO  [LogHelper]: Converting for ticker:Some(^YHOh725) Some(Recreational Goods, Other)
INFO  [LogHelper]: Converting for ticker:Some(^YHOh737) Some(Recreational Vehicles)
INFO  [LogHelper]: Converting for ticker:Some(^YHOh752) Some(Regional - Mid-Atlantic Banks)
INFO  [LogHelper]: Converting for ticker:Some(^YHOh754) Some(Regional - Midwest Banks)
INFO  [LogHelper]: Converting for ticker:Some(^YHOh751) Some(Regional - Northeast Banks)
INFO  [LogHelper]: Converting for ticker:Some(^YHOh756) Some(Regional - Pacific Banks)
INFO  [LogHelper]: Converting for ticker:Some(^YHOh753) Some(Regional - Southeast Banks)
INFO  [LogHelper]: Converting for ticker:Some(^YHOh755) Some(Regional - Southwest  Banks)
INFO  [LogHelper]: Converting for ticker:Some(^YHOh872) Some(Regional Airlines)
INFO  [LogHelper]: Converting for ticker:Some(^YHOh862) Some(Rental & Leasing Services)
INFO  [LogHelper]: Converting for ticker:Some(^YHOh869) Some(Research Services)
INFO  [LogHelper]: Converting for ticker:Some(^YHOh810) Some(Residential Construction)
INFO  [LogHelper]: Converting for ticker:Some(^YHOh819) Some(Resorts & Casinos)
INFO  [LogHelper]: Converting for ticker:Some(^YHOh820) Some(Restaurants)
INFO  [LogHelper]: Converting for ticker:Some(^YHOh729) Some(Rubber & Plastics)
INFO  [LogHelper]: Converting for ticker:Some(^YHOh759) Some(Savings & Loans)
INFO  [LogHelper]: Converting for ticker:Some(^YHOh899) Some(Scientific & Technical Instruments)
INFO  [LogHelper]: Converting for ticker:Some(^YHOh866) Some(Security & Protection Services)
INFO  [LogHelper]: Converting for ticker:Some(^YHOh887) Some(Security Software & Services)
INFO  [LogHelper]: Converting for ticker:Some(^YHOh892) Some(Semiconductor - Broad Line)
INFO  [LogHelper]: Converting for ticker:Some(^YHOh895) Some(Semiconductor - Integrated Circuits)
INFO  [LogHelper]: Converting for ticker:Some(^YHOh894) Some(Semiconductor - Specialized)
INFO  [LogHelper]: Converting for ticker:Some(^YHOh896) Some(Semiconductor Equipment & Materials)
INFO  [LogHelper]: Converting for ticker:Some(^YHOh893) Some(Semiconductor- Memory Chips)
INFO  [LogHelper]: Converting for ticker:Some(^YHOh876) Some(Shipping)
INFO  [LogHelper]: Converting for ticker:Some(^YHOh715) Some(Silver)
INFO  [LogHelper]: Converting for ticker:Some(^YHOh806) Some(Small Tools & Accessories)
INFO  [LogHelper]: Converting for ticker:Some(^YHOh798) Some(Specialized Health Services)
INFO  [LogHelper]: Converting for ticker:Some(^YHOh703) Some(Specialty Chemicals)
INFO  [LogHelper]: Converting for ticker:Some(^YHOh821) Some(Specialty Eateries)
INFO  [LogHelper]: Converting for ticker:Some(^YHOh850) Some(Specialty Retail, Other)
INFO  [LogHelper]: Converting for ticker:Some(^YHOh823) Some(Sporting Activities)
INFO  [LogHelper]: Converting for ticker:Some(^YHOh724) Some(Sporting Goods)
INFO  [LogHelper]: Converting for ticker:Some(^YHOh845) Some(Sporting Goods Stores)
INFO  [LogHelper]: Converting for ticker:Some(^YHOh865) Some(Staffing & Outsourcing Services)
INFO  [LogHelper]: Converting for ticker:Some(^YHOh710) Some(Steel & Iron)
INFO  [LogHelper]: Converting for ticker:Some(^YHOh771) Some(Surety & Title Insurance)
INFO  [LogHelper]: Converting for ticker:Some(^YHOh701) Some(Synthetics)
INFO  [LogHelper]: Converting for ticker:Some(^YHOh886) Some(Technical & System Software)
INFO  [LogHelper]: Converting for ticker:Some(^YHOh868) Some(Technical Services)
INFO  [LogHelper]: Converting for ticker:Some(^YHOh904) Some(Telecom Services - Domestic)
INFO  [LogHelper]: Converting for ticker:Some(^YHOh905) Some(Telecom Services - Foreign)
INFO  [LogHelper]: Converting for ticker:Some(^YHOh727) Some(Textile - Apparel Clothing)
INFO  [LogHelper]: Converting for ticker:Some(^YHOh728) Some(Textile - Apparel Footwear & Accessories)
INFO  [LogHelper]: Converting for ticker:Some(^YHOh809) Some(Textile Industrial)
INFO  [LogHelper]: Converting for ticker:Some(^YHOh749) Some(Tobacco Products, Other)
INFO  [LogHelper]: Converting for ticker:Some(^YHOh846) Some(Toy & Hobby Stores)
INFO  [LogHelper]: Converting for ticker:Some(^YHOh723) Some(Toys & Games)
INFO  [LogHelper]: Converting for ticker:Some(^YHOh875) Some(Trucking)
INFO  [LogHelper]: Converting for ticker:Some(^YHOh736) Some(Trucks & Other Vehicles)
INFO  [LogHelper]: Converting for ticker:Some(^YHOh817) Some(Waste Management)
INFO  [LogHelper]: Converting for ticker:Some(^YHOh860) Some(Wholesale, Other)
INFO  [LogHelper]: Converting for ticker:Some(^YHOh900) Some(Wireless Communications)
INFO  [LogHelper]: Loaded 214 sectors....
INFO  [LogHelper]: Loading prices for 214 sectors
INFO  [LogHelper]: Persisting 199 prices...
