2016-10-21 07:39:51,247 4615 [pool-5-thread-4-ScalaTest-running-SectorServiceDownloaderSpec] INFO  com.mm.marketgauge.util.LogHelper - Extracting data for sector:124
2016-10-21 07:39:51,312 4680 [pool-5-thread-4-ScalaTest-running-SectorServiceDownloaderSpec] INFO  com.mm.marketgauge.util.LogHelper - Exception while fetching 124 
java.lang.IllegalArgumentException: Data not found
2016-10-21 07:45:04,928 2760 [pool-5-thread-5-ScalaTest-running-SectorServiceDownloaderSpec] INFO  com.mm.marketgauge.util.LogHelper - Extracting data for sector:124
2016-10-21 07:45:05,003 2835 [pool-5-thread-5-ScalaTest-running-SectorServiceDownloaderSpec] INFO  com.mm.marketgauge.util.LogHelper - Exception while fetching 124 
java.lang.IllegalArgumentException: Data not found
2016-10-21 08:02:06,450 3091 [pool-7-thread-2-ScalaTest-running-SectorServiceDownloaderSpec] INFO  com.mm.marketgauge.util.LogHelper - Extracting data for sector:124
2016-10-21 08:02:06,511 3152 [pool-7-thread-2-ScalaTest-running-SectorServiceDownloaderSpec] INFO  com.mm.marketgauge.util.LogHelper - Exception while fetching 124 
java.lang.IllegalArgumentException: Data not found
2016-10-21 20:19:41,988 754  [main] INFO  com.mm.marketgauge.util.LogHelper - db.utilmongodb://localhost:27017/
2016-10-21 20:19:42,015 781  [main] INFO  com.mm.marketgauge.util.LogHelper - db.nametest
2016-10-21 20:19:42,019 785  [main] INFO  com.mm.marketgauge.util.LogHelper - dbUri:mongodb://localhost:27017/
2016-10-21 20:19:42,023 789  [main] INFO  com.mm.marketgauge.util.LogHelper - Initalizing wiht:null
2016-10-21 20:19:42,024 790  [main] INFO  com.mm.marketgauge.util.LogHelper - .... Loading...
2016-10-21 20:19:42,026 792  [main] INFO  com.mm.marketgauge.util.LogHelper - Downloadign data from url:https://biz.yahoo.com/ic/ind_index_alpha.html
2016-10-21 20:19:46,641 5407 [main] INFO  com.mm.marketgauge.util.LogHelper - All sector downoaded. now mapping them...
2016-10-21 20:19:46,644 5410 [main] INFO  com.mm.marketgauge.util.LogHelper - Downloadign data from url:https://biz.yahoo.com/ic/431.html
2016-10-21 20:19:46,941 5707 [main] INFO  com.mm.marketgauge.util.LogHelper - Extracting data for sector:431
2016-10-21 20:19:47,295 6061 [main] INFO  com.mm.marketgauge.util.LogHelper - Downloadign data from url:https://biz.yahoo.com/ic/720.html
2016-10-21 20:19:47,584 6350 [main] INFO  com.mm.marketgauge.util.LogHelper - Extracting data for sector:720
2016-10-21 20:19:47,950 6716 [main] INFO  com.mm.marketgauge.util.LogHelper - Downloadign data from url:https://biz.yahoo.com/ic/610.html
2016-10-21 20:19:48,191 6957 [main] INFO  com.mm.marketgauge.util.LogHelper - Extracting data for sector:610
2016-10-21 20:19:48,530 7296 [main] INFO  com.mm.marketgauge.util.LogHelper - Downloadign data from url:https://biz.yahoo.com/ic/611.html
2016-10-21 20:19:48,845 7611 [main] INFO  com.mm.marketgauge.util.LogHelper - Extracting data for sector:611
2016-10-21 20:19:49,270 8036 [main] INFO  com.mm.marketgauge.util.LogHelper - Downloadign data from url:https://biz.yahoo.com/ic/112.html
2016-10-21 20:19:49,519 8285 [main] INFO  com.mm.marketgauge.util.LogHelper - Extracting data for sector:112
2016-10-21 20:19:49,845 8611 [main] INFO  com.mm.marketgauge.util.LogHelper - Downloadign data from url:https://biz.yahoo.com/ic/773.html
2016-10-21 20:19:50,080 8846 [main] INFO  com.mm.marketgauge.util.LogHelper - Extracting data for sector:773
2016-10-21 20:19:50,484 9250 [main] INFO  com.mm.marketgauge.util.LogHelper - Downloadign data from url:https://biz.yahoo.com/ic/772.html
2016-10-21 20:19:50,719 9485 [main] INFO  com.mm.marketgauge.util.LogHelper - Extracting data for sector:772
2016-10-21 20:19:51,063 9829 [main] INFO  com.mm.marketgauge.util.LogHelper - Downloadign data from url:https://biz.yahoo.com/ic/132.html
2016-10-21 20:19:51,310 10076 [main] INFO  com.mm.marketgauge.util.LogHelper - Extracting data for sector:132
2016-10-21 20:19:51,635 10401 [main] INFO  com.mm.marketgauge.util.LogHelper - Downloadign data from url:https://biz.yahoo.com/ic/730.html
2016-10-21 20:19:51,908 10674 [main] INFO  com.mm.marketgauge.util.LogHelper - Extracting data for sector:730
2016-10-21 20:19:52,275 11041 [main] INFO  com.mm.marketgauge.util.LogHelper - Downloadign data from url:https://biz.yahoo.com/ic/310.html
2016-10-21 20:19:52,512 11278 [main] INFO  com.mm.marketgauge.util.LogHelper - Extracting data for sector:310
2016-10-21 20:19:52,864 11630 [main] INFO  com.mm.marketgauge.util.LogHelper - Downloadign data from url:https://biz.yahoo.com/ic/821.html
2016-10-21 20:19:53,144 11910 [main] INFO  com.mm.marketgauge.util.LogHelper - Extracting data for sector:821
2016-10-21 20:19:53,484 12250 [main] INFO  com.mm.marketgauge.util.LogHelper - Downloadign data from url:https://biz.yahoo.com/ic/422.html
2016-10-21 20:19:53,717 12483 [main] INFO  com.mm.marketgauge.util.LogHelper - Extracting data for sector:422
2016-10-21 20:19:54,051 12817 [main] INFO  com.mm.marketgauge.util.LogHelper - Downloadign data from url:https://biz.yahoo.com/ic/744.html
2016-10-21 20:19:54,297 13063 [main] INFO  com.mm.marketgauge.util.LogHelper - Extracting data for sector:744
2016-10-21 20:19:54,657 13423 [main] INFO  com.mm.marketgauge.util.LogHelper - Downloadign data from url:https://biz.yahoo.com/ic/330.html
2016-10-21 20:19:54,958 13724 [main] INFO  com.mm.marketgauge.util.LogHelper - Extracting data for sector:330
2016-10-21 20:19:55,265 14031 [main] INFO  com.mm.marketgauge.util.LogHelper - Downloadign data from url:https://biz.yahoo.com/ic/333.html
2016-10-21 20:19:55,523 14289 [main] INFO  com.mm.marketgauge.util.LogHelper - Extracting data for sector:333
2016-10-21 20:19:55,841 14607 [main] INFO  com.mm.marketgauge.util.LogHelper - Downloadign data from url:https://biz.yahoo.com/ic/738.html
2016-10-21 20:19:56,142 14908 [main] INFO  com.mm.marketgauge.util.LogHelper - Extracting data for sector:738
2016-10-21 20:19:56,504 15270 [main] INFO  com.mm.marketgauge.util.LogHelper - Downloadign data from url:https://biz.yahoo.com/ic/750.html
2016-10-21 20:19:56,758 15524 [main] INFO  com.mm.marketgauge.util.LogHelper - Extracting data for sector:750
2016-10-21 20:19:57,093 15859 [main] INFO  com.mm.marketgauge.util.LogHelper - Downloadign data from url:https://biz.yahoo.com/ic/758.html
2016-10-21 20:19:57,380 16146 [main] INFO  com.mm.marketgauge.util.LogHelper - Extracting data for sector:758
2016-10-21 20:19:57,780 16546 [main] INFO  com.mm.marketgauge.util.LogHelper - Downloadign data from url:https://biz.yahoo.com/ic/346.html
2016-10-21 20:19:58,032 16798 [main] INFO  com.mm.marketgauge.util.LogHelper - Extracting data for sector:346
2016-10-21 20:19:58,375 17141 [main] INFO  com.mm.marketgauge.util.LogHelper - Downloadign data from url:https://biz.yahoo.com/ic/348.html
2016-10-21 20:19:58,622 17388 [main] INFO  com.mm.marketgauge.util.LogHelper - Extracting data for sector:348
2016-10-21 20:19:58,960 17726 [main] INFO  com.mm.marketgauge.util.LogHelper - Downloadign data from url:https://biz.yahoo.com/ic/347.html
2016-10-21 20:19:59,213 17979 [main] INFO  com.mm.marketgauge.util.LogHelper - Extracting data for sector:347
2016-10-21 20:19:59,569 18335 [main] INFO  com.mm.marketgauge.util.LogHelper - Downloadign data from url:https://biz.yahoo.com/ic/515.html
2016-10-21 20:19:59,809 18575 [main] INFO  com.mm.marketgauge.util.LogHelper - Extracting data for sector:515
2016-10-21 20:20:00,085 18851 [main] INFO  com.mm.marketgauge.util.LogHelper - Downloadign data from url:https://biz.yahoo.com/ic/724.html
2016-10-21 20:20:00,347 19113 [main] INFO  com.mm.marketgauge.util.LogHelper - Extracting data for sector:724
2016-10-21 20:20:00,767 19533 [main] INFO  com.mm.marketgauge.util.LogHelper - Downloadign data from url:https://biz.yahoo.com/ic/723.html
2016-10-21 20:20:01,023 19789 [main] INFO  com.mm.marketgauge.util.LogHelper - Extracting data for sector:723
2016-10-21 20:20:01,376 20142 [main] INFO  com.mm.marketgauge.util.LogHelper - Downloadign data from url:https://biz.yahoo.com/ic/751.html
2016-10-21 20:20:01,636 20402 [main] INFO  com.mm.marketgauge.util.LogHelper - Extracting data for sector:751
2016-10-21 20:20:02,059 20825 [main] INFO  com.mm.marketgauge.util.LogHelper - Downloadign data from url:https://biz.yahoo.com/ic/313.html
2016-10-21 20:20:02,312 21078 [main] INFO  com.mm.marketgauge.util.LogHelper - Extracting data for sector:313
2016-10-21 20:20:02,664 21430 [main] INFO  com.mm.marketgauge.util.LogHelper - Downloadign data from url:https://biz.yahoo.com/ic/760.html
2016-10-21 20:20:02,921 21687 [main] INFO  com.mm.marketgauge.util.LogHelper - Extracting data for sector:760
2016-10-21 20:20:03,270 22036 [main] INFO  com.mm.marketgauge.util.LogHelper - Downloadign data from url:https://biz.yahoo.com/ic/826.html
2016-10-21 20:20:03,519 22285 [main] INFO  com.mm.marketgauge.util.LogHelper - Extracting data for sector:826
2016-10-21 20:20:03,868 22634 [main] INFO  com.mm.marketgauge.util.LogHelper - Downloadign data from url:https://biz.yahoo.com/ic/725.html
2016-10-21 20:20:04,111 22877 [main] INFO  com.mm.marketgauge.util.LogHelper - Extracting data for sector:725
2016-10-21 20:20:04,443 23209 [main] INFO  com.mm.marketgauge.util.LogHelper - Downloadign data from url:https://biz.yahoo.com/ic/739.html
2016-10-21 20:20:04,718 23484 [main] INFO  com.mm.marketgauge.util.LogHelper - Extracting data for sector:739
2016-10-21 20:20:05,039 23805 [main] INFO  com.mm.marketgauge.util.LogHelper - Downloadign data from url:https://biz.yahoo.com/ic/633.html
2016-10-21 20:20:05,417 24183 [main] INFO  com.mm.marketgauge.util.LogHelper - Extracting data for sector:633
2016-10-21 20:20:05,623 24389 [main] INFO  com.mm.marketgauge.util.LogHelper - Downloadign data from url:https://biz.yahoo.com/ic/110.html
2016-10-21 20:20:05,880 24646 [main] INFO  com.mm.marketgauge.util.LogHelper - Extracting data for sector:110
2016-10-21 20:20:06,223 24989 [main] INFO  com.mm.marketgauge.util.LogHelper - Downloadign data from url:https://biz.yahoo.com/ic/350.html
2016-10-21 20:20:06,503 25269 [main] INFO  com.mm.marketgauge.util.LogHelper - Extracting data for sector:350
2016-10-21 20:20:06,866 25632 [main] INFO  com.mm.marketgauge.util.LogHelper - Downloadign data from url:https://biz.yahoo.com/ic/326.html
2016-10-21 20:20:07,129 25895 [main] INFO  com.mm.marketgauge.util.LogHelper - Extracting data for sector:326
2016-10-21 20:20:07,493 26259 [main] INFO  com.mm.marketgauge.util.LogHelper - Downloadign data from url:https://biz.yahoo.com/ic/425.html
2016-10-21 20:20:07,769 26535 [main] INFO  com.mm.marketgauge.util.LogHelper - Extracting data for sector:425
2016-10-21 20:20:08,110 26876 [main] INFO  com.mm.marketgauge.util.LogHelper - Downloadign data from url:https://biz.yahoo.com/ic/426.html
2016-10-21 20:20:08,357 27123 [main] INFO  com.mm.marketgauge.util.LogHelper - Extracting data for sector:426
2016-10-21 20:20:08,678 27444 [main] INFO  com.mm.marketgauge.util.LogHelper - Downloadign data from url:https://biz.yahoo.com/ic/427.html
2016-10-21 20:20:08,916 27682 [main] INFO  com.mm.marketgauge.util.LogHelper - Extracting data for sector:427
2016-10-21 20:20:09,258 28024 [main] INFO  com.mm.marketgauge.util.LogHelper - Downloadign data from url:https://biz.yahoo.com/ic/841.html
2016-10-21 20:20:09,500 28266 [main] INFO  com.mm.marketgauge.util.LogHelper - Extracting data for sector:841
2016-10-21 20:20:09,829 28595 [main] INFO  com.mm.marketgauge.util.LogHelper - Downloadign data from url:https://biz.yahoo.com/ic/812.html
2016-10-21 20:20:10,086 28852 [main] INFO  com.mm.marketgauge.util.LogHelper - Extracting data for sector:812
2016-10-21 20:20:10,418 29184 [main] INFO  com.mm.marketgauge.util.LogHelper - Downloadign data from url:https://biz.yahoo.com/ic/815.html
2016-10-21 20:20:10,659 29425 [main] INFO  com.mm.marketgauge.util.LogHelper - Extracting data for sector:815
2016-10-21 20:20:10,981 29747 [main] INFO  com.mm.marketgauge.util.LogHelper - Downloadign data from url:https://biz.yahoo.com/ic/755.html
2016-10-21 20:20:11,241 30007 [main] INFO  com.mm.marketgauge.util.LogHelper - Extracting data for sector:755
2016-10-21 20:20:11,599 30365 [main] INFO  com.mm.marketgauge.util.LogHelper - Downloadign data from url:https://biz.yahoo.com/ic/345.html
2016-10-21 20:20:11,850 30616 [main] INFO  com.mm.marketgauge.util.LogHelper - Extracting data for sector:345
2016-10-21 20:20:12,212 30978 [main] INFO  com.mm.marketgauge.util.LogHelper - Downloadign data from url:https://biz.yahoo.com/ic/210.html
2016-10-21 20:20:12,515 31281 [main] INFO  com.mm.marketgauge.util.LogHelper - Extracting data for sector:210
2016-10-21 20:20:12,851 31617 [main] INFO  com.mm.marketgauge.util.LogHelper - Downloadign data from url:https://biz.yahoo.com/ic/763.html
2016-10-21 20:20:13,112 31878 [main] INFO  com.mm.marketgauge.util.LogHelper - Extracting data for sector:763
2016-10-21 20:20:13,443 32209 [main] INFO  com.mm.marketgauge.util.LogHelper - Downloadign data from url:https://biz.yahoo.com/ic/131.html
2016-10-21 20:20:13,713 32479 [main] INFO  com.mm.marketgauge.util.LogHelper - Extracting data for sector:131
2016-10-21 20:20:14,076 32842 [main] INFO  com.mm.marketgauge.util.LogHelper - Downloadign data from url:https://biz.yahoo.com/ic/424.html
2016-10-21 20:20:14,326 33092 [main] INFO  com.mm.marketgauge.util.LogHelper - Extracting data for sector:424
2016-10-21 20:20:14,685 33451 [main] INFO  com.mm.marketgauge.util.LogHelper - Downloadign data from url:https://biz.yahoo.com/ic/344.html
2016-10-21 20:20:14,944 33710 [main] INFO  com.mm.marketgauge.util.LogHelper - Extracting data for sector:344
2016-10-21 20:20:15,219 33985 [main] INFO  com.mm.marketgauge.util.LogHelper - Downloadign data from url:https://biz.yahoo.com/ic/813.html
2016-10-21 20:20:15,457 34223 [main] INFO  com.mm.marketgauge.util.LogHelper - Extracting data for sector:813
2016-10-21 20:20:15,780 34546 [main] INFO  com.mm.marketgauge.util.LogHelper - Downloadign data from url:https://biz.yahoo.com/ic/731.html
2016-10-21 20:20:16,044 34810 [main] INFO  com.mm.marketgauge.util.LogHelper - Extracting data for sector:731
2016-10-21 20:20:16,222 34988 [main] INFO  com.mm.marketgauge.util.LogHelper - Downloadign data from url:https://biz.yahoo.com/ic/516.html
2016-10-21 20:20:16,540 35306 [main] INFO  com.mm.marketgauge.util.LogHelper - Extracting data for sector:516
2016-10-21 20:20:16,881 35647 [main] INFO  com.mm.marketgauge.util.LogHelper - Downloadign data from url:https://biz.yahoo.com/ic/732.html
2016-10-21 20:20:17,127 35893 [main] INFO  com.mm.marketgauge.util.LogHelper - Extracting data for sector:732
2016-10-21 20:20:17,470 36236 [main] INFO  com.mm.marketgauge.util.LogHelper - Downloadign data from url:https://biz.yahoo.com/ic/846.html
2016-10-21 20:20:17,709 36475 [main] INFO  com.mm.marketgauge.util.LogHelper - Extracting data for sector:846
2016-10-21 20:20:18,066 36832 [main] INFO  com.mm.marketgauge.util.LogHelper - Downloadign data from url:https://biz.yahoo.com/ic/810.html
2016-10-21 20:20:18,375 37141 [main] INFO  com.mm.marketgauge.util.LogHelper - Extracting data for sector:810
2016-10-21 20:20:19,138 37904 [main] INFO  com.mm.marketgauge.util.LogHelper - Downloadign data from url:https://biz.yahoo.com/ic/836.html
2016-10-21 20:20:19,399 38165 [main] INFO  com.mm.marketgauge.util.LogHelper - Extracting data for sector:836
2016-10-21 20:20:19,742 38508 [main] INFO  com.mm.marketgauge.util.LogHelper - Downloadign data from url:https://biz.yahoo.com/ic/423.html
2016-10-21 20:20:20,000 38766 [main] INFO  com.mm.marketgauge.util.LogHelper - Extracting data for sector:423
2016-10-21 20:20:20,409 39175 [main] INFO  com.mm.marketgauge.util.LogHelper - Downloadign data from url:https://biz.yahoo.com/ic/622.html
2016-10-21 20:20:20,674 39440 [main] INFO  com.mm.marketgauge.util.LogHelper - Extracting data for sector:622
2016-10-21 20:20:20,999 39765 [main] INFO  com.mm.marketgauge.util.LogHelper - Downloadign data from url:https://biz.yahoo.com/ic/913.html
2016-10-21 20:20:21,237 40003 [main] INFO  com.mm.marketgauge.util.LogHelper - Extracting data for sector:913
2016-10-21 20:20:21,578 40344 [main] INFO  com.mm.marketgauge.util.LogHelper - Downloadign data from url:https://biz.yahoo.com/ic/513.html
2016-10-21 20:20:21,856 40622 [main] INFO  com.mm.marketgauge.util.LogHelper - Extracting data for sector:513
2016-10-21 20:20:22,295 41061 [main] INFO  com.mm.marketgauge.util.LogHelper - Downloadign data from url:https://biz.yahoo.com/ic/510.html
2016-10-21 20:20:22,790 41556 [main] INFO  com.mm.marketgauge.util.LogHelper - Extracting data for sector:510
2016-10-21 20:20:22,895 41661 [main] INFO  com.mm.marketgauge.util.LogHelper - Downloadign data from url:https://biz.yahoo.com/ic/511.html
2016-10-21 20:20:23,137 41903 [main] INFO  com.mm.marketgauge.util.LogHelper - Extracting data for sector:511
2016-10-21 20:20:23,479 42245 [main] INFO  com.mm.marketgauge.util.LogHelper - Downloadign data from url:https://biz.yahoo.com/ic/514.html
2016-10-21 20:20:23,731 42497 [main] INFO  com.mm.marketgauge.util.LogHelper - Extracting data for sector:514
2016-10-21 20:20:23,903 42669 [main] INFO  com.mm.marketgauge.util.LogHelper - Downloadign data from url:https://biz.yahoo.com/ic/733.html
2016-10-21 20:20:24,238 43004 [main] INFO  com.mm.marketgauge.util.LogHelper - Extracting data for sector:733
2016-10-21 20:20:24,560 43326 [main] INFO  com.mm.marketgauge.util.LogHelper - Downloadign data from url:https://biz.yahoo.com/ic/512.html
2016-10-21 20:20:24,806 43572 [main] INFO  com.mm.marketgauge.util.LogHelper - Extracting data for sector:512
2016-10-21 20:20:25,224 43990 [main] INFO  com.mm.marketgauge.util.LogHelper - Downloadign data from url:https://biz.yahoo.com/ic/756.html
2016-10-21 20:20:25,528 44294 [main] INFO  com.mm.marketgauge.util.LogHelper - Extracting data for sector:756
2016-10-21 20:20:25,800 44566 [main] INFO  com.mm.marketgauge.util.LogHelper - Downloadign data from url:https://biz.yahoo.com/ic/766.html
2016-10-21 20:20:26,081 44847 [main] INFO  com.mm.marketgauge.util.LogHelper - Extracting data for sector:766
2016-10-21 20:20:26,434 45200 [main] INFO  com.mm.marketgauge.util.LogHelper - Downloadign data from url:https://biz.yahoo.com/ic/911.html
2016-10-21 20:20:26,675 45441 [main] INFO  com.mm.marketgauge.util.LogHelper - Extracting data for sector:911
2016-10-21 20:20:27,014 45780 [main] INFO  com.mm.marketgauge.util.LogHelper - Downloadign data from url:https://biz.yahoo.com/ic/314.html
2016-10-21 20:20:27,266 46032 [main] INFO  com.mm.marketgauge.util.LogHelper - Extracting data for sector:314
2016-10-21 20:20:27,616 46382 [main] INFO  com.mm.marketgauge.util.LogHelper - Downloadign data from url:https://biz.yahoo.com/ic/735.html
2016-10-21 20:20:27,889 46655 [main] INFO  com.mm.marketgauge.util.LogHelper - Extracting data for sector:735
2016-10-21 20:20:28,213 46979 [main] INFO  com.mm.marketgauge.util.LogHelper - Downloadign data from url:https://biz.yahoo.com/ic/753.html
2016-10-21 20:20:28,526 47292 [main] INFO  com.mm.marketgauge.util.LogHelper - Extracting data for sector:753
2016-10-21 20:20:28,874 47640 [main] INFO  com.mm.marketgauge.util.LogHelper - Downloadign data from url:https://biz.yahoo.com/ic/722.html
2016-10-21 20:20:29,127 47893 [main] INFO  com.mm.marketgauge.util.LogHelper - Extracting data for sector:722
2016-10-21 20:20:29,392 48158 [main] INFO  com.mm.marketgauge.util.LogHelper - Downloadign data from url:https://biz.yahoo.com/ic/620.html
2016-10-21 20:20:29,708 48474 [main] INFO  com.mm.marketgauge.util.LogHelper - Extracting data for sector:620
2016-10-21 20:20:30,062 48828 [main] INFO  com.mm.marketgauge.util.LogHelper - Downloadign data from url:https://biz.yahoo.com/ic/341.html
2016-10-21 20:20:30,315 49081 [main] INFO  com.mm.marketgauge.util.LogHelper - Extracting data for sector:341
2016-10-21 20:20:30,657 49423 [main] INFO  com.mm.marketgauge.util.LogHelper - Downloadign data from url:https://biz.yahoo.com/ic/340.html
2016-10-21 20:20:30,917 49683 [main] INFO  com.mm.marketgauge.util.LogHelper - Extracting data for sector:340
2016-10-21 20:20:31,238 50004 [main] INFO  com.mm.marketgauge.util.LogHelper - Downloadign data from url:https://biz.yahoo.com/ic/757.html
2016-10-21 20:20:31,531 50297 [main] INFO  com.mm.marketgauge.util.LogHelper - Extracting data for sector:757
2016-10-21 20:20:32,113 50879 [main] INFO  com.mm.marketgauge.util.LogHelper - Downloadign data from url:https://biz.yahoo.com/ic/417.html
2016-10-21 20:20:32,375 51141 [main] INFO  com.mm.marketgauge.util.LogHelper - Extracting data for sector:417
2016-10-21 20:20:32,686 51452 [main] INFO  com.mm.marketgauge.util.LogHelper - Downloadign data from url:https://biz.yahoo.com/ic/418.html
2016-10-21 20:20:32,929 51695 [main] INFO  com.mm.marketgauge.util.LogHelper - Extracting data for sector:418
2016-10-21 20:20:33,252 52018 [main] INFO  com.mm.marketgauge.util.LogHelper - Downloadign data from url:https://biz.yahoo.com/ic/910.html
2016-10-21 20:20:33,622 52388 [main] INFO  com.mm.marketgauge.util.LogHelper - Extracting data for sector:910
2016-10-21 20:20:33,971 52737 [main] INFO  com.mm.marketgauge.util.LogHelper - Downloadign data from url:https://biz.yahoo.com/ic/714.html
2016-10-21 20:20:34,215 52981 [main] INFO  com.mm.marketgauge.util.LogHelper - Extracting data for sector:714
2016-10-21 20:20:34,536 53302 [main] INFO  com.mm.marketgauge.util.LogHelper - Downloadign data from url:https://biz.yahoo.com/ic/912.html
2016-10-21 20:20:34,798 53564 [main] INFO  com.mm.marketgauge.util.LogHelper - Extracting data for sector:912
2016-10-21 20:20:35,152 53918 [main] INFO  com.mm.marketgauge.util.LogHelper - Downloadign data from url:https://biz.yahoo.com/ic/634.html
2016-10-21 20:20:35,461 54227 [main] INFO  com.mm.marketgauge.util.LogHelper - Extracting data for sector:634
2016-10-21 20:20:35,967 54733 [main] INFO  com.mm.marketgauge.util.LogHelper - Downloadign data from url:https://biz.yahoo.com/ic/636.html
2016-10-21 20:20:38,458 57224 [main] INFO  com.mm.marketgauge.util.LogHelper - Extracting data for sector:636
2016-10-21 20:20:38,880 57646 [main] INFO  com.mm.marketgauge.util.LogHelper - Downloadign data from url:https://biz.yahoo.com/ic/716.html
2016-10-21 20:20:39,118 57884 [main] INFO  com.mm.marketgauge.util.LogHelper - Extracting data for sector:716
2016-10-21 20:20:39,452 58218 [main] INFO  com.mm.marketgauge.util.LogHelper - Downloadign data from url:https://biz.yahoo.com/ic/134.html
2016-10-21 20:20:39,691 58457 [main] INFO  com.mm.marketgauge.util.LogHelper - Extracting data for sector:134
2016-10-21 20:20:40,031 58797 [main] INFO  com.mm.marketgauge.util.LogHelper - Downloadign data from url:https://biz.yahoo.com/ic/734.html
2016-10-21 20:20:40,266 59032 [main] INFO  com.mm.marketgauge.util.LogHelper - Extracting data for sector:734
2016-10-21 20:20:40,605 59371 [main] INFO  com.mm.marketgauge.util.LogHelper - Downloadign data from url:https://biz.yahoo.com/ic/522.html
2016-10-21 20:20:40,852 59618 [main] INFO  com.mm.marketgauge.util.LogHelper - Extracting data for sector:522
2016-10-21 20:20:41,205 59971 [main] INFO  com.mm.marketgauge.util.LogHelper - Downloadign data from url:https://biz.yahoo.com/ic/825.html
2016-10-21 20:20:41,704 60470 [main] INFO  com.mm.marketgauge.util.LogHelper - Extracting data for sector:825
2016-10-21 20:20:41,795 60561 [main] INFO  com.mm.marketgauge.util.LogHelper - Downloadign data from url:https://biz.yahoo.com/ic/635.html
2016-10-21 20:20:42,037 60803 [main] INFO  com.mm.marketgauge.util.LogHelper - Extracting data for sector:635
2016-10-21 20:20:42,379 61145 [main] INFO  com.mm.marketgauge.util.LogHelper - Downloadign data from url:https://biz.yahoo.com/ic/737.html
2016-10-21 20:20:42,665 61431 [main] INFO  com.mm.marketgauge.util.LogHelper - Extracting data for sector:737
2016-10-21 20:20:43,016 61782 [main] INFO  com.mm.marketgauge.util.LogHelper - Downloadign data from url:https://biz.yahoo.com/ic/311.html
2016-10-21 20:20:43,255 62021 [main] INFO  com.mm.marketgauge.util.LogHelper - Extracting data for sector:311
2016-10-21 20:20:43,653 62419 [main] INFO  com.mm.marketgauge.util.LogHelper - Downloadign data from url:https://biz.yahoo.com/ic/526.html
2016-10-21 20:20:43,952 62718 [main] INFO  com.mm.marketgauge.util.LogHelper - Extracting data for sector:526
2016-10-21 20:20:44,295 63061 [main] INFO  com.mm.marketgauge.util.LogHelper - Downloadign data from url:https://biz.yahoo.com/ic/736.html
2016-10-21 20:20:44,537 63303 [main] INFO  com.mm.marketgauge.util.LogHelper - Extracting data for sector:736
2016-10-21 20:20:44,881 63647 [main] INFO  com.mm.marketgauge.util.LogHelper - Downloadign data from url:https://biz.yahoo.com/ic/524.html
2016-10-21 20:20:45,154 63920 [main] INFO  com.mm.marketgauge.util.LogHelper - Extracting data for sector:524
2016-10-21 20:20:45,499 64265 [main] INFO  com.mm.marketgauge.util.LogHelper - Downloadign data from url:https://biz.yahoo.com/ic/312.html
2016-10-21 20:20:45,809 64575 [main] INFO  com.mm.marketgauge.util.LogHelper - Extracting data for sector:312
2016-10-21 20:20:46,088 64854 [main] INFO  com.mm.marketgauge.util.LogHelper - Downloadign data from url:https://biz.yahoo.com/ic/121.html
2016-10-21 20:20:46,334 65100 [main] INFO  com.mm.marketgauge.util.LogHelper - Extracting data for sector:121
2016-10-21 20:20:46,685 65451 [main] INFO  com.mm.marketgauge.util.LogHelper - Downloadign data from url:https://biz.yahoo.com/ic/627.html
2016-10-21 20:20:46,951 65717 [main] INFO  com.mm.marketgauge.util.LogHelper - Extracting data for sector:627
2016-10-21 20:20:47,308 66074 [main] INFO  com.mm.marketgauge.util.LogHelper - Downloadign data from url:https://biz.yahoo.com/ic/621.html
2016-10-21 20:20:47,563 66329 [main] INFO  com.mm.marketgauge.util.LogHelper - Extracting data for sector:621
2016-10-21 20:20:47,926 66692 [main] INFO  com.mm.marketgauge.util.LogHelper - Downloadign data from url:https://biz.yahoo.com/ic/752.html
2016-10-21 20:20:48,226 66992 [main] INFO  com.mm.marketgauge.util.LogHelper - Extracting data for sector:752
2016-10-21 20:20:48,568 67334 [main] INFO  com.mm.marketgauge.util.LogHelper - Downloadign data from url:https://biz.yahoo.com/ic/133.html
2016-10-21 20:20:48,824 67590 [main] INFO  com.mm.marketgauge.util.LogHelper - Extracting data for sector:133
2016-10-21 20:20:49,180 67946 [main] INFO  com.mm.marketgauge.util.LogHelper - Downloadign data from url:https://biz.yahoo.com/ic/827.html
2016-10-21 20:20:49,427 68193 [main] INFO  com.mm.marketgauge.util.LogHelper - Extracting data for sector:827
2016-10-21 20:20:49,780 68546 [main] INFO  com.mm.marketgauge.util.LogHelper - Downloadign data from url:https://biz.yahoo.com/ic/824.html
2016-10-21 20:20:50,057 68823 [main] INFO  com.mm.marketgauge.util.LogHelper - Extracting data for sector:824
2016-10-21 20:20:50,398 69164 [main] INFO  com.mm.marketgauge.util.LogHelper - Downloadign data from url:https://biz.yahoo.com/ic/434.html
2016-10-21 20:20:50,636 69402 [main] INFO  com.mm.marketgauge.util.LogHelper - Extracting data for sector:434
2016-10-21 20:20:50,979 69745 [main] INFO  com.mm.marketgauge.util.LogHelper - Downloadign data from url:https://biz.yahoo.com/ic/851.html
2016-10-21 20:20:51,432 70198 [main] INFO  com.mm.marketgauge.util.LogHelper - Extracting data for sector:851
2016-10-21 20:20:51,904 70670 [main] INFO  com.mm.marketgauge.util.LogHelper - Downloadign data from url:https://biz.yahoo.com/ic/850.html
2016-10-21 20:20:52,146 70912 [main] INFO  com.mm.marketgauge.util.LogHelper - Extracting data for sector:850
2016-10-21 20:20:52,477 71243 [main] INFO  com.mm.marketgauge.util.LogHelper - Downloadign data from url:https://biz.yahoo.com/ic/852.html
2016-10-21 20:20:52,723 71489 [main] INFO  com.mm.marketgauge.util.LogHelper - Extracting data for sector:852
2016-10-21 20:20:53,073 71839 [main] INFO  com.mm.marketgauge.util.LogHelper - Downloadign data from url:https://biz.yahoo.com/ic/420.html
2016-10-21 20:20:53,335 72101 [main] INFO  com.mm.marketgauge.util.LogHelper - Extracting data for sector:420
2016-10-21 20:20:53,690 72456 [main] INFO  com.mm.marketgauge.util.LogHelper - Downloadign data from url:https://biz.yahoo.com/ic/421.html
2016-10-21 20:20:53,950 72716 [main] INFO  com.mm.marketgauge.util.LogHelper - Extracting data for sector:421
2016-10-21 20:20:54,206 72972 [main] INFO  com.mm.marketgauge.util.LogHelper - Downloadign data from url:https://biz.yahoo.com/ic/742.html
2016-10-21 20:20:54,456 73222 [main] INFO  com.mm.marketgauge.util.LogHelper - Extracting data for sector:742
2016-10-21 20:20:54,894 73660 [main] INFO  com.mm.marketgauge.util.LogHelper - Downloadign data from url:https://biz.yahoo.com/ic/430.html
2016-10-21 20:20:55,146 73912 [main] INFO  com.mm.marketgauge.util.LogHelper - Extracting data for sector:430
2016-10-21 20:20:55,485 74251 [main] INFO  com.mm.marketgauge.util.LogHelper - Downloadign data from url:https://biz.yahoo.com/ic/710.html
2016-10-21 20:20:55,719 74485 [main] INFO  com.mm.marketgauge.util.LogHelper - Extracting data for sector:710
2016-10-21 20:20:55,963 74729 [main] INFO  com.mm.marketgauge.util.LogHelper - Downloadign data from url:https://biz.yahoo.com/ic/843.html
2016-10-21 20:20:56,324 75090 [main] INFO  com.mm.marketgauge.util.LogHelper - Extracting data for sector:843
2016-10-21 20:20:56,658 75424 [main] INFO  com.mm.marketgauge.util.LogHelper - Downloadign data from url:https://biz.yahoo.com/ic/523.html
2016-10-21 20:20:56,941 75707 [main] INFO  com.mm.marketgauge.util.LogHelper - Extracting data for sector:523
2016-10-21 20:20:57,278 76044 [main] INFO  com.mm.marketgauge.util.LogHelper - Downloadign data from url:https://biz.yahoo.com/ic/632.html
2016-10-21 20:20:57,547 76313 [main] INFO  com.mm.marketgauge.util.LogHelper - Extracting data for sector:632
2016-10-21 20:20:57,945 76711 [main] INFO  com.mm.marketgauge.util.LogHelper - Downloadign data from url:https://biz.yahoo.com/ic/624.html
2016-10-21 20:20:58,273 77039 [main] INFO  com.mm.marketgauge.util.LogHelper - Extracting data for sector:624
2016-10-21 20:20:58,629 77395 [main] INFO  com.mm.marketgauge.util.LogHelper - Downloadign data from url:https://biz.yahoo.com/ic/770.html
2016-10-21 20:20:58,875 77641 [main] INFO  com.mm.marketgauge.util.LogHelper - Extracting data for sector:770
2016-10-21 20:20:59,209 77975 [main] INFO  com.mm.marketgauge.util.LogHelper - Downloadign data from url:https://biz.yahoo.com/ic/120.html
2016-10-21 20:20:59,449 78215 [main] INFO  com.mm.marketgauge.util.LogHelper - Extracting data for sector:120
2016-10-21 20:20:59,797 78563 [main] INFO  com.mm.marketgauge.util.LogHelper - Downloadign data from url:https://biz.yahoo.com/ic/769.html
2016-10-21 20:21:00,057 78823 [main] INFO  com.mm.marketgauge.util.LogHelper - Extracting data for sector:769
2016-10-21 20:21:00,407 79173 [main] INFO  com.mm.marketgauge.util.LogHelper - Downloadign data from url:https://biz.yahoo.com/ic/631.html
2016-10-21 20:21:00,756 79522 [main] INFO  com.mm.marketgauge.util.LogHelper - Extracting data for sector:631
2016-10-21 20:21:01,099 79865 [main] INFO  com.mm.marketgauge.util.LogHelper - Downloadign data from url:https://biz.yahoo.com/ic/721.html
2016-10-21 20:21:01,346 80112 [main] INFO  com.mm.marketgauge.util.LogHelper - Extracting data for sector:721
2016-10-21 20:21:01,709 80475 [main] INFO  com.mm.marketgauge.util.LogHelper - Downloadign data from url:https://biz.yahoo.com/ic/343.html
2016-10-21 20:21:01,948 80714 [main] INFO  com.mm.marketgauge.util.LogHelper - Extracting data for sector:343
2016-10-21 20:21:02,292 81058 [main] INFO  com.mm.marketgauge.util.LogHelper - Downloadign data from url:https://biz.yahoo.com/ic/521.html
2016-10-21 20:21:02,592 81358 [main] INFO  com.mm.marketgauge.util.LogHelper - Extracting data for sector:521
2016-10-21 20:21:02,939 81705 [main] INFO  com.mm.marketgauge.util.LogHelper - Downloadign data from url:https://biz.yahoo.com/ic/754.html
2016-10-21 20:21:03,177 81943 [main] INFO  com.mm.marketgauge.util.LogHelper - Extracting data for sector:754
2016-10-21 20:21:03,510 82276 [main] INFO  com.mm.marketgauge.util.LogHelper - Downloadign data from url:https://biz.yahoo.com/ic/520.html
2016-10-21 20:21:03,765 82531 [main] INFO  com.mm.marketgauge.util.LogHelper - Extracting data for sector:520
2016-10-21 20:21:04,111 82877 [main] INFO  com.mm.marketgauge.util.LogHelper - Downloadign data from url:https://biz.yahoo.com/ic/525.html
2016-10-21 20:21:04,359 83125 [main] INFO  com.mm.marketgauge.util.LogHelper - Extracting data for sector:525
2016-10-21 20:21:04,699 83465 [main] INFO  com.mm.marketgauge.util.LogHelper - Downloadign data from url:https://biz.yahoo.com/ic/527.html
2016-10-21 20:21:04,942 83708 [main] INFO  com.mm.marketgauge.util.LogHelper - Extracting data for sector:527
2016-10-21 20:21:05,281 84047 [main] INFO  com.mm.marketgauge.util.LogHelper - Downloadign data from url:https://biz.yahoo.com/ic/626.html
2016-10-21 20:21:05,521 84287 [main] INFO  com.mm.marketgauge.util.LogHelper - Extracting data for sector:626
2016-10-21 20:21:05,861 84627 [main] INFO  com.mm.marketgauge.util.LogHelper - Downloadign data from url:https://biz.yahoo.com/ic/410.html
2016-10-21 20:21:06,101 84867 [main] INFO  com.mm.marketgauge.util.LogHelper - Extracting data for sector:410
2016-10-21 20:21:06,505 85271 [main] INFO  com.mm.marketgauge.util.LogHelper - Downloadign data from url:https://biz.yahoo.com/ic/447.html
2016-10-21 20:21:06,791 85557 [main] INFO  com.mm.marketgauge.util.LogHelper - Extracting data for sector:447
2016-10-21 20:21:07,139 85905 [main] INFO  com.mm.marketgauge.util.LogHelper - Downloadign data from url:https://biz.yahoo.com/ic/726.html
2016-10-21 20:21:07,399 86165 [main] INFO  com.mm.marketgauge.util.LogHelper - Extracting data for sector:726
2016-10-21 20:21:07,755 86521 [main] INFO  com.mm.marketgauge.util.LogHelper - Downloadign data from url:https://biz.yahoo.com/ic/820.html
2016-10-21 20:21:08,003 86769 [main] INFO  com.mm.marketgauge.util.LogHelper - Extracting data for sector:820
2016-10-21 20:21:08,354 87120 [main] INFO  com.mm.marketgauge.util.LogHelper - Downloadign data from url:https://biz.yahoo.com/ic/743.html
2016-10-21 20:21:08,655 87421 [main] INFO  com.mm.marketgauge.util.LogHelper - Extracting data for sector:743
2016-10-21 20:21:08,986 87752 [main] INFO  com.mm.marketgauge.util.LogHelper - Downloadign data from url:https://biz.yahoo.com/ic/814.html
2016-10-21 20:21:09,234 88000 [main] INFO  com.mm.marketgauge.util.LogHelper - Extracting data for sector:814
2016-10-21 20:21:09,569 88335 [main] INFO  com.mm.marketgauge.util.LogHelper - Downloadign data from url:https://biz.yahoo.com/ic/136.html
2016-10-21 20:21:09,813 88579 [main] INFO  com.mm.marketgauge.util.LogHelper - Extracting data for sector:136
2016-10-21 20:21:10,148 88914 [main] INFO  com.mm.marketgauge.util.LogHelper - Downloadign data from url:https://biz.yahoo.com/ic/327.html
2016-10-21 20:21:10,420 89186 [main] INFO  com.mm.marketgauge.util.LogHelper - Extracting data for sector:327
2016-10-21 20:21:11,016 89782 [main] INFO  com.mm.marketgauge.util.LogHelper - Downloadign data from url:https://biz.yahoo.com/ic/123.html
2016-10-21 20:21:11,258 90024 [main] INFO  com.mm.marketgauge.util.LogHelper - Extracting data for sector:123
2016-10-21 20:21:11,601 90367 [main] INFO  com.mm.marketgauge.util.LogHelper - Downloadign data from url:https://biz.yahoo.com/ic/124.html
2016-10-21 20:21:11,915 90681 [main] INFO  com.mm.marketgauge.util.LogHelper - Extracting data for sector:124
2016-10-21 20:21:12,393 91159 [main] INFO  com.mm.marketgauge.util.LogHelper - Downloadign data from url:https://biz.yahoo.com/ic/125.html
2016-10-21 20:21:12,850 91616 [main] INFO  com.mm.marketgauge.util.LogHelper - Extracting data for sector:125
2016-10-21 20:21:13,220 91986 [main] INFO  com.mm.marketgauge.util.LogHelper - Downloadign data from url:https://biz.yahoo.com/ic/122.html
2016-10-21 20:21:13,470 92236 [main] INFO  com.mm.marketgauge.util.LogHelper - Extracting data for sector:122
2016-10-21 20:21:13,819 92585 [main] INFO  com.mm.marketgauge.util.LogHelper - Downloadign data from url:https://biz.yahoo.com/ic/325.html
2016-10-21 20:21:14,067 92833 [main] INFO  com.mm.marketgauge.util.LogHelper - Extracting data for sector:325
2016-10-21 20:21:14,423 93189 [main] INFO  com.mm.marketgauge.util.LogHelper - Downloadign data from url:https://biz.yahoo.com/ic/324.html
2016-10-21 20:21:14,671 93437 [main] INFO  com.mm.marketgauge.util.LogHelper - Extracting data for sector:324
2016-10-21 20:21:15,017 93783 [main] INFO  com.mm.marketgauge.util.LogHelper - Downloadign data from url:https://biz.yahoo.com/ic/811.html
2016-10-21 20:21:15,310 94076 [main] INFO  com.mm.marketgauge.util.LogHelper - Extracting data for sector:811
2016-10-21 20:21:15,570 94336 [main] INFO  com.mm.marketgauge.util.LogHelper - Downloadign data from url:https://biz.yahoo.com/ic/323.html
2016-10-21 20:21:15,867 94633 [main] INFO  com.mm.marketgauge.util.LogHelper - Extracting data for sector:323
2016-10-21 20:21:16,206 94972 [main] INFO  com.mm.marketgauge.util.LogHelper - Downloadign data from url:https://biz.yahoo.com/ic/762.html
2016-10-21 20:21:16,493 95259 [main] INFO  com.mm.marketgauge.util.LogHelper - Extracting data for sector:762
2016-10-21 20:21:16,856 95622 [main] INFO  com.mm.marketgauge.util.LogHelper - Downloadign data from url:https://biz.yahoo.com/ic/318.html
2016-10-21 20:21:17,097 95863 [main] INFO  com.mm.marketgauge.util.LogHelper - Extracting data for sector:318
2016-10-21 20:21:17,430 96196 [main] INFO  com.mm.marketgauge.util.LogHelper - Downloadign data from url:https://biz.yahoo.com/ic/623.html
2016-10-21 20:21:17,738 96504 [main] INFO  com.mm.marketgauge.util.LogHelper - Extracting data for sector:623
2016-10-21 20:21:18,073 96839 [main] INFO  com.mm.marketgauge.util.LogHelper - Downloadign data from url:https://biz.yahoo.com/ic/835.html
2016-10-21 20:21:18,325 97091 [main] INFO  com.mm.marketgauge.util.LogHelper - Extracting data for sector:835
2016-10-21 20:21:18,757 97523 [main] INFO  com.mm.marketgauge.util.LogHelper - Downloadign data from url:https://biz.yahoo.com/ic/342.html
2016-10-21 20:21:19,023 97789 [main] INFO  com.mm.marketgauge.util.LogHelper - Extracting data for sector:342
2016-10-21 20:21:19,353 98119 [main] INFO  com.mm.marketgauge.util.LogHelper - Downloadign data from url:https://biz.yahoo.com/ic/842.html
2016-10-21 20:21:19,593 98359 [main] INFO  com.mm.marketgauge.util.LogHelper - Extracting data for sector:842
2016-10-21 20:21:19,929 98695 [main] INFO  com.mm.marketgauge.util.LogHelper - Downloadign data from url:https://biz.yahoo.com/ic/432.html
2016-10-21 20:21:20,174 98940 [main] INFO  com.mm.marketgauge.util.LogHelper - Extracting data for sector:432
2016-10-21 20:21:20,504 99270 [main] INFO  com.mm.marketgauge.util.LogHelper - Downloadign data from url:https://biz.yahoo.com/ic/448.html
2016-10-21 20:21:20,772 99538 [main] INFO  com.mm.marketgauge.util.LogHelper - Extracting data for sector:448
2016-10-21 20:21:21,103 99869 [main] INFO  com.mm.marketgauge.util.LogHelper - Downloadign data from url:https://biz.yahoo.com/ic/729.html
2016-10-21 20:21:21,346 100112 [main] INFO  com.mm.marketgauge.util.LogHelper - Extracting data for sector:729
2016-10-21 20:21:21,685 100451 [main] INFO  com.mm.marketgauge.util.LogHelper - Downloadign data from url:https://biz.yahoo.com/ic/727.html
2016-10-21 20:21:21,954 100720 [main] INFO  com.mm.marketgauge.util.LogHelper - Extracting data for sector:727
2016-10-21 20:21:22,287 101053 [main] INFO  com.mm.marketgauge.util.LogHelper - Downloadign data from url:https://biz.yahoo.com/ic/728.html
2016-10-21 20:21:22,538 101304 [main] INFO  com.mm.marketgauge.util.LogHelper - Extracting data for sector:728
2016-10-21 20:21:22,826 101592 [main] INFO  com.mm.marketgauge.util.LogHelper - Downloadign data from url:https://biz.yahoo.com/ic/440.html
2016-10-21 20:21:23,087 101853 [main] INFO  com.mm.marketgauge.util.LogHelper - Extracting data for sector:440
2016-10-21 20:21:23,410 102176 [main] INFO  com.mm.marketgauge.util.LogHelper - Downloadign data from url:https://biz.yahoo.com/ic/442.html
2016-10-21 20:21:23,651 102417 [main] INFO  com.mm.marketgauge.util.LogHelper - Extracting data for sector:442
2016-10-21 20:21:23,976 102742 [main] INFO  com.mm.marketgauge.util.LogHelper - Downloadign data from url:https://biz.yahoo.com/ic/443.html
2016-10-21 20:21:24,226 102992 [main] INFO  com.mm.marketgauge.util.LogHelper - Extracting data for sector:443
2016-10-21 20:21:24,572 103338 [main] INFO  com.mm.marketgauge.util.LogHelper - Downloadign data from url:https://biz.yahoo.com/ic/444.html
2016-10-21 20:21:24,852 103618 [main] INFO  com.mm.marketgauge.util.LogHelper - Extracting data for sector:444
2016-10-21 20:21:25,192 103958 [main] INFO  com.mm.marketgauge.util.LogHelper - Downloadign data from url:https://biz.yahoo.com/ic/441.html
2016-10-21 20:21:25,442 104208 [main] INFO  com.mm.marketgauge.util.LogHelper - Extracting data for sector:441
2016-10-21 20:21:25,789 104555 [main] INFO  com.mm.marketgauge.util.LogHelper - Downloadign data from url:https://biz.yahoo.com/ic/445.html
2016-10-21 20:21:26,033 104799 [main] INFO  com.mm.marketgauge.util.LogHelper - Extracting data for sector:445
2016-10-21 20:21:26,354 105120 [main] INFO  com.mm.marketgauge.util.LogHelper - Downloadign data from url:https://biz.yahoo.com/ic/446.html
2016-10-21 20:21:26,655 105421 [main] INFO  com.mm.marketgauge.util.LogHelper - Extracting data for sector:446
2016-10-21 20:21:26,996 105762 [main] INFO  com.mm.marketgauge.util.LogHelper - Downloadign data from url:https://biz.yahoo.com/ic/776.html
2016-10-21 20:21:27,288 106054 [main] INFO  com.mm.marketgauge.util.LogHelper - Extracting data for sector:776
2016-10-21 20:21:27,569 106335 [main] INFO  com.mm.marketgauge.util.LogHelper - Downloadign data from url:https://biz.yahoo.com/ic/449.html
2016-10-21 20:21:27,817 106583 [main] INFO  com.mm.marketgauge.util.LogHelper - Extracting data for sector:449
2016-10-21 20:21:28,176 106942 [main] INFO  com.mm.marketgauge.util.LogHelper - Downloadign data from url:https://biz.yahoo.com/ic/317.html
2016-10-21 20:21:28,434 107200 [main] INFO  com.mm.marketgauge.util.LogHelper - Extracting data for sector:317
2016-10-21 20:21:28,772 107538 [main] INFO  com.mm.marketgauge.util.LogHelper - Downloadign data from url:https://biz.yahoo.com/ic/332.html
2016-10-21 20:21:29,055 107821 [main] INFO  com.mm.marketgauge.util.LogHelper - Extracting data for sector:332
2016-10-21 20:21:29,394 108160 [main] INFO  com.mm.marketgauge.util.LogHelper - Downloadign data from url:https://biz.yahoo.com/ic/412.html
2016-10-21 20:21:29,637 108403 [main] INFO  com.mm.marketgauge.util.LogHelper - Extracting data for sector:412
2016-10-21 20:21:29,979 108745 [main] INFO  com.mm.marketgauge.util.LogHelper - Downloadign data from url:https://biz.yahoo.com/ic/414.html
2016-10-21 20:21:30,225 108991 [main] INFO  com.mm.marketgauge.util.LogHelper - Extracting data for sector:414
2016-10-21 20:21:30,549 109315 [main] INFO  com.mm.marketgauge.util.LogHelper - Downloadign data from url:https://biz.yahoo.com/ic/411.html
2016-10-21 20:21:30,813 109579 [main] INFO  com.mm.marketgauge.util.LogHelper - Extracting data for sector:411
2016-10-21 20:21:31,145 109911 [main] INFO  com.mm.marketgauge.util.LogHelper - Downloadign data from url:https://biz.yahoo.com/ic/416.html
2016-10-21 20:21:31,401 110167 [main] INFO  com.mm.marketgauge.util.LogHelper - Extracting data for sector:416
2016-10-21 20:21:31,750 110516 [main] INFO  com.mm.marketgauge.util.LogHelper - Downloadign data from url:https://biz.yahoo.com/ic/413.html
2016-10-21 20:21:32,720 111486 [main] INFO  com.mm.marketgauge.util.LogHelper - Extracting data for sector:413
2016-10-21 20:21:32,975 111741 [main] INFO  com.mm.marketgauge.util.LogHelper - Downloadign data from url:https://biz.yahoo.com/ic/415.html
2016-10-21 20:21:33,232 111998 [main] INFO  com.mm.marketgauge.util.LogHelper - Extracting data for sector:415
2016-10-21 20:21:33,565 112331 [main] INFO  com.mm.marketgauge.util.LogHelper - Downloadign data from url:https://biz.yahoo.com/ic/771.html
2016-10-21 20:21:33,799 112565 [main] INFO  com.mm.marketgauge.util.LogHelper - Extracting data for sector:771
2016-10-21 20:21:34,142 112908 [main] INFO  com.mm.marketgauge.util.LogHelper - Downloadign data from url:https://biz.yahoo.com/ic/761.html
2016-10-21 20:21:34,401 113167 [main] INFO  com.mm.marketgauge.util.LogHelper - Extracting data for sector:761
2016-10-21 20:21:34,761 113527 [main] INFO  com.mm.marketgauge.util.LogHelper - Downloadign data from url:https://biz.yahoo.com/ic/768.html
2016-10-21 20:21:35,017 113783 [main] INFO  com.mm.marketgauge.util.LogHelper - Extracting data for sector:768
2016-10-21 20:21:35,904 114670 [main] INFO  com.mm.marketgauge.util.LogHelper - Downloadign data from url:https://biz.yahoo.com/ic/630.html
2016-10-21 20:21:36,220 114986 [main] INFO  com.mm.marketgauge.util.LogHelper - Extracting data for sector:630
2016-10-21 20:21:36,554 115320 [main] INFO  com.mm.marketgauge.util.LogHelper - Downloadign data from url:https://biz.yahoo.com/ic/711.html
2016-10-21 20:21:36,793 115559 [main] INFO  com.mm.marketgauge.util.LogHelper - Extracting data for sector:711
2016-10-21 20:21:37,124 115890 [main] INFO  com.mm.marketgauge.util.LogHelper - Downloadign data from url:https://biz.yahoo.com/ic/712.html
2016-10-21 20:21:37,372 116138 [main] INFO  com.mm.marketgauge.util.LogHelper - Extracting data for sector:712
2016-10-21 20:21:37,713 116479 [main] INFO  com.mm.marketgauge.util.LogHelper - Downloadign data from url:https://biz.yahoo.com/ic/322.html
2016-10-21 20:21:37,973 116739 [main] INFO  com.mm.marketgauge.util.LogHelper - Extracting data for sector:322
2016-10-21 20:21:38,312 117078 [main] INFO  com.mm.marketgauge.util.LogHelper - Downloadign data from url:https://biz.yahoo.com/ic/419.html
2016-10-21 20:21:38,550 117316 [main] INFO  com.mm.marketgauge.util.LogHelper - Extracting data for sector:419
2016-10-21 20:21:39,065 117831 [main] INFO  com.mm.marketgauge.util.LogHelper - Downloadign data from url:https://biz.yahoo.com/ic/837.html
2016-10-21 20:21:39,393 118159 [main] INFO  com.mm.marketgauge.util.LogHelper - Extracting data for sector:837
2016-10-21 20:21:39,754 118520 [main] INFO  com.mm.marketgauge.util.LogHelper - Downloadign data from url:https://biz.yahoo.com/ic/765.html
2016-10-21 20:21:40,026 118792 [main] INFO  com.mm.marketgauge.util.LogHelper - Extracting data for sector:765
2016-10-21 20:21:40,373 119139 [main] INFO  com.mm.marketgauge.util.LogHelper - Downloadign data from url:https://biz.yahoo.com/ic/823.html
2016-10-21 20:21:40,660 119426 [main] INFO  com.mm.marketgauge.util.LogHelper - Extracting data for sector:823
2016-10-21 20:21:41,005 119771 [main] INFO  com.mm.marketgauge.util.LogHelper - Downloadign data from url:https://biz.yahoo.com/ic/830.html
2016-10-21 20:21:41,313 120079 [main] INFO  com.mm.marketgauge.util.LogHelper - Extracting data for sector:830
2016-10-21 20:21:41,653 120419 [main] INFO  com.mm.marketgauge.util.LogHelper - Downloadign data from url:https://biz.yahoo.com/ic/833.html
2016-10-21 20:21:41,901 120667 [main] INFO  com.mm.marketgauge.util.LogHelper - Extracting data for sector:833
2016-10-21 20:21:42,098 120864 [main] INFO  com.mm.marketgauge.util.LogHelper - Downloadign data from url:https://biz.yahoo.com/ic/832.html
2016-10-21 20:21:42,409 121175 [main] INFO  com.mm.marketgauge.util.LogHelper - Extracting data for sector:832
2016-10-21 20:21:42,746 121512 [main] INFO  com.mm.marketgauge.util.LogHelper - Downloadign data from url:https://biz.yahoo.com/ic/834.html
2016-10-21 20:21:43,013 121779 [main] INFO  com.mm.marketgauge.util.LogHelper - Extracting data for sector:834
2016-10-21 20:21:43,358 122124 [main] INFO  com.mm.marketgauge.util.LogHelper - Downloadign data from url:https://biz.yahoo.com/ic/831.html
2016-10-21 20:21:43,593 122359 [main] INFO  com.mm.marketgauge.util.LogHelper - Extracting data for sector:831
2016-10-21 20:21:43,935 122701 [main] INFO  com.mm.marketgauge.util.LogHelper - Downloadign data from url:https://biz.yahoo.com/ic/775.html
2016-10-21 20:21:44,186 122952 [main] INFO  com.mm.marketgauge.util.LogHelper - Extracting data for sector:775
2016-10-21 20:21:44,518 123284 [main] INFO  com.mm.marketgauge.util.LogHelper - Downloadign data from url:https://biz.yahoo.com/ic/135.html
2016-10-21 20:21:44,757 123523 [main] INFO  com.mm.marketgauge.util.LogHelper - Extracting data for sector:135
2016-10-21 20:21:45,089 123855 [main] INFO  com.mm.marketgauge.util.LogHelper - Downloadign data from url:https://biz.yahoo.com/ic/625.html
2016-10-21 20:21:45,391 124157 [main] INFO  com.mm.marketgauge.util.LogHelper - Extracting data for sector:625
2016-10-21 20:21:45,727 124493 [main] INFO  com.mm.marketgauge.util.LogHelper - Downloadign data from url:https://biz.yahoo.com/ic/528.html
2016-10-21 20:21:45,992 124758 [main] INFO  com.mm.marketgauge.util.LogHelper - Extracting data for sector:528
2016-10-21 20:21:46,400 125166 [main] INFO  com.mm.marketgauge.util.LogHelper - Downloadign data from url:https://biz.yahoo.com/ic/113.html
2016-10-21 20:21:46,639 125405 [main] INFO  com.mm.marketgauge.util.LogHelper - Extracting data for sector:113
2016-10-21 20:21:46,974 125740 [main] INFO  com.mm.marketgauge.util.LogHelper - Downloadign data from url:https://biz.yahoo.com/ic/713.html
2016-10-21 20:21:47,218 125984 [main] INFO  com.mm.marketgauge.util.LogHelper - Extracting data for sector:713
2016-10-21 20:21:47,548 126314 [main] INFO  com.mm.marketgauge.util.LogHelper - Downloadign data from url:https://biz.yahoo.com/ic/745.html
2016-10-21 20:21:47,787 126553 [main] INFO  com.mm.marketgauge.util.LogHelper - Extracting data for sector:745
2016-10-21 20:21:48,128 126894 [main] INFO  com.mm.marketgauge.util.LogHelper - Downloadign data from url:https://biz.yahoo.com/ic/715.html
2016-10-21 20:21:48,365 127131 [main] INFO  com.mm.marketgauge.util.LogHelper - Extracting data for sector:715
2016-10-21 20:21:48,710 127476 [main] INFO  com.mm.marketgauge.util.LogHelper - Downloadign data from url:https://biz.yahoo.com/ic/316.html
2016-10-21 20:21:48,971 127737 [main] INFO  com.mm.marketgauge.util.LogHelper - Extracting data for sector:316
2016-10-21 20:21:49,321 128087 [main] INFO  com.mm.marketgauge.util.LogHelper - Downloadign data from url:https://biz.yahoo.com/ic/740.html
2016-10-21 20:21:49,580 128346 [main] INFO  com.mm.marketgauge.util.LogHelper - Extracting data for sector:740
2016-10-21 20:21:49,916 128682 [main] INFO  com.mm.marketgauge.util.LogHelper - Downloadign data from url:https://biz.yahoo.com/ic/764.html
2016-10-21 20:21:50,173 128939 [main] INFO  com.mm.marketgauge.util.LogHelper - Extracting data for sector:764
2016-10-21 20:21:50,503 129269 [main] INFO  com.mm.marketgauge.util.LogHelper - Downloadign data from url:https://biz.yahoo.com/ic/130.html
2016-10-21 20:21:50,776 129542 [main] INFO  com.mm.marketgauge.util.LogHelper - Extracting data for sector:130
2016-10-21 20:21:51,132 129898 [main] INFO  com.mm.marketgauge.util.LogHelper - Downloadign data from url:https://biz.yahoo.com/ic/433.html
2016-10-21 20:21:51,445 130211 [main] INFO  com.mm.marketgauge.util.LogHelper - Extracting data for sector:433
2016-10-21 20:21:51,782 130548 [main] INFO  com.mm.marketgauge.util.LogHelper - Downloadign data from url:https://biz.yahoo.com/ic/111.html
2016-10-21 20:21:52,035 130801 [main] INFO  com.mm.marketgauge.util.LogHelper - Extracting data for sector:111
2016-10-21 20:21:52,377 131143 [main] INFO  com.mm.marketgauge.util.LogHelper - Downloadign data from url:https://biz.yahoo.com/ic/822.html
2016-10-21 20:21:52,702 131468 [main] INFO  com.mm.marketgauge.util.LogHelper - Extracting data for sector:822
2016-10-21 20:21:53,063 131829 [main] INFO  com.mm.marketgauge.util.LogHelper - Downloadign data from url:https://biz.yahoo.com/ic/767.html
2016-10-21 20:21:53,331 132097 [main] INFO  com.mm.marketgauge.util.LogHelper - Extracting data for sector:767
2016-10-21 20:21:53,676 132442 [main] INFO  com.mm.marketgauge.util.LogHelper - Downloadign data from url:https://biz.yahoo.com/ic/844.html
2016-10-21 20:21:53,928 132694 [main] INFO  com.mm.marketgauge.util.LogHelper - Extracting data for sector:844
2016-10-21 20:21:54,332 133098 [main] INFO  com.mm.marketgauge.util.LogHelper - Downloadign data from url:https://biz.yahoo.com/ic/845.html
2016-10-21 20:21:54,589 133355 [main] INFO  com.mm.marketgauge.util.LogHelper - Extracting data for sector:845
2016-10-21 20:21:54,937 133703 [main] INFO  com.mm.marketgauge.util.LogHelper - Downloadign data from url:https://biz.yahoo.com/ic/320.html
2016-10-21 20:21:55,368 134134 [main] INFO  com.mm.marketgauge.util.LogHelper - Extracting data for sector:320
2016-10-21 20:21:55,704 134470 [main] INFO  com.mm.marketgauge.util.LogHelper - Downloadign data from url:https://biz.yahoo.com/ic/321.html
2016-10-21 20:21:55,955 134721 [main] INFO  com.mm.marketgauge.util.LogHelper - Extracting data for sector:321
2016-10-21 20:21:56,384 135150 [main] INFO  com.mm.marketgauge.util.LogHelper - Downloadign data from url:https://biz.yahoo.com/ic/628.html
2016-10-21 20:21:56,688 135454 [main] INFO  com.mm.marketgauge.util.LogHelper - Extracting data for sector:628
2016-10-21 20:21:57,033 135799 [main] INFO  com.mm.marketgauge.util.LogHelper - Downloadign data from url:https://biz.yahoo.com/ic/351.html
2016-10-21 20:21:57,330 136096 [main] INFO  com.mm.marketgauge.util.LogHelper - Extracting data for sector:351
2016-10-21 20:21:57,678 136444 [main] INFO  com.mm.marketgauge.util.LogHelper - Downloadign data from url:https://biz.yahoo.com/ic/741.html
2016-10-21 20:21:57,922 136688 [main] INFO  com.mm.marketgauge.util.LogHelper - Extracting data for sector:741
2016-10-21 20:21:58,198 136964 [main] INFO  com.mm.marketgauge.util.LogHelper - Downloadign data from url:https://biz.yahoo.com/ic/315.html
2016-10-21 20:21:58,505 137271 [main] INFO  com.mm.marketgauge.util.LogHelper - Extracting data for sector:315
2016-10-21 20:21:58,837 137603 [main] INFO  com.mm.marketgauge.util.LogHelper - Downloadign data from url:https://biz.yahoo.com/ic/774.html
2016-10-21 20:21:59,076 137842 [main] INFO  com.mm.marketgauge.util.LogHelper - Extracting data for sector:774
2016-10-21 20:21:59,410 138176 [main] INFO  com.mm.marketgauge.util.LogHelper - Downloadign data from url:https://biz.yahoo.com/ic/331.html
2016-10-21 20:21:59,703 138469 [main] INFO  com.mm.marketgauge.util.LogHelper - Extracting data for sector:331
2016-10-21 20:22:00,039 138805 [main] INFO  com.mm.marketgauge.util.LogHelper - Downloadign data from url:https://biz.yahoo.com/ic/637.html
2016-10-21 20:22:00,294 139060 [main] INFO  com.mm.marketgauge.util.LogHelper - Extracting data for sector:637
2016-10-21 20:22:00,655 139421 [main] INFO  com.mm.marketgauge.util.LogHelper - Downloadign data from url:https://biz.yahoo.com/ic/914.html
2016-10-21 20:22:00,899 139665 [main] INFO  com.mm.marketgauge.util.LogHelper - Extracting data for sector:914
2016-10-21 20:22:01,239 140005 [main] INFO  com.mm.marketgauge.util.LogHelper - Downloadign data from url:https://biz.yahoo.com/ic/759.html
2016-10-21 20:22:01,508 140274 [main] INFO  com.mm.marketgauge.util.LogHelper - Extracting data for sector:759
2016-10-21 20:22:01,853 140619 [main] INFO  com.mm.marketgauge.util.LogHelper - Downloadign data from url:https://biz.yahoo.com/ic/840.html
2016-10-21 20:22:02,181 140947 [main] INFO  com.mm.marketgauge.util.LogHelper - Extracting data for sector:840
2016-10-21 20:22:02,529 141295 [main] INFO  com.mm.marketgauge.util.LogHelper - Got all sectors...
2016-10-21 22:09:38,322 2098 [pool-6-thread-3-ScalaTest-running-SectorServiceDownloaderSpec] INFO  com.mm.marketgauge.util.LogHelper - Extracting data for sector:124
2016-10-21 22:09:38,389 2165 [pool-6-thread-3-ScalaTest-running-SectorServiceDownloaderSpec] INFO  com.mm.marketgauge.util.LogHelper - Exception while fetching 124 
java.lang.IllegalArgumentException: Data not found
