2017-06-18 20:59:28,445 14927 [pool-8-thread-8-ScalaTest-running-CompanyDaoSuite] INFO  d.f.e.process.runtime.Executable - start de.flapdoodle.embed.mongo.config.MongodConfigBuilder$ImmutableMongodConfig@7d5fa295
2017-06-18 20:59:28,504 14986 [pool-8-thread-8-ScalaTest-running-CompanyDaoSuite] INFO  c.m.i.CompanyDaoSuite$$anonfun$1$$anon$1$$anon$2 - Initalizing wiht:null and null
2017-06-18 20:59:30,770 17252 [pool-8-thread-7-ScalaTest-running-SectorServiceDownloaderSpec] INFO  c.m.m.s.SectorServiceDownloaderSpec$$anon$1 - Got:1:2
2017-06-18 20:59:30,827 17309 [pool-8-thread-7-ScalaTest-running-SectorServiceDownloaderSpec] INFO  c.m.m.s.SectorServiceDownloaderSpec$$anon$1 - Downloading data for 124
2017-06-18 20:59:30,872 17354 [pool-8-thread-7-ScalaTest-running-SectorServiceDownloaderSpec] INFO  c.m.m.s.SectorServiceDownloaderSpec$$anon$1 - Extracting data for sector:124
2017-06-18 20:59:30,889 17371 [pool-8-thread-7-ScalaTest-running-SectorServiceDownloaderSpec] INFO  c.m.m.s.SectorServiceDownloaderSpec$$anon$1 - Downloading data for 124
2017-06-18 20:59:33,447 19929 [pool-8-thread-2-ScalaTest-running-DataDownloaderSpec] INFO  c.m.m.service.SimpleDataDownloader - Downloadign data from url:http://myurl
2017-06-18 20:59:34,647 21129 [pool-8-thread-8-ScalaTest-running-CompanyDaoSuite] INFO  c.m.i.CompanyDaoSuite$$anonfun$1$$anon$1 - Bulk Insert....
2017-06-18 20:59:34,652 21134 [pool-8-thread-8-ScalaTest-running-CompanyDaoSuite] INFO  c.m.i.CompanyDaoSuite$$anonfun$1$$anon$1 - Dao. Inserting:1
2017-06-18 20:59:39,423 25905 [pool-8-thread-9-ScalaTest-running-CompanyRepoDaoSuite] INFO  d.f.e.process.runtime.Executable - start de.flapdoodle.embed.mongo.config.MongodConfigBuilder$ImmutableMongodConfig@16f7506d
2017-06-18 20:59:39,439 25921 [pool-8-thread-9-ScalaTest-running-CompanyRepoDaoSuite] INFO  c.m.i.CompanyRepoDaoSuite$$anonfun$1$$anon$1$$anon$2 - Initalizing wiht:null and null
2017-06-18 20:59:39,979 26461 [pool-8-thread-9-ScalaTest-running-CompanyRepoDaoSuite] INFO  c.m.i.CompanyRepoDaoSuite$$anonfun$1$$anon$1 - Bulk RepoInsert....
2017-06-18 20:59:42,532 29014 [pool-8-thread-8-ScalaTest-running-CompanyDaoSuite] INFO  d.f.e.process.runtime.Executable - start de.flapdoodle.embed.mongo.config.MongodConfigBuilder$ImmutableMongodConfig@b4c2fb1
2017-06-18 20:59:42,533 29015 [pool-8-thread-8-ScalaTest-running-CompanyDaoSuite] INFO  c.m.i.CompanyDaoSuite$$anonfun$1$$anon$1$$anon$2 - Initalizing wiht:null and null
2017-06-18 20:59:42,713 29195 [pool-8-thread-8-ScalaTest-running-CompanyDaoSuite] INFO  c.m.i.CompanyDaoSuite$$anonfun$1$$anon$1 - Bulk Insert....
2017-06-18 20:59:42,714 29196 [pool-8-thread-8-ScalaTest-running-CompanyDaoSuite] INFO  c.m.i.CompanyDaoSuite$$anonfun$1$$anon$1 - Dao. Inserting:1
2017-06-18 20:59:43,995 30477 [pool-8-thread-8-ScalaTest-running-CompanyDaoSuite] INFO  c.m.i.CompanyDaoSuite$$anonfun$1$$anon$1 - ...There's data in db. updating one by one...
2017-06-18 20:59:44,005 30487 [pool-8-thread-8-ScalaTest-running-CompanyDaoSuite] INFO  c.m.i.CompanyDaoSuite$$anonfun$1$$anon$1 - Updating name
2017-06-18 20:59:47,831 34313 [pool-8-thread-9-ScalaTest-running-CompanyRepoDaoSuite] INFO  d.f.e.process.runtime.Executable - start de.flapdoodle.embed.mongo.config.MongodConfigBuilder$ImmutableMongodConfig@319c7899
2017-06-18 20:59:47,832 34314 [pool-8-thread-9-ScalaTest-running-CompanyRepoDaoSuite] INFO  c.m.i.CompanyRepoDaoSuite$$anonfun$1$$anon$1$$anon$2 - Initalizing wiht:null and null
2017-06-18 20:59:48,489 34971 [pool-8-thread-9-ScalaTest-running-CompanyRepoDaoSuite] INFO  c.m.i.CompanyRepoDaoSuite$$anonfun$1$$anon$1 - Bulk RepoInsert....
2017-06-18 20:59:49,738 36220 [pool-8-thread-9-ScalaTest-running-CompanyRepoDaoSuite] INFO  c.m.i.CompanyRepoDaoSuite$$anonfun$1$$anon$1 - ...There's data in repo db. updating one by one...
2017-06-18 20:59:49,748 36230 [pool-8-thread-9-ScalaTest-running-CompanyRepoDaoSuite] INFO  c.m.i.CompanyRepoDaoSuite$$anonfun$1$$anon$1 - Updating UpdatedName
2017-06-18 20:59:50,245 36727 [pool-8-thread-9-ScalaTest-running-CompanyRepoDaoSuite] INFO  d.f.e.p.runtime.ProcessControl - stopOrDestroyProcess: process has not exited 
2017-06-18 20:59:53,254 39736 [pool-8-thread-7-ScalaTest-running-SharePriceDaoSuite] INFO  d.f.e.process.runtime.Executable - start de.flapdoodle.embed.mongo.config.MongodConfigBuilder$ImmutableMongodConfig@16fe9dfc
2017-06-18 20:59:53,271 39753 [pool-8-thread-7-ScalaTest-running-SharePriceDaoSuite] INFO  c.m.i.SharePriceDaoSuite$$anonfun$1$$anon$1$$anon$2 - Initalizing wiht:null and null
2017-06-18 20:59:56,733 43215 [pool-8-thread-8-ScalaTest-running-SectorDaoSuite] INFO  d.f.e.process.runtime.Executable - start de.flapdoodle.embed.mongo.config.MongodConfigBuilder$ImmutableMongodConfig@2347dc41
2017-06-18 20:59:56,750 43232 [pool-8-thread-8-ScalaTest-running-SectorDaoSuite] INFO  c.m.i.SectorDaoSuite$$anonfun$1$$anon$1$$anon$2 - Initalizing wiht:null and null
2017-06-18 21:00:02,774 49256 [pool-8-thread-8-ScalaTest-running-SectorDaoSuite] INFO  d.f.e.process.runtime.Executable - start de.flapdoodle.embed.mongo.config.MongodConfigBuilder$ImmutableMongodConfig@678e70b4
2017-06-18 21:00:02,774 49256 [pool-8-thread-8-ScalaTest-running-SectorDaoSuite] INFO  c.m.i.SectorDaoSuite$$anonfun$1$$anon$1$$anon$2 - Initalizing wiht:null and null
2017-06-18 21:00:03,727 50209 [pool-8-thread-8-ScalaTest-running-SectorDaoSuite] INFO  c.m.i.SectorDaoSuite$$anonfun$1$$anon$1 - Found:1
2017-06-18 21:00:08,840 55322 [pool-8-thread-8-ScalaTest-running-SectorDaoSuite] INFO  d.f.e.process.runtime.Executable - start de.flapdoodle.embed.mongo.config.MongodConfigBuilder$ImmutableMongodConfig@5b6dc534
2017-06-18 21:00:08,840 55322 [pool-8-thread-8-ScalaTest-running-SectorDaoSuite] INFO  c.m.i.SectorDaoSuite$$anonfun$1$$anon$1$$anon$2 - Initalizing wiht:null and null
2017-06-18 21:00:16,831 63313 [pool-8-thread-8-ScalaTest-running-SectorDaoSuite] INFO  d.f.e.process.runtime.Executable - start de.flapdoodle.embed.mongo.config.MongodConfigBuilder$ImmutableMongodConfig@7030d2f4
2017-06-18 21:00:16,832 63314 [pool-8-thread-8-ScalaTest-running-SectorDaoSuite] INFO  c.m.i.SectorDaoSuite$$anonfun$1$$anon$1$$anon$2 - Initalizing wiht:null and null
