2017-08-02 20:19:48,154 6611 [pool-7-thread-4-ScalaTest-running-DataDownloaderSpec] INFO  c.m.m.service.SimpleDataDownloader - Downloadign data from url:http://myurl
2017-08-02 20:19:48,930 7387 [pool-7-thread-3-ScalaTest-running-SectorDaoSuite] INFO  d.f.e.process.runtime.Executable - start de.flapdoodle.embed.mongo.config.MongodConfigBuilder$ImmutableMongodConfig@4e9dfb71
2017-08-02 20:19:48,951 7408 [pool-7-thread-1-ScalaTest-running-SharePriceDaoSuite] INFO  d.f.e.process.runtime.Executable - start de.flapdoodle.embed.mongo.config.MongodConfigBuilder$ImmutableMongodConfig@6040e0a0
2017-08-02 20:19:48,974 7431 [pool-7-thread-5-ScalaTest-running-SectorServiceDownloaderSpec] INFO  c.m.m.s.SectorServiceDownloaderSpec$$anon$1 - Got:1:2
2017-08-02 20:19:48,983 7440 [pool-7-thread-5-ScalaTest-running-SectorServiceDownloaderSpec] INFO  c.m.m.s.SectorServiceDownloaderSpec$$anon$1 - Downloading data for 124
2017-08-02 20:19:48,998 7455 [pool-7-thread-5-ScalaTest-running-SectorServiceDownloaderSpec] INFO  c.m.m.s.SectorServiceDownloaderSpec$$anon$1 - Extracting data for sector:124
2017-08-02 20:19:49,041 7498 [pool-7-thread-5-ScalaTest-running-SectorServiceDownloaderSpec] INFO  c.m.m.s.SectorServiceDownloaderSpec$$anon$1 - Downloading data for 124
2017-08-02 20:19:49,812 8269 [pool-7-thread-1-ScalaTest-running-SharePriceDaoSuite] INFO  c.m.i.SharePriceDaoSuite$$anonfun$1$$anon$1$$anon$2 - Initalizing wiht:null and null
2017-08-02 20:19:49,812 8269 [pool-7-thread-6] INFO  c.m.m.p.PersistenceServiceSpec$$anon$1 - Initalizing wiht:mongodb://localhost:27017/ and test
2017-08-02 20:19:49,812 8269 [pool-7-thread-3-ScalaTest-running-SectorDaoSuite] INFO  c.m.i.SectorDaoSuite$$anonfun$1$$anon$1$$anon$2 - Initalizing wiht:null and null
2017-08-02 20:19:51,552 10009 [pool-7-thread-4-ScalaTest-running-CompanyDaoSuite] INFO  d.f.e.process.runtime.Executable - start de.flapdoodle.embed.mongo.config.MongodConfigBuilder$ImmutableMongodConfig@288f6170
2017-08-02 20:19:51,560 10017 [pool-7-thread-4-ScalaTest-running-CompanyDaoSuite] INFO  c.m.i.CompanyDaoSuite$$anonfun$1$$anon$1$$anon$2 - Initalizing wiht:null and null
2017-08-02 20:19:51,771 10228 [pool-7-thread-4-ScalaTest-running-CompanyDaoSuite] INFO  c.m.i.CompanyDaoSuite$$anonfun$1$$anon$1 - Bulk Insert....
2017-08-02 20:19:51,774 10231 [pool-7-thread-4-ScalaTest-running-CompanyDaoSuite] INFO  c.m.i.CompanyDaoSuite$$anonfun$1$$anon$1 - Dao. Inserting:1
2017-08-02 20:19:53,027 11484 [pool-7-thread-5-ScalaTest-running-CompanyRepoDaoSuite] INFO  d.f.e.process.runtime.Executable - start de.flapdoodle.embed.mongo.config.MongodConfigBuilder$ImmutableMongodConfig@24d33ffd
2017-08-02 20:19:53,037 11494 [pool-7-thread-5-ScalaTest-running-CompanyRepoDaoSuite] INFO  c.m.i.CompanyRepoDaoSuite$$anonfun$1$$anon$1$$anon$2 - Initalizing wiht:null and null
2017-08-02 20:19:53,113 11570 [pool-7-thread-5-ScalaTest-running-CompanyRepoDaoSuite] INFO  c.m.i.CompanyRepoDaoSuite$$anonfun$1$$anon$1 - Bulk RepoInsert....
2017-08-02 20:19:55,874 14331 [pool-7-thread-4-ScalaTest-running-CompanyDaoSuite] INFO  d.f.e.process.runtime.Executable - start de.flapdoodle.embed.mongo.config.MongodConfigBuilder$ImmutableMongodConfig@593159ed
2017-08-02 20:19:55,874 14331 [pool-7-thread-4-ScalaTest-running-CompanyDaoSuite] INFO  c.m.i.CompanyDaoSuite$$anonfun$1$$anon$1$$anon$2 - Initalizing wiht:null and null
2017-08-02 20:19:55,922 14379 [pool-7-thread-4-ScalaTest-running-CompanyDaoSuite] INFO  c.m.i.CompanyDaoSuite$$anonfun$1$$anon$1 - Bulk Insert....
2017-08-02 20:19:55,923 14380 [pool-7-thread-4-ScalaTest-running-CompanyDaoSuite] INFO  c.m.i.CompanyDaoSuite$$anonfun$1$$anon$1 - Dao. Inserting:1
2017-08-02 20:19:56,333 14790 [pool-7-thread-4-ScalaTest-running-CompanyDaoSuite] INFO  c.m.i.CompanyDaoSuite$$anonfun$1$$anon$1 - ...There's data in db. updating one by one...
2017-08-02 20:19:56,338 14795 [pool-7-thread-4-ScalaTest-running-CompanyDaoSuite] INFO  c.m.i.CompanyDaoSuite$$anonfun$1$$anon$1 - Updating name
2017-08-02 20:19:56,709 15166 [pool-7-thread-3-ScalaTest-running-SectorDaoSuite] INFO  d.f.e.process.runtime.Executable - start de.flapdoodle.embed.mongo.config.MongodConfigBuilder$ImmutableMongodConfig@4bcc5be4
2017-08-02 20:19:56,710 15167 [pool-7-thread-3-ScalaTest-running-SectorDaoSuite] INFO  c.m.i.SectorDaoSuite$$anonfun$1$$anon$1$$anon$2 - Initalizing wiht:null and null
2017-08-02 20:19:57,110 15567 [pool-7-thread-3-ScalaTest-running-SectorDaoSuite] INFO  c.m.i.SectorDaoSuite$$anonfun$1$$anon$1 - Found:1
2017-08-02 20:19:57,269 15726 [pool-7-thread-5-ScalaTest-running-CompanyRepoDaoSuite] INFO  d.f.e.process.runtime.Executable - start de.flapdoodle.embed.mongo.config.MongodConfigBuilder$ImmutableMongodConfig@41a2e454
2017-08-02 20:19:57,270 15727 [pool-7-thread-5-ScalaTest-running-CompanyRepoDaoSuite] INFO  c.m.i.CompanyRepoDaoSuite$$anonfun$1$$anon$1$$anon$2 - Initalizing wiht:null and null
2017-08-02 20:19:57,285 15742 [pool-7-thread-5-ScalaTest-running-CompanyRepoDaoSuite] INFO  c.m.i.CompanyRepoDaoSuite$$anonfun$1$$anon$1 - Bulk RepoInsert....
2017-08-02 20:19:57,671 16128 [pool-7-thread-5-ScalaTest-running-CompanyRepoDaoSuite] INFO  c.m.i.CompanyRepoDaoSuite$$anonfun$1$$anon$1 - ...There's data in repo db. updating one by one...
2017-08-02 20:19:57,677 16134 [pool-7-thread-5-ScalaTest-running-CompanyRepoDaoSuite] INFO  c.m.i.CompanyRepoDaoSuite$$anonfun$1$$anon$1 - Updating UpdatedName
2017-08-02 20:19:58,989 17446 [pool-7-thread-3-ScalaTest-running-SectorDaoSuite] INFO  d.f.e.process.runtime.Executable - start de.flapdoodle.embed.mongo.config.MongodConfigBuilder$ImmutableMongodConfig@1c604607
2017-08-02 20:19:58,990 17447 [pool-7-thread-3-ScalaTest-running-SectorDaoSuite] INFO  c.m.i.SectorDaoSuite$$anonfun$1$$anon$1$$anon$2 - Initalizing wiht:null and null
2017-08-02 20:20:01,739 20196 [pool-7-thread-3-ScalaTest-running-SectorDaoSuite] INFO  d.f.e.process.runtime.Executable - start de.flapdoodle.embed.mongo.config.MongodConfigBuilder$ImmutableMongodConfig@6282ccbc
2017-08-02 20:20:01,740 20197 [pool-7-thread-3-ScalaTest-running-SectorDaoSuite] INFO  c.m.i.SectorDaoSuite$$anonfun$1$$anon$1$$anon$2 - Initalizing wiht:null and null
2017-08-02 20:38:08,087 1743 [pool-7-thread-1-ScalaTest-running-SectorServiceDownloaderSpec] INFO  c.m.m.s.SectorServiceDownloaderSpec$$anon$1 - Downloading data for 124
2017-08-02 20:38:08,125 1781 [pool-7-thread-1-ScalaTest-running-SectorServiceDownloaderSpec] INFO  c.m.m.s.SectorServiceDownloaderSpec$$anon$1 - Extracting data for sector:124
2017-08-02 20:38:08,152 1808 [pool-7-thread-1-ScalaTest-running-SectorServiceDownloaderSpec] INFO  c.m.m.s.SectorServiceDownloaderSpec$$anon$1 - Downloading data for 124
2017-08-02 20:38:08,936 2592 [pool-7-thread-4-ScalaTest-running-DataDownloaderSpec] INFO  c.m.m.service.SimpleDataDownloader - Downloadign data from url:http://myurl
2017-08-02 20:38:10,899 4555 [pool-7-thread-3-ScalaTest-running-SectorDaoSuite] INFO  d.f.e.process.runtime.Executable - start de.flapdoodle.embed.mongo.config.MongodConfigBuilder$ImmutableMongodConfig@4baae7f8
2017-08-02 20:38:11,196 4852 [pool-7-thread-3-ScalaTest-running-SectorDaoSuite] INFO  c.m.i.SectorDaoSuite$$anonfun$1$$anon$1$$anon$2 - Initalizing wiht:null and null
2017-08-02 20:38:11,802 5458 [pool-7-thread-4-ScalaTest-running-CompanyRepoDaoSuite] INFO  d.f.e.process.runtime.Executable - start de.flapdoodle.embed.mongo.config.MongodConfigBuilder$ImmutableMongodConfig@5ebfb189
2017-08-02 20:38:11,809 5465 [pool-7-thread-4-ScalaTest-running-CompanyRepoDaoSuite] INFO  c.m.i.CompanyRepoDaoSuite$$anonfun$1$$anon$1$$anon$2 - Initalizing wiht:null and null
2017-08-02 20:38:11,851 5507 [pool-7-thread-4-ScalaTest-running-CompanyRepoDaoSuite] INFO  c.m.i.CompanyRepoDaoSuite$$anonfun$1$$anon$1 - Bulk RepoInsert....
2017-08-02 20:38:12,757 6413 [pool-7-thread-1-ScalaTest-running-SharePriceDaoSuite] INFO  d.f.e.process.runtime.Executable - start de.flapdoodle.embed.mongo.config.MongodConfigBuilder$ImmutableMongodConfig@2d69d319
2017-08-02 20:38:12,765 6421 [pool-7-thread-1-ScalaTest-running-SharePriceDaoSuite] INFO  c.m.i.SharePriceDaoSuite$$anonfun$1$$anon$1$$anon$2 - Initalizing wiht:null and null
2017-08-02 20:38:13,869 7525 [pool-7-thread-2-ScalaTest-running-CompanyDaoSuite] INFO  d.f.e.process.runtime.Executable - start de.flapdoodle.embed.mongo.config.MongodConfigBuilder$ImmutableMongodConfig@6b0f99b0
2017-08-02 20:38:13,877 7533 [pool-7-thread-2-ScalaTest-running-CompanyDaoSuite] INFO  c.m.i.CompanyDaoSuite$$anonfun$1$$anon$1$$anon$2 - Initalizing wiht:null and null
2017-08-02 20:38:13,937 7593 [pool-7-thread-2-ScalaTest-running-CompanyDaoSuite] INFO  c.m.i.CompanyDaoSuite$$anonfun$1$$anon$1 - Bulk Insert....
2017-08-02 20:38:13,939 7595 [pool-7-thread-2-ScalaTest-running-CompanyDaoSuite] INFO  c.m.i.CompanyDaoSuite$$anonfun$1$$anon$1 - Dao. Inserting:1
2017-08-02 20:38:14,823 8479 [pool-7-thread-3-ScalaTest-running-SectorDaoSuite] INFO  d.f.e.process.runtime.Executable - start de.flapdoodle.embed.mongo.config.MongodConfigBuilder$ImmutableMongodConfig@f1278b0
2017-08-02 20:38:14,824 8480 [pool-7-thread-3-ScalaTest-running-SectorDaoSuite] INFO  c.m.i.SectorDaoSuite$$anonfun$1$$anon$1$$anon$2 - Initalizing wiht:null and null
2017-08-02 20:38:15,401 9057 [pool-7-thread-3-ScalaTest-running-SectorDaoSuite] INFO  c.m.i.SectorDaoSuite$$anonfun$1$$anon$1 - Found:1
2017-08-02 20:38:15,648 9304 [pool-7-thread-4-ScalaTest-running-CompanyRepoDaoSuite] INFO  d.f.e.process.runtime.Executable - start de.flapdoodle.embed.mongo.config.MongodConfigBuilder$ImmutableMongodConfig@5faa455e
2017-08-02 20:38:15,648 9304 [pool-7-thread-4-ScalaTest-running-CompanyRepoDaoSuite] INFO  c.m.i.CompanyRepoDaoSuite$$anonfun$1$$anon$1$$anon$2 - Initalizing wiht:null and null
2017-08-02 20:38:15,691 9347 [pool-7-thread-4-ScalaTest-running-CompanyRepoDaoSuite] INFO  c.m.i.CompanyRepoDaoSuite$$anonfun$1$$anon$1 - Bulk RepoInsert....
2017-08-02 20:38:16,228 9884 [pool-7-thread-4-ScalaTest-running-CompanyRepoDaoSuite] INFO  c.m.i.CompanyRepoDaoSuite$$anonfun$1$$anon$1 - ...There's data in repo db. updating one by one...
2017-08-02 20:38:16,235 9891 [pool-7-thread-4-ScalaTest-running-CompanyRepoDaoSuite] INFO  c.m.i.CompanyRepoDaoSuite$$anonfun$1$$anon$1 - Updating UpdatedName
2017-08-02 20:38:17,104 10760 [pool-7-thread-2-ScalaTest-running-CompanyDaoSuite] INFO  d.f.e.process.runtime.Executable - start de.flapdoodle.embed.mongo.config.MongodConfigBuilder$ImmutableMongodConfig@6cce8485
2017-08-02 20:38:17,105 10761 [pool-7-thread-2-ScalaTest-running-CompanyDaoSuite] INFO  c.m.i.CompanyDaoSuite$$anonfun$1$$anon$1$$anon$2 - Initalizing wiht:null and null
2017-08-02 20:38:17,124 10780 [pool-7-thread-2-ScalaTest-running-CompanyDaoSuite] INFO  c.m.i.CompanyDaoSuite$$anonfun$1$$anon$1 - Bulk Insert....
2017-08-02 20:38:17,124 10780 [pool-7-thread-2-ScalaTest-running-CompanyDaoSuite] INFO  c.m.i.CompanyDaoSuite$$anonfun$1$$anon$1 - Dao. Inserting:1
2017-08-02 20:38:17,507 11163 [pool-7-thread-2-ScalaTest-running-CompanyDaoSuite] INFO  c.m.i.CompanyDaoSuite$$anonfun$1$$anon$1 - ...There's data in db. updating one by one...
2017-08-02 20:38:17,512 11168 [pool-7-thread-2-ScalaTest-running-CompanyDaoSuite] INFO  c.m.i.CompanyDaoSuite$$anonfun$1$$anon$1 - Updating name
2017-08-02 20:38:17,892 11548 [pool-7-thread-3-ScalaTest-running-SectorDaoSuite] INFO  d.f.e.process.runtime.Executable - start de.flapdoodle.embed.mongo.config.MongodConfigBuilder$ImmutableMongodConfig@70544599
2017-08-02 20:38:17,892 11548 [pool-7-thread-3-ScalaTest-running-SectorDaoSuite] INFO  c.m.i.SectorDaoSuite$$anonfun$1$$anon$1$$anon$2 - Initalizing wiht:null and null
2017-08-02 20:38:20,147 13803 [pool-7-thread-3-ScalaTest-running-SectorDaoSuite] INFO  d.f.e.process.runtime.Executable - start de.flapdoodle.embed.mongo.config.MongodConfigBuilder$ImmutableMongodConfig@6a246c51
2017-08-02 20:38:20,148 13804 [pool-7-thread-3-ScalaTest-running-SectorDaoSuite] INFO  c.m.i.SectorDaoSuite$$anonfun$1$$anon$1$$anon$2 - Initalizing wiht:null and null
