2016-10-18 21:59:13,775 1400 [pool-4-thread-3-ScalaTest-running-SectorServiceDownloaderSpec] INFO  com.mm.marketgauge.util.LogHelper - Extracting data for sector:124
2016-10-18 22:02:29,387 925  [main] INFO  com.mm.marketgauge.util.LogHelper - dbUri:mongodb://localhost:27017/
2016-10-18 22:02:29,401 939  [main] INFO  com.mm.marketgauge.util.LogHelper - Initalizing wiht:null
2016-10-18 22:02:29,406 944  [main] INFO  com.mm.marketgauge.util.LogHelper - dbUri:mongodb://localhost:27017/
2016-10-18 22:02:29,407 945  [main] INFO  com.mm.marketgauge.util.LogHelper - Initalizing wiht:null
2016-10-18 22:02:29,417 955  [main] INFO  com.mm.marketgauge.util.LogHelper - Starting load...
2016-10-18 22:02:29,419 957  [main] INFO  com.mm.marketgauge.util.LogHelper - Loading all sectors.....
2016-10-18 22:02:31,206 2744 [main] INFO  com.mm.marketgauge.util.LogHelper - Converting for ticker:Some(^YHOh769) Some(Accident & Health Insurance)
2016-10-18 22:02:31,219 2757 [main] INFO  com.mm.marketgauge.util.LogHelper - Converting for ticker:Some(^YHOh825) Some(Advertising Agencies)
2016-10-18 22:02:31,220 2758 [main] INFO  com.mm.marketgauge.util.LogHelper - Converting for ticker:Some(^YHOh799) Some(Aerospace/Defense - Major Diversified)
2016-10-18 22:02:31,220 2758 [main] INFO  com.mm.marketgauge.util.LogHelper - Converting for ticker:Some(^YHOh800) Some(Aerospace/Defense Products & Services)
2016-10-18 22:02:31,221 2759 [main] INFO  com.mm.marketgauge.util.LogHelper - Converting for ticker:Some(^YHOh702) Some(Agricultural Chemicals)
2016-10-18 22:02:31,221 2759 [main] INFO  com.mm.marketgauge.util.LogHelper - Converting for ticker:Some(^YHOh874) Some(Air Delivery & Freight Services)
2016-10-18 22:02:31,222 2760 [main] INFO  com.mm.marketgauge.util.LogHelper - Converting for ticker:Some(^YHOh873) Some(Air Services, Other)
2016-10-18 22:02:31,222 2760 [main] INFO  com.mm.marketgauge.util.LogHelper - Converting for ticker:Some(^YHOh712) Some(Aluminum)
2016-10-18 22:02:31,223 2761 [main] INFO  com.mm.marketgauge.util.LogHelper - Converting for ticker:Some(^YHOh835) Some(Apparel Stores)
2016-10-18 22:02:31,224 2762 [main] INFO  com.mm.marketgauge.util.LogHelper - Converting for ticker:Some(^YHOh718) Some(Appliances)
2016-10-18 22:02:31,224 2762 [main] INFO  com.mm.marketgauge.util.LogHelper - Converting for ticker:Some(^YHOh885) Some(Application Software)
2016-10-18 22:02:31,225 2763 [main] INFO  com.mm.marketgauge.util.LogHelper - Converting for ticker:Some(^YHOh762) Some(Asset Management)
2016-10-18 22:02:31,225 2763 [main] INFO  com.mm.marketgauge.util.LogHelper - Converting for ticker:Some(^YHOh849) Some(Auto Dealerships)
2016-10-18 22:02:31,226 2764 [main] INFO  com.mm.marketgauge.util.LogHelper - Converting for ticker:Some(^YHOh735) Some(Auto Manufacturers - Major)
2016-10-18 22:02:31,226 2764 [main] INFO  com.mm.marketgauge.util.LogHelper - Converting for ticker:Some(^YHOh738) Some(Auto Parts)
2016-10-18 22:02:31,227 2765 [main] INFO  com.mm.marketgauge.util.LogHelper - Converting for ticker:Some(^YHOh843) Some(Auto Parts Stores)
2016-10-18 22:02:31,227 2765 [main] INFO  com.mm.marketgauge.util.LogHelper - Converting for ticker:Some(^YHOh851) Some(Auto Parts Wholesale)
2016-10-18 22:02:31,230 2768 [main] INFO  com.mm.marketgauge.util.LogHelper - Converting for ticker:Some(^YHOh859) Some(Basic Materials Wholesale)
2016-10-18 22:02:31,230 2768 [main] INFO  com.mm.marketgauge.util.LogHelper - Converting for ticker:Some(^YHOh745) Some(Beverages - Brewers)
2016-10-18 22:02:31,231 2769 [main] INFO  com.mm.marketgauge.util.LogHelper - Converting for ticker:Some(^YHOh747) Some(Beverages - Soft Drinks)
2016-10-18 22:02:31,232 2770 [main] INFO  com.mm.marketgauge.util.LogHelper - Converting for ticker:Some(^YHOh746) Some(Beverages - Wineries & Distillers)
2016-10-18 22:02:31,232 2770 [main] INFO  com.mm.marketgauge.util.LogHelper - Converting for ticker:Some(^YHOh788) Some(Biotechnology)
2016-10-18 22:02:31,233 2771 [main] INFO  com.mm.marketgauge.util.LogHelper - Converting for ticker:Some(^YHOh829) Some(Broadcasting - Radio)
2016-10-18 22:02:31,234 2772 [main] INFO  com.mm.marketgauge.util.LogHelper - Converting for ticker:Some(^YHOh828) Some(Broadcasting - TV)
2016-10-18 22:02:31,234 2772 [main] INFO  com.mm.marketgauge.util.LogHelper - Converting for ticker:Some(^YHOh852) Some(Building Materials Wholesale)
2016-10-18 22:02:31,235 2773 [main] INFO  com.mm.marketgauge.util.LogHelper - Converting for ticker:Some(^YHOh721) Some(Business Equipment)
2016-10-18 22:02:31,236 2774 [main] INFO  com.mm.marketgauge.util.LogHelper - Converting for ticker:Some(^YHOh861) Some(Business Services)
2016-10-18 22:02:31,236 2774 [main] INFO  com.mm.marketgauge.util.LogHelper - Converting for ticker:Some(^YHOh890) Some(Business Software & Services)
2016-10-18 22:02:31,237 2775 [main] INFO  com.mm.marketgauge.util.LogHelper - Converting for ticker:Some(^YHOh830) Some(CATV Systems)
2016-10-18 22:02:31,237 2775 [main] INFO  com.mm.marketgauge.util.LogHelper - Converting for ticker:Some(^YHOh844) Some(Catalog & Mail Order Houses)
2016-10-18 22:02:31,238 2776 [main] INFO  com.mm.marketgauge.util.LogHelper - Converting for ticker:Some(^YHOh813) Some(Cement)
2016-10-18 22:02:31,238 2776 [main] INFO  com.mm.marketgauge.util.LogHelper - Converting for ticker:Some(^YHOh700) Some(Chemicals - Major Diversified)
2016-10-18 22:02:31,239 2777 [main] INFO  com.mm.marketgauge.util.LogHelper - Converting for ticker:Some(^YHOh748) Some(Cigarettes)
2016-10-18 22:02:31,239 2777 [main] INFO  com.mm.marketgauge.util.LogHelper - Converting for ticker:Some(^YHOh733) Some(Cleaning Products)
2016-10-18 22:02:31,240 2778 [main] INFO  com.mm.marketgauge.util.LogHelper - Converting for ticker:Some(^YHOh765) Some(Closed-End Fund - Debt)
2016-10-18 22:02:31,240 2778 [main] INFO  com.mm.marketgauge.util.LogHelper - Converting for ticker:Some(^YHOh766) Some(Closed-End Fund - Equity)
2016-10-18 22:02:31,241 2779 [main] INFO  com.mm.marketgauge.util.LogHelper - Converting for ticker:Some(^YHOh767) Some(Closed-End Fund - Foreign)
2016-10-18 22:02:31,242 2780 [main] INFO  com.mm.marketgauge.util.LogHelper - Converting for ticker:Some(^YHOh901) Some(Communication Equipment)
2016-10-18 22:02:31,242 2780 [main] INFO  com.mm.marketgauge.util.LogHelper - Converting for ticker:Some(^YHOh880) Some(Computer Based Systems)
2016-10-18 22:02:31,242 2780 [main] INFO  com.mm.marketgauge.util.LogHelper - Converting for ticker:Some(^YHOh883) Some(Computer Peripherals)
2016-10-18 22:02:31,243 2781 [main] INFO  com.mm.marketgauge.util.LogHelper - Converting for ticker:Some(^YHOh856) Some(Computers Wholesale)
2016-10-18 22:02:31,244 2782 [main] INFO  com.mm.marketgauge.util.LogHelper - Converting for ticker:Some(^YHOh744) Some(Confectioners)
2016-10-18 22:02:31,244 2782 [main] INFO  com.mm.marketgauge.util.LogHelper - Converting for ticker:Some(^YHOh717) Some(Conglomerates)
2016-10-18 22:02:31,244 2782 [main] INFO  com.mm.marketgauge.util.LogHelper - Converting for ticker:Some(^YHOh864) Some(Consumer Services)
2016-10-18 22:02:31,245 2783 [main] INFO  com.mm.marketgauge.util.LogHelper - Converting for ticker:Some(^YHOh711) Some(Copper)
2016-10-18 22:02:31,245 2783 [main] INFO  com.mm.marketgauge.util.LogHelper - Converting for ticker:Some(^YHOh764) Some(Credit Services)
2016-10-18 22:02:31,246 2784 [main] INFO  com.mm.marketgauge.util.LogHelper - Converting for ticker:Some(^YHOh743) Some(Dairy Products)
2016-10-18 22:02:31,246 2784 [main] INFO  com.mm.marketgauge.util.LogHelper - Converting for ticker:Some(^YHOh881) Some(Data Storage Devices)
2016-10-18 22:02:31,247 2785 [main] INFO  com.mm.marketgauge.util.LogHelper - Converting for ticker:Some(^YHOh836) Some(Department Stores)
2016-10-18 22:02:31,247 2785 [main] INFO  com.mm.marketgauge.util.LogHelper - Converting for ticker:Some(^YHOh789) Some(Diagnostic Substances)
2016-10-18 22:02:31,248 2786 [main] INFO  com.mm.marketgauge.util.LogHelper - Converting for ticker:Some(^YHOh837) Some(Discount, Variety Stores)
2016-10-18 22:02:31,249 2787 [main] INFO  com.mm.marketgauge.util.LogHelper - Converting for ticker:Some(^YHOh906) Some(Diversified Communication Services)
2016-10-18 22:02:31,250 2788 [main] INFO  com.mm.marketgauge.util.LogHelper - Converting for ticker:Some(^YHOh878) Some(Diversified Computer Systems)
2016-10-18 22:02:31,250 2788 [main] INFO  com.mm.marketgauge.util.LogHelper - Converting for ticker:Some(^YHOh898) Some(Diversified Electronics)
2016-10-18 22:02:31,251 2789 [main] INFO  com.mm.marketgauge.util.LogHelper - Converting for ticker:Some(^YHOh763) Some(Diversified Investments)
2016-10-18 22:02:31,251 2789 [main] INFO  com.mm.marketgauge.util.LogHelper - Converting for ticker:Some(^YHOh803) Some(Diversified Machinery)
2016-10-18 22:02:31,252 2790 [main] INFO  com.mm.marketgauge.util.LogHelper - Converting for ticker:Some(^YHOh913) Some(Diversified Utilities)
2016-10-18 22:02:31,253 2791 [main] INFO  com.mm.marketgauge.util.LogHelper - Converting for ticker:Some(^YHOh786) Some(Drug Delivery)
2016-10-18 22:02:31,253 2791 [main] INFO  com.mm.marketgauge.util.LogHelper - Converting for ticker:Some(^YHOh783) Some(Drug Manufacturers - Major)
2016-10-18 22:02:31,254 2792 [main] INFO  com.mm.marketgauge.util.LogHelper - Converting for ticker:Some(^YHOh784) Some(Drug Manufacturers - Other)
2016-10-18 22:02:31,254 2792 [main] INFO  com.mm.marketgauge.util.LogHelper - Converting for ticker:Some(^YHOh787) Some(Drug Related Products)
2016-10-18 22:02:31,255 2793 [main] INFO  com.mm.marketgauge.util.LogHelper - Converting for ticker:Some(^YHOh838) Some(Drug Stores)
2016-10-18 22:02:31,255 2793 [main] INFO  com.mm.marketgauge.util.LogHelper - Converting for ticker:Some(^YHOh785) Some(Drugs - Generic)
2016-10-18 22:02:31,256 2794 [main] INFO  com.mm.marketgauge.util.LogHelper - Converting for ticker:Some(^YHOh857) Some(Drugs Wholesale)
2016-10-18 22:02:31,256 2794 [main] INFO  com.mm.marketgauge.util.LogHelper - Converting for ticker:Some(^YHOh867) Some(Education & Training Services)
2016-10-18 22:02:31,256 2794 [main] INFO  com.mm.marketgauge.util.LogHelper - Converting for ticker:Some(^YHOh911) Some(Electric Utilities)
2016-10-18 22:02:31,257 2795 [main] INFO  com.mm.marketgauge.util.LogHelper - Converting for ticker:Some(^YHOh722) Some(Electronic Equipment)
2016-10-18 22:02:31,257 2795 [main] INFO  com.mm.marketgauge.util.LogHelper - Converting for ticker:Some(^YHOh840) Some(Electronics Stores)
2016-10-18 22:02:31,257 2795 [main] INFO  com.mm.marketgauge.util.LogHelper - Converting for ticker:Some(^YHOh854) Some(Electronics Wholesale)
2016-10-18 22:02:31,257 2795 [main] INFO  com.mm.marketgauge.util.LogHelper - Converting for ticker:Some(^YHOh827) Some(Entertainment - Diversified)
2016-10-18 22:02:31,258 2796 [main] INFO  com.mm.marketgauge.util.LogHelper - Converting for ticker:Some(^YHOh801) Some(Farm & Construction Machinery)
2016-10-18 22:02:31,258 2796 [main] INFO  com.mm.marketgauge.util.LogHelper - Converting for ticker:Some(^YHOh740) Some(Farm Products)
2016-10-18 22:02:31,258 2796 [main] INFO  com.mm.marketgauge.util.LogHelper - Converting for ticker:Some(^YHOh739) Some(Food - Major Diversified)
2016-10-18 22:02:31,260 2798 [main] INFO  com.mm.marketgauge.util.LogHelper - Converting for ticker:Some(^YHOh858) Some(Food Wholesale)
2016-10-18 22:02:31,260 2798 [main] INFO  com.mm.marketgauge.util.LogHelper - Converting for ticker:Some(^YHOh757) Some(Foreign Money Center Banks)
2016-10-18 22:02:31,261 2799 [main] INFO  com.mm.marketgauge.util.LogHelper - Converting for ticker:Some(^YHOh758) Some(Foreign Regional Banks)
2016-10-18 22:02:31,261 2799 [main] INFO  com.mm.marketgauge.util.LogHelper - Converting for ticker:Some(^YHOh910) Some(Foreign Utilities)
2016-10-18 22:02:31,262 2800 [main] INFO  com.mm.marketgauge.util.LogHelper - Converting for ticker:Some(^YHOh822) Some(Gaming Activities)
2016-10-18 22:02:31,262 2800 [main] INFO  com.mm.marketgauge.util.LogHelper - Converting for ticker:Some(^YHOh912) Some(Gas Utilities)
2016-10-18 22:02:31,262 2800 [main] INFO  com.mm.marketgauge.util.LogHelper - Converting for ticker:Some(^YHOh814) Some(General Building Materials)
2016-10-18 22:02:31,263 2801 [main] INFO  com.mm.marketgauge.util.LogHelper - Converting for ticker:Some(^YHOh816) Some(General Contractors)
2016-10-18 22:02:31,263 2801 [main] INFO  com.mm.marketgauge.util.LogHelper - Converting for ticker:Some(^YHOh824) Some(General Entertainment)
2016-10-18 22:02:31,264 2802 [main] INFO  com.mm.marketgauge.util.LogHelper - Converting for ticker:Some(^YHOh714) Some(Gold)
2016-10-18 22:02:31,264 2802 [main] INFO  com.mm.marketgauge.util.LogHelper - Converting for ticker:Some(^YHOh839) Some(Grocery Stores)
2016-10-18 22:02:31,264 2802 [main] INFO  com.mm.marketgauge.util.LogHelper - Converting for ticker:Some(^YHOh792) Some(Health Care Plans)
2016-10-18 22:02:31,265 2803 [main] INFO  com.mm.marketgauge.util.LogHelper - Converting for ticker:Some(^YHOh889) Some(Healthcare Information Services)
2016-10-18 22:02:31,265 2803 [main] INFO  com.mm.marketgauge.util.LogHelper - Converting for ticker:Some(^YHOh815) Some(Heavy Construction)
2016-10-18 22:02:31,266 2804 [main] INFO  com.mm.marketgauge.util.LogHelper - Converting for ticker:Some(^YHOh842) Some(Home Furnishing Stores)
2016-10-18 22:02:31,266 2804 [main] INFO  com.mm.marketgauge.util.LogHelper - Converting for ticker:Some(^YHOh719) Some(Home Furnishings & Fixtures)
2016-10-18 22:02:31,267 2805 [main] INFO  com.mm.marketgauge.util.LogHelper - Converting for ticker:Some(^YHOh796) Some(Home Health Care)
2016-10-18 22:02:31,268 2806 [main] INFO  com.mm.marketgauge.util.LogHelper - Converting for ticker:Some(^YHOh841) Some(Home Improvement Stores)
2016-10-18 22:02:31,269 2807 [main] INFO  com.mm.marketgauge.util.LogHelper - Converting for ticker:Some(^YHOh794) Some(Hospitals)
2016-10-18 22:02:31,269 2807 [main] INFO  com.mm.marketgauge.util.LogHelper - Converting for ticker:Some(^YHOh720) Some(Housewares & Accessories)
2016-10-18 22:02:31,270 2808 [main] INFO  com.mm.marketgauge.util.LogHelper - Converting for ticker:Some(^YHOh705) Some(Independent Oil & Gas)
2016-10-18 22:02:31,270 2808 [main] INFO  com.mm.marketgauge.util.LogHelper - Converting for ticker:Some(^YHOh808) Some(Industrial Electrical Equipment)
2016-10-18 22:02:31,270 2808 [main] INFO  com.mm.marketgauge.util.LogHelper - Converting for ticker:Some(^YHOh802) Some(Industrial Equipment & Components)
2016-10-18 22:02:31,271 2809 [main] INFO  com.mm.marketgauge.util.LogHelper - Converting for ticker:Some(^YHOh853) Some(Industrial Equipment Wholesale)
2016-10-18 22:02:31,272 2810 [main] INFO  com.mm.marketgauge.util.LogHelper - Converting for ticker:Some(^YHOh713) Some(Industrial Metals & Minerals)
2016-10-18 22:02:31,272 2810 [main] INFO  com.mm.marketgauge.util.LogHelper - Converting for ticker:Some(^YHOh891) Some(Information & Delivery Services)
2016-10-18 22:02:31,273 2811 [main] INFO  com.mm.marketgauge.util.LogHelper - Converting for ticker:Some(^YHOh888) Some(Information Technology Services)
2016-10-18 22:02:31,273 2811 [main] INFO  com.mm.marketgauge.util.LogHelper - Converting for ticker:Some(^YHOh772) Some(Insurance Brokers)
2016-10-18 22:02:31,283 2821 [main] INFO  com.mm.marketgauge.util.LogHelper - Converting for ticker:Some(^YHOh908) Some(Internet Information Providers)
2016-10-18 22:02:31,284 2822 [main] INFO  com.mm.marketgauge.util.LogHelper - Converting for ticker:Some(^YHOh907) Some(Internet Service Providers)
2016-10-18 22:02:31,284 2822 [main] INFO  com.mm.marketgauge.util.LogHelper - Converting for ticker:Some(^YHOh909) Some(Internet Software & Services)
2016-10-18 22:02:31,284 2822 [main] INFO  com.mm.marketgauge.util.LogHelper - Converting for ticker:Some(^YHOh760) Some(Investment Brokerage - National)
2016-10-18 22:02:31,286 2824 [main] INFO  com.mm.marketgauge.util.LogHelper - Converting for ticker:Some(^YHOh761) Some(Investment Brokerage - Regional)
2016-10-18 22:02:31,287 2825 [main] INFO  com.mm.marketgauge.util.LogHelper - Converting for ticker:Some(^YHOh847) Some(Jewelry Stores)
2016-10-18 22:02:31,287 2825 [main] INFO  com.mm.marketgauge.util.LogHelper - Converting for ticker:Some(^YHOh768) Some(Life Insurance)
2016-10-18 22:02:31,287 2825 [main] INFO  com.mm.marketgauge.util.LogHelper - Converting for ticker:Some(^YHOh818) Some(Lodging)
2016-10-18 22:02:31,288 2826 [main] INFO  com.mm.marketgauge.util.LogHelper - Converting for ticker:Some(^YHOh903) Some(Long Distance Carriers)
2016-10-18 22:02:31,289 2827 [main] INFO  com.mm.marketgauge.util.LogHelper - Converting for ticker:Some(^YHOh793) Some(Long-Term Care Facilities)
2016-10-18 22:02:31,289 2827 [main] INFO  com.mm.marketgauge.util.LogHelper - Converting for ticker:Some(^YHOh812) Some(Lumber, Wood Production)
2016-10-18 22:02:31,290 2828 [main] INFO  com.mm.marketgauge.util.LogHelper - Converting for ticker:Some(^YHOh805) Some(Machine Tools & Accessories)
2016-10-18 22:02:31,290 2828 [main] INFO  com.mm.marketgauge.util.LogHelper - Converting for ticker:Some(^YHOh871) Some(Major Airlines)
2016-10-18 22:02:31,291 2829 [main] INFO  com.mm.marketgauge.util.LogHelper - Converting for ticker:Some(^YHOh704) Some(Major Integrated Oil & Gas)
2016-10-18 22:02:31,291 2829 [main] INFO  com.mm.marketgauge.util.LogHelper - Converting for ticker:Some(^YHOh870) Some(Management Services)
2016-10-18 22:02:31,292 2830 [main] INFO  com.mm.marketgauge.util.LogHelper - Converting for ticker:Some(^YHOh811) Some(Manufactured Housing)
2016-10-18 22:02:31,292 2830 [main] INFO  com.mm.marketgauge.util.LogHelper - Converting for ticker:Some(^YHOh826) Some(Marketing Services)
2016-10-18 22:02:31,293 2831 [main] INFO  com.mm.marketgauge.util.LogHelper - Converting for ticker:Some(^YHOh742) Some(Meat Products)
2016-10-18 22:02:31,293 2831 [main] INFO  com.mm.marketgauge.util.LogHelper - Converting for ticker:Some(^YHOh791) Some(Medical Appliances & Equipment)
2016-10-18 22:02:31,293 2831 [main] INFO  com.mm.marketgauge.util.LogHelper - Converting for ticker:Some(^YHOh855) Some(Medical Equipment Wholesale)
2016-10-18 22:02:31,294 2832 [main] INFO  com.mm.marketgauge.util.LogHelper - Converting for ticker:Some(^YHOh790) Some(Medical Instruments & Supplies)
2016-10-18 22:02:31,295 2833 [main] INFO  com.mm.marketgauge.util.LogHelper - Converting for ticker:Some(^YHOh795) Some(Medical Laboratories & Research)
2016-10-18 22:02:31,296 2834 [main] INFO  com.mm.marketgauge.util.LogHelper - Converting for ticker:Some(^YHOh797) Some(Medical Practitioners)
2016-10-18 22:02:31,296 2834 [main] INFO  com.mm.marketgauge.util.LogHelper - Converting for ticker:Some(^YHOh807) Some(Metal Fabrication)
2016-10-18 22:02:31,296 2834 [main] INFO  com.mm.marketgauge.util.LogHelper - Converting for ticker:Some(^YHOh750) Some(Money Center Banks)
2016-10-18 22:02:31,297 2835 [main] INFO  com.mm.marketgauge.util.LogHelper - Converting for ticker:Some(^YHOh780) Some(Mortgage Investment)
2016-10-18 22:02:31,297 2835 [main] INFO  com.mm.marketgauge.util.LogHelper - Converting for ticker:Some(^YHOh831) Some(Movie Production, Theaters)
2016-10-18 22:02:31,298 2836 [main] INFO  com.mm.marketgauge.util.LogHelper - Converting for ticker:Some(^YHOh884) Some(Multimedia & Graphics Software)
2016-10-18 22:02:31,298 2836 [main] INFO  com.mm.marketgauge.util.LogHelper - Converting for ticker:Some(^YHOh848) Some(Music & Video Stores)
2016-10-18 22:02:31,298 2836 [main] INFO  com.mm.marketgauge.util.LogHelper - Converting for ticker:Some(^YHOh882) Some(Networking & Communication Devices)
2016-10-18 22:02:31,299 2837 [main] INFO  com.mm.marketgauge.util.LogHelper - Converting for ticker:Some(^YHOh716) Some(Nonmetallic Mineral Mining)
2016-10-18 22:02:31,299 2837 [main] INFO  com.mm.marketgauge.util.LogHelper - Converting for ticker:Some(^YHOh734) Some(Office Supplies)
2016-10-18 22:02:31,299 2837 [main] INFO  com.mm.marketgauge.util.LogHelper - Converting for ticker:Some(^YHOh707) Some(Oil & Gas Drilling & Exploration)
2016-10-18 22:02:31,300 2838 [main] INFO  com.mm.marketgauge.util.LogHelper - Converting for ticker:Some(^YHOh708) Some(Oil & Gas Equipment & Services)
2016-10-18 22:02:31,300 2838 [main] INFO  com.mm.marketgauge.util.LogHelper - Converting for ticker:Some(^YHOh709) Some(Oil & Gas Pipelines)
2016-10-18 22:02:31,300 2838 [main] INFO  com.mm.marketgauge.util.LogHelper - Converting for ticker:Some(^YHOh706) Some(Oil & Gas Refining & Marketing)
2016-10-18 22:02:31,301 2839 [main] INFO  com.mm.marketgauge.util.LogHelper - Converting for ticker:Some(^YHOh732) Some(Packaging & Containers)
2016-10-18 22:02:31,302 2840 [main] INFO  com.mm.marketgauge.util.LogHelper - Converting for ticker:Some(^YHOh731) Some(Paper & Paper Products)
2016-10-18 22:02:31,303 2841 [main] INFO  com.mm.marketgauge.util.LogHelper - Converting for ticker:Some(^YHOh879) Some(Personal Computers)
2016-10-18 22:02:31,303 2841 [main] INFO  com.mm.marketgauge.util.LogHelper - Converting for ticker:Some(^YHOh730) Some(Personal Products)
2016-10-18 22:02:31,303 2841 [main] INFO  com.mm.marketgauge.util.LogHelper - Converting for ticker:Some(^YHOh863) Some(Personal Services)
2016-10-18 22:02:31,303 2841 [main] INFO  com.mm.marketgauge.util.LogHelper - Converting for ticker:Some(^YHOh726) Some(Photographic Equipment & Supplies)
2016-10-18 22:02:31,304 2842 [main] INFO  com.mm.marketgauge.util.LogHelper - Converting for ticker:Some(^YHOh804) Some(Pollution & Treatment Controls)
2016-10-18 22:02:31,304 2842 [main] INFO  com.mm.marketgauge.util.LogHelper - Converting for ticker:Some(^YHOh897) Some(Printed Circuit Boards)
2016-10-18 22:02:31,304 2842 [main] INFO  com.mm.marketgauge.util.LogHelper - Converting for ticker:Some(^YHOh741) Some(Processed & Packaged Goods)
2016-10-18 22:02:31,305 2843 [main] INFO  com.mm.marketgauge.util.LogHelper - Converting for ticker:Some(^YHOh902) Some(Processing Systems & Products)
2016-10-18 22:02:31,305 2843 [main] INFO  com.mm.marketgauge.util.LogHelper - Converting for ticker:Some(^YHOh770) Some(Property & Casualty Insurance)
2016-10-18 22:02:31,306 2844 [main] INFO  com.mm.marketgauge.util.LogHelper - Converting for ticker:Some(^YHOh781) Some(Property Management)
2016-10-18 22:02:31,306 2844 [main] INFO  com.mm.marketgauge.util.LogHelper - Converting for ticker:Some(^YHOh834) Some(Publishing - Books)
2016-10-18 22:02:31,306 2844 [main] INFO  com.mm.marketgauge.util.LogHelper - Converting for ticker:Some(^YHOh832) Some(Publishing - Newspapers)
2016-10-18 22:02:31,307 2845 [main] INFO  com.mm.marketgauge.util.LogHelper - Converting for ticker:Some(^YHOh833) Some(Publishing - Periodicals)
2016-10-18 22:02:31,307 2845 [main] INFO  com.mm.marketgauge.util.LogHelper - Converting for ticker:Some(^YHOh773) Some(REIT - Diversified)
2016-10-18 22:02:31,308 2846 [main] INFO  com.mm.marketgauge.util.LogHelper - Converting for ticker:Some(^YHOh775) Some(REIT - Healthcare Facilities)
2016-10-18 22:02:31,308 2846 [main] INFO  com.mm.marketgauge.util.LogHelper - Converting for ticker:Some(^YHOh776) Some(REIT - Hotel/Motel)
2016-10-18 22:02:31,308 2846 [main] INFO  com.mm.marketgauge.util.LogHelper - Converting for ticker:Some(^YHOh777) Some(REIT - Industrial)
2016-10-18 22:02:31,309 2847 [main] INFO  com.mm.marketgauge.util.LogHelper - Converting for ticker:Some(^YHOh774) Some(REIT - Office)
2016-10-18 22:02:31,309 2847 [main] INFO  com.mm.marketgauge.util.LogHelper - Converting for ticker:Some(^YHOh778) Some(REIT - Residential)
2016-10-18 22:02:31,310 2848 [main] INFO  com.mm.marketgauge.util.LogHelper - Converting for ticker:Some(^YHOh779) Some(REIT - Retail)
2016-10-18 22:02:31,310 2848 [main] INFO  com.mm.marketgauge.util.LogHelper - Converting for ticker:Some(^YHOh877) Some(Railroads)
2016-10-18 22:02:31,310 2848 [main] INFO  com.mm.marketgauge.util.LogHelper - Converting for ticker:Some(^YHOh782) Some(Real Estate Development)
2016-10-18 22:02:31,311 2849 [main] INFO  com.mm.marketgauge.util.LogHelper - Converting for ticker:Some(^YHOh725) Some(Recreational Goods, Other)
2016-10-18 22:02:31,311 2849 [main] INFO  com.mm.marketgauge.util.LogHelper - Converting for ticker:Some(^YHOh737) Some(Recreational Vehicles)
2016-10-18 22:02:31,311 2849 [main] INFO  com.mm.marketgauge.util.LogHelper - Converting for ticker:Some(^YHOh752) Some(Regional - Mid-Atlantic Banks)
2016-10-18 22:02:31,312 2850 [main] INFO  com.mm.marketgauge.util.LogHelper - Converting for ticker:Some(^YHOh754) Some(Regional - Midwest Banks)
2016-10-18 22:02:31,312 2850 [main] INFO  com.mm.marketgauge.util.LogHelper - Converting for ticker:Some(^YHOh751) Some(Regional - Northeast Banks)
2016-10-18 22:02:31,313 2851 [main] INFO  com.mm.marketgauge.util.LogHelper - Converting for ticker:Some(^YHOh756) Some(Regional - Pacific Banks)
2016-10-18 22:02:31,313 2851 [main] INFO  com.mm.marketgauge.util.LogHelper - Converting for ticker:Some(^YHOh753) Some(Regional - Southeast Banks)
2016-10-18 22:02:31,314 2852 [main] INFO  com.mm.marketgauge.util.LogHelper - Converting for ticker:Some(^YHOh755) Some(Regional - Southwest  Banks)
2016-10-18 22:02:31,315 2853 [main] INFO  com.mm.marketgauge.util.LogHelper - Converting for ticker:Some(^YHOh872) Some(Regional Airlines)
2016-10-18 22:02:31,315 2853 [main] INFO  com.mm.marketgauge.util.LogHelper - Converting for ticker:Some(^YHOh862) Some(Rental & Leasing Services)
2016-10-18 22:02:31,315 2853 [main] INFO  com.mm.marketgauge.util.LogHelper - Converting for ticker:Some(^YHOh869) Some(Research Services)
2016-10-18 22:02:31,316 2854 [main] INFO  com.mm.marketgauge.util.LogHelper - Converting for ticker:Some(^YHOh810) Some(Residential Construction)
2016-10-18 22:02:31,316 2854 [main] INFO  com.mm.marketgauge.util.LogHelper - Converting for ticker:Some(^YHOh819) Some(Resorts & Casinos)
2016-10-18 22:02:31,316 2854 [main] INFO  com.mm.marketgauge.util.LogHelper - Converting for ticker:Some(^YHOh820) Some(Restaurants)
2016-10-18 22:02:31,317 2855 [main] INFO  com.mm.marketgauge.util.LogHelper - Converting for ticker:Some(^YHOh729) Some(Rubber & Plastics)
2016-10-18 22:02:31,317 2855 [main] INFO  com.mm.marketgauge.util.LogHelper - Converting for ticker:Some(^YHOh759) Some(Savings & Loans)
2016-10-18 22:02:31,317 2855 [main] INFO  com.mm.marketgauge.util.LogHelper - Converting for ticker:Some(^YHOh899) Some(Scientific & Technical Instruments)
2016-10-18 22:02:31,318 2856 [main] INFO  com.mm.marketgauge.util.LogHelper - Converting for ticker:Some(^YHOh866) Some(Security & Protection Services)
2016-10-18 22:02:31,318 2856 [main] INFO  com.mm.marketgauge.util.LogHelper - Converting for ticker:Some(^YHOh887) Some(Security Software & Services)
2016-10-18 22:02:31,319 2857 [main] INFO  com.mm.marketgauge.util.LogHelper - Converting for ticker:Some(^YHOh892) Some(Semiconductor - Broad Line)
2016-10-18 22:02:31,319 2857 [main] INFO  com.mm.marketgauge.util.LogHelper - Converting for ticker:Some(^YHOh895) Some(Semiconductor - Integrated Circuits)
2016-10-18 22:02:31,319 2857 [main] INFO  com.mm.marketgauge.util.LogHelper - Converting for ticker:Some(^YHOh894) Some(Semiconductor - Specialized)
2016-10-18 22:02:31,319 2857 [main] INFO  com.mm.marketgauge.util.LogHelper - Converting for ticker:Some(^YHOh896) Some(Semiconductor Equipment & Materials)
2016-10-18 22:02:31,320 2858 [main] INFO  com.mm.marketgauge.util.LogHelper - Converting for ticker:Some(^YHOh893) Some(Semiconductor- Memory Chips)
2016-10-18 22:02:31,321 2859 [main] INFO  com.mm.marketgauge.util.LogHelper - Converting for ticker:Some(^YHOh876) Some(Shipping)
2016-10-18 22:02:31,321 2859 [main] INFO  com.mm.marketgauge.util.LogHelper - Converting for ticker:Some(^YHOh715) Some(Silver)
2016-10-18 22:02:31,321 2859 [main] INFO  com.mm.marketgauge.util.LogHelper - Converting for ticker:Some(^YHOh806) Some(Small Tools & Accessories)
2016-10-18 22:02:31,321 2859 [main] INFO  com.mm.marketgauge.util.LogHelper - Converting for ticker:Some(^YHOh798) Some(Specialized Health Services)
2016-10-18 22:02:31,322 2860 [main] INFO  com.mm.marketgauge.util.LogHelper - Converting for ticker:Some(^YHOh703) Some(Specialty Chemicals)
2016-10-18 22:02:31,322 2860 [main] INFO  com.mm.marketgauge.util.LogHelper - Converting for ticker:Some(^YHOh821) Some(Specialty Eateries)
2016-10-18 22:02:31,322 2860 [main] INFO  com.mm.marketgauge.util.LogHelper - Converting for ticker:Some(^YHOh850) Some(Specialty Retail, Other)
2016-10-18 22:02:31,322 2860 [main] INFO  com.mm.marketgauge.util.LogHelper - Converting for ticker:Some(^YHOh823) Some(Sporting Activities)
2016-10-18 22:02:31,323 2861 [main] INFO  com.mm.marketgauge.util.LogHelper - Converting for ticker:Some(^YHOh724) Some(Sporting Goods)
2016-10-18 22:02:31,323 2861 [main] INFO  com.mm.marketgauge.util.LogHelper - Converting for ticker:Some(^YHOh845) Some(Sporting Goods Stores)
2016-10-18 22:02:31,323 2861 [main] INFO  com.mm.marketgauge.util.LogHelper - Converting for ticker:Some(^YHOh865) Some(Staffing & Outsourcing Services)
2016-10-18 22:02:31,324 2862 [main] INFO  com.mm.marketgauge.util.LogHelper - Converting for ticker:Some(^YHOh710) Some(Steel & Iron)
2016-10-18 22:02:31,324 2862 [main] INFO  com.mm.marketgauge.util.LogHelper - Converting for ticker:Some(^YHOh771) Some(Surety & Title Insurance)
2016-10-18 22:02:31,324 2862 [main] INFO  com.mm.marketgauge.util.LogHelper - Converting for ticker:Some(^YHOh701) Some(Synthetics)
2016-10-18 22:02:31,324 2862 [main] INFO  com.mm.marketgauge.util.LogHelper - Converting for ticker:Some(^YHOh886) Some(Technical & System Software)
2016-10-18 22:02:31,325 2863 [main] INFO  com.mm.marketgauge.util.LogHelper - Converting for ticker:Some(^YHOh868) Some(Technical Services)
2016-10-18 22:02:31,326 2864 [main] INFO  com.mm.marketgauge.util.LogHelper - Converting for ticker:Some(^YHOh904) Some(Telecom Services - Domestic)
2016-10-18 22:02:31,326 2864 [main] INFO  com.mm.marketgauge.util.LogHelper - Converting for ticker:Some(^YHOh905) Some(Telecom Services - Foreign)
2016-10-18 22:02:31,326 2864 [main] INFO  com.mm.marketgauge.util.LogHelper - Converting for ticker:Some(^YHOh727) Some(Textile - Apparel Clothing)
2016-10-18 22:02:31,327 2865 [main] INFO  com.mm.marketgauge.util.LogHelper - Converting for ticker:Some(^YHOh728) Some(Textile - Apparel Footwear & Accessories)
2016-10-18 22:02:31,327 2865 [main] INFO  com.mm.marketgauge.util.LogHelper - Converting for ticker:Some(^YHOh809) Some(Textile Industrial)
2016-10-18 22:02:31,327 2865 [main] INFO  com.mm.marketgauge.util.LogHelper - Converting for ticker:Some(^YHOh749) Some(Tobacco Products, Other)
2016-10-18 22:02:31,328 2866 [main] INFO  com.mm.marketgauge.util.LogHelper - Converting for ticker:Some(^YHOh846) Some(Toy & Hobby Stores)
2016-10-18 22:02:31,328 2866 [main] INFO  com.mm.marketgauge.util.LogHelper - Converting for ticker:Some(^YHOh723) Some(Toys & Games)
2016-10-18 22:02:31,328 2866 [main] INFO  com.mm.marketgauge.util.LogHelper - Converting for ticker:Some(^YHOh875) Some(Trucking)
2016-10-18 22:02:31,328 2866 [main] INFO  com.mm.marketgauge.util.LogHelper - Converting for ticker:Some(^YHOh736) Some(Trucks & Other Vehicles)
2016-10-18 22:02:31,329 2867 [main] INFO  com.mm.marketgauge.util.LogHelper - Converting for ticker:Some(^YHOh817) Some(Waste Management)
2016-10-18 22:02:31,329 2867 [main] INFO  com.mm.marketgauge.util.LogHelper - Converting for ticker:Some(^YHOh860) Some(Wholesale, Other)
2016-10-18 22:02:31,329 2867 [main] INFO  com.mm.marketgauge.util.LogHelper - Converting for ticker:Some(^YHOh900) Some(Wireless Communications)
2016-10-18 22:02:31,330 2868 [main] INFO  com.mm.marketgauge.util.LogHelper - Loaded 214 sectors....
2016-10-18 22:02:31,332 2870 [main] INFO  com.mm.marketgauge.util.LogHelper - Loading prices for 214 sectors
2016-10-18 22:05:38,965 448  [main] INFO  com.mm.marketgauge.util.LogHelper - dbUri:mongodb://localhost:27017/
2016-10-18 22:05:38,972 455  [main] INFO  com.mm.marketgauge.util.LogHelper - Initalizing wiht:null
2016-10-18 22:05:38,975 458  [main] INFO  com.mm.marketgauge.util.LogHelper - dbUri:mongodb://localhost:27017/
2016-10-18 22:05:38,975 458  [main] INFO  com.mm.marketgauge.util.LogHelper - Initalizing wiht:null
2016-10-18 22:05:38,976 459  [main] INFO  com.mm.marketgauge.util.LogHelper - Starting load...
2016-10-18 22:05:38,977 460  [main] INFO  com.mm.marketgauge.util.LogHelper - Loading all sectors.....
2016-10-18 22:05:39,820 1303 [main] INFO  com.mm.marketgauge.util.LogHelper - Converting for ticker:Some(^YHOh769) Some(Accident & Health Insurance)
2016-10-18 22:05:39,832 1315 [main] INFO  com.mm.marketgauge.util.LogHelper - Converting for ticker:Some(^YHOh825) Some(Advertising Agencies)
2016-10-18 22:05:39,833 1316 [main] INFO  com.mm.marketgauge.util.LogHelper - Converting for ticker:Some(^YHOh799) Some(Aerospace/Defense - Major Diversified)
2016-10-18 22:05:39,834 1317 [main] INFO  com.mm.marketgauge.util.LogHelper - Converting for ticker:Some(^YHOh800) Some(Aerospace/Defense Products & Services)
2016-10-18 22:05:39,834 1317 [main] INFO  com.mm.marketgauge.util.LogHelper - Converting for ticker:Some(^YHOh702) Some(Agricultural Chemicals)
2016-10-18 22:05:39,834 1317 [main] INFO  com.mm.marketgauge.util.LogHelper - Converting for ticker:Some(^YHOh874) Some(Air Delivery & Freight Services)
2016-10-18 22:05:39,835 1318 [main] INFO  com.mm.marketgauge.util.LogHelper - Converting for ticker:Some(^YHOh873) Some(Air Services, Other)
2016-10-18 22:05:39,835 1318 [main] INFO  com.mm.marketgauge.util.LogHelper - Converting for ticker:Some(^YHOh712) Some(Aluminum)
2016-10-18 22:05:39,835 1318 [main] INFO  com.mm.marketgauge.util.LogHelper - Converting for ticker:Some(^YHOh835) Some(Apparel Stores)
2016-10-18 22:05:39,836 1319 [main] INFO  com.mm.marketgauge.util.LogHelper - Converting for ticker:Some(^YHOh718) Some(Appliances)
2016-10-18 22:05:39,837 1320 [main] INFO  com.mm.marketgauge.util.LogHelper - Converting for ticker:Some(^YHOh885) Some(Application Software)
2016-10-18 22:05:39,837 1320 [main] INFO  com.mm.marketgauge.util.LogHelper - Converting for ticker:Some(^YHOh762) Some(Asset Management)
2016-10-18 22:05:39,838 1321 [main] INFO  com.mm.marketgauge.util.LogHelper - Converting for ticker:Some(^YHOh849) Some(Auto Dealerships)
2016-10-18 22:05:39,838 1321 [main] INFO  com.mm.marketgauge.util.LogHelper - Converting for ticker:Some(^YHOh735) Some(Auto Manufacturers - Major)
2016-10-18 22:05:39,839 1322 [main] INFO  com.mm.marketgauge.util.LogHelper - Converting for ticker:Some(^YHOh738) Some(Auto Parts)
2016-10-18 22:05:39,840 1323 [main] INFO  com.mm.marketgauge.util.LogHelper - Converting for ticker:Some(^YHOh843) Some(Auto Parts Stores)
2016-10-18 22:05:39,840 1323 [main] INFO  com.mm.marketgauge.util.LogHelper - Converting for ticker:Some(^YHOh851) Some(Auto Parts Wholesale)
2016-10-18 22:05:39,841 1324 [main] INFO  com.mm.marketgauge.util.LogHelper - Converting for ticker:Some(^YHOh859) Some(Basic Materials Wholesale)
2016-10-18 22:05:39,841 1324 [main] INFO  com.mm.marketgauge.util.LogHelper - Converting for ticker:Some(^YHOh745) Some(Beverages - Brewers)
2016-10-18 22:05:39,842 1325 [main] INFO  com.mm.marketgauge.util.LogHelper - Converting for ticker:Some(^YHOh747) Some(Beverages - Soft Drinks)
2016-10-18 22:05:39,842 1325 [main] INFO  com.mm.marketgauge.util.LogHelper - Converting for ticker:Some(^YHOh746) Some(Beverages - Wineries & Distillers)
2016-10-18 22:05:39,842 1325 [main] INFO  com.mm.marketgauge.util.LogHelper - Converting for ticker:Some(^YHOh788) Some(Biotechnology)
2016-10-18 22:05:39,843 1326 [main] INFO  com.mm.marketgauge.util.LogHelper - Converting for ticker:Some(^YHOh829) Some(Broadcasting - Radio)
2016-10-18 22:05:39,843 1326 [main] INFO  com.mm.marketgauge.util.LogHelper - Converting for ticker:Some(^YHOh828) Some(Broadcasting - TV)
2016-10-18 22:05:39,843 1326 [main] INFO  com.mm.marketgauge.util.LogHelper - Converting for ticker:Some(^YHOh852) Some(Building Materials Wholesale)
2016-10-18 22:05:39,844 1327 [main] INFO  com.mm.marketgauge.util.LogHelper - Converting for ticker:Some(^YHOh721) Some(Business Equipment)
2016-10-18 22:05:39,844 1327 [main] INFO  com.mm.marketgauge.util.LogHelper - Converting for ticker:Some(^YHOh861) Some(Business Services)
2016-10-18 22:05:39,845 1328 [main] INFO  com.mm.marketgauge.util.LogHelper - Converting for ticker:Some(^YHOh890) Some(Business Software & Services)
2016-10-18 22:05:39,845 1328 [main] INFO  com.mm.marketgauge.util.LogHelper - Converting for ticker:Some(^YHOh830) Some(CATV Systems)
2016-10-18 22:05:39,845 1328 [main] INFO  com.mm.marketgauge.util.LogHelper - Converting for ticker:Some(^YHOh844) Some(Catalog & Mail Order Houses)
2016-10-18 22:05:39,846 1329 [main] INFO  com.mm.marketgauge.util.LogHelper - Converting for ticker:Some(^YHOh813) Some(Cement)
2016-10-18 22:05:39,846 1329 [main] INFO  com.mm.marketgauge.util.LogHelper - Converting for ticker:Some(^YHOh700) Some(Chemicals - Major Diversified)
2016-10-18 22:05:39,847 1330 [main] INFO  com.mm.marketgauge.util.LogHelper - Converting for ticker:Some(^YHOh748) Some(Cigarettes)
2016-10-18 22:05:39,847 1330 [main] INFO  com.mm.marketgauge.util.LogHelper - Converting for ticker:Some(^YHOh733) Some(Cleaning Products)
2016-10-18 22:05:39,847 1330 [main] INFO  com.mm.marketgauge.util.LogHelper - Converting for ticker:Some(^YHOh765) Some(Closed-End Fund - Debt)
2016-10-18 22:05:39,848 1331 [main] INFO  com.mm.marketgauge.util.LogHelper - Converting for ticker:Some(^YHOh766) Some(Closed-End Fund - Equity)
2016-10-18 22:05:39,848 1331 [main] INFO  com.mm.marketgauge.util.LogHelper - Converting for ticker:Some(^YHOh767) Some(Closed-End Fund - Foreign)
2016-10-18 22:05:39,849 1332 [main] INFO  com.mm.marketgauge.util.LogHelper - Converting for ticker:Some(^YHOh901) Some(Communication Equipment)
2016-10-18 22:05:39,849 1332 [main] INFO  com.mm.marketgauge.util.LogHelper - Converting for ticker:Some(^YHOh880) Some(Computer Based Systems)
2016-10-18 22:05:39,849 1332 [main] INFO  com.mm.marketgauge.util.LogHelper - Converting for ticker:Some(^YHOh883) Some(Computer Peripherals)
2016-10-18 22:05:39,849 1332 [main] INFO  com.mm.marketgauge.util.LogHelper - Converting for ticker:Some(^YHOh856) Some(Computers Wholesale)
2016-10-18 22:05:39,850 1333 [main] INFO  com.mm.marketgauge.util.LogHelper - Converting for ticker:Some(^YHOh744) Some(Confectioners)
2016-10-18 22:05:39,851 1334 [main] INFO  com.mm.marketgauge.util.LogHelper - Converting for ticker:Some(^YHOh717) Some(Conglomerates)
2016-10-18 22:05:39,851 1334 [main] INFO  com.mm.marketgauge.util.LogHelper - Converting for ticker:Some(^YHOh864) Some(Consumer Services)
2016-10-18 22:05:39,851 1334 [main] INFO  com.mm.marketgauge.util.LogHelper - Converting for ticker:Some(^YHOh711) Some(Copper)
2016-10-18 22:05:39,852 1335 [main] INFO  com.mm.marketgauge.util.LogHelper - Converting for ticker:Some(^YHOh764) Some(Credit Services)
2016-10-18 22:05:39,852 1335 [main] INFO  com.mm.marketgauge.util.LogHelper - Converting for ticker:Some(^YHOh743) Some(Dairy Products)
2016-10-18 22:05:39,852 1335 [main] INFO  com.mm.marketgauge.util.LogHelper - Converting for ticker:Some(^YHOh881) Some(Data Storage Devices)
2016-10-18 22:05:39,853 1336 [main] INFO  com.mm.marketgauge.util.LogHelper - Converting for ticker:Some(^YHOh836) Some(Department Stores)
2016-10-18 22:05:39,853 1336 [main] INFO  com.mm.marketgauge.util.LogHelper - Converting for ticker:Some(^YHOh789) Some(Diagnostic Substances)
2016-10-18 22:05:39,854 1337 [main] INFO  com.mm.marketgauge.util.LogHelper - Converting for ticker:Some(^YHOh837) Some(Discount, Variety Stores)
2016-10-18 22:05:39,854 1337 [main] INFO  com.mm.marketgauge.util.LogHelper - Converting for ticker:Some(^YHOh906) Some(Diversified Communication Services)
2016-10-18 22:05:39,855 1338 [main] INFO  com.mm.marketgauge.util.LogHelper - Converting for ticker:Some(^YHOh878) Some(Diversified Computer Systems)
2016-10-18 22:05:39,855 1338 [main] INFO  com.mm.marketgauge.util.LogHelper - Converting for ticker:Some(^YHOh898) Some(Diversified Electronics)
2016-10-18 22:05:39,855 1338 [main] INFO  com.mm.marketgauge.util.LogHelper - Converting for ticker:Some(^YHOh763) Some(Diversified Investments)
2016-10-18 22:05:39,856 1339 [main] INFO  com.mm.marketgauge.util.LogHelper - Converting for ticker:Some(^YHOh803) Some(Diversified Machinery)
2016-10-18 22:05:39,856 1339 [main] INFO  com.mm.marketgauge.util.LogHelper - Converting for ticker:Some(^YHOh913) Some(Diversified Utilities)
2016-10-18 22:05:39,857 1340 [main] INFO  com.mm.marketgauge.util.LogHelper - Converting for ticker:Some(^YHOh786) Some(Drug Delivery)
2016-10-18 22:05:39,857 1340 [main] INFO  com.mm.marketgauge.util.LogHelper - Converting for ticker:Some(^YHOh783) Some(Drug Manufacturers - Major)
2016-10-18 22:05:39,858 1341 [main] INFO  com.mm.marketgauge.util.LogHelper - Converting for ticker:Some(^YHOh784) Some(Drug Manufacturers - Other)
2016-10-18 22:05:39,858 1341 [main] INFO  com.mm.marketgauge.util.LogHelper - Converting for ticker:Some(^YHOh787) Some(Drug Related Products)
2016-10-18 22:05:39,858 1341 [main] INFO  com.mm.marketgauge.util.LogHelper - Converting for ticker:Some(^YHOh838) Some(Drug Stores)
2016-10-18 22:05:39,859 1342 [main] INFO  com.mm.marketgauge.util.LogHelper - Converting for ticker:Some(^YHOh785) Some(Drugs - Generic)
2016-10-18 22:05:39,859 1342 [main] INFO  com.mm.marketgauge.util.LogHelper - Converting for ticker:Some(^YHOh857) Some(Drugs Wholesale)
2016-10-18 22:05:39,859 1342 [main] INFO  com.mm.marketgauge.util.LogHelper - Converting for ticker:Some(^YHOh867) Some(Education & Training Services)
2016-10-18 22:05:39,860 1343 [main] INFO  com.mm.marketgauge.util.LogHelper - Converting for ticker:Some(^YHOh911) Some(Electric Utilities)
2016-10-18 22:05:39,860 1343 [main] INFO  com.mm.marketgauge.util.LogHelper - Converting for ticker:Some(^YHOh722) Some(Electronic Equipment)
2016-10-18 22:05:39,860 1343 [main] INFO  com.mm.marketgauge.util.LogHelper - Converting for ticker:Some(^YHOh840) Some(Electronics Stores)
2016-10-18 22:05:39,860 1343 [main] INFO  com.mm.marketgauge.util.LogHelper - Converting for ticker:Some(^YHOh854) Some(Electronics Wholesale)
2016-10-18 22:05:39,861 1344 [main] INFO  com.mm.marketgauge.util.LogHelper - Converting for ticker:Some(^YHOh827) Some(Entertainment - Diversified)
2016-10-18 22:05:39,861 1344 [main] INFO  com.mm.marketgauge.util.LogHelper - Converting for ticker:Some(^YHOh801) Some(Farm & Construction Machinery)
2016-10-18 22:05:39,861 1344 [main] INFO  com.mm.marketgauge.util.LogHelper - Converting for ticker:Some(^YHOh740) Some(Farm Products)
2016-10-18 22:05:39,862 1345 [main] INFO  com.mm.marketgauge.util.LogHelper - Converting for ticker:Some(^YHOh739) Some(Food - Major Diversified)
2016-10-18 22:05:39,863 1346 [main] INFO  com.mm.marketgauge.util.LogHelper - Converting for ticker:Some(^YHOh858) Some(Food Wholesale)
2016-10-18 22:05:39,864 1347 [main] INFO  com.mm.marketgauge.util.LogHelper - Converting for ticker:Some(^YHOh757) Some(Foreign Money Center Banks)
2016-10-18 22:05:39,864 1347 [main] INFO  com.mm.marketgauge.util.LogHelper - Converting for ticker:Some(^YHOh758) Some(Foreign Regional Banks)
2016-10-18 22:05:39,864 1347 [main] INFO  com.mm.marketgauge.util.LogHelper - Converting for ticker:Some(^YHOh910) Some(Foreign Utilities)
2016-10-18 22:05:39,865 1348 [main] INFO  com.mm.marketgauge.util.LogHelper - Converting for ticker:Some(^YHOh822) Some(Gaming Activities)
2016-10-18 22:05:39,865 1348 [main] INFO  com.mm.marketgauge.util.LogHelper - Converting for ticker:Some(^YHOh912) Some(Gas Utilities)
2016-10-18 22:05:39,865 1348 [main] INFO  com.mm.marketgauge.util.LogHelper - Converting for ticker:Some(^YHOh814) Some(General Building Materials)
2016-10-18 22:05:39,866 1349 [main] INFO  com.mm.marketgauge.util.LogHelper - Converting for ticker:Some(^YHOh816) Some(General Contractors)
2016-10-18 22:05:39,868 1351 [main] INFO  com.mm.marketgauge.util.LogHelper - Converting for ticker:Some(^YHOh824) Some(General Entertainment)
2016-10-18 22:05:39,869 1352 [main] INFO  com.mm.marketgauge.util.LogHelper - Converting for ticker:Some(^YHOh714) Some(Gold)
2016-10-18 22:05:39,869 1352 [main] INFO  com.mm.marketgauge.util.LogHelper - Converting for ticker:Some(^YHOh839) Some(Grocery Stores)
2016-10-18 22:05:39,869 1352 [main] INFO  com.mm.marketgauge.util.LogHelper - Converting for ticker:Some(^YHOh792) Some(Health Care Plans)
2016-10-18 22:05:39,869 1352 [main] INFO  com.mm.marketgauge.util.LogHelper - Converting for ticker:Some(^YHOh889) Some(Healthcare Information Services)
2016-10-18 22:05:39,870 1353 [main] INFO  com.mm.marketgauge.util.LogHelper - Converting for ticker:Some(^YHOh815) Some(Heavy Construction)
2016-10-18 22:05:39,870 1353 [main] INFO  com.mm.marketgauge.util.LogHelper - Converting for ticker:Some(^YHOh842) Some(Home Furnishing Stores)
2016-10-18 22:05:39,870 1353 [main] INFO  com.mm.marketgauge.util.LogHelper - Converting for ticker:Some(^YHOh719) Some(Home Furnishings & Fixtures)
2016-10-18 22:05:39,871 1354 [main] INFO  com.mm.marketgauge.util.LogHelper - Converting for ticker:Some(^YHOh796) Some(Home Health Care)
2016-10-18 22:05:39,871 1354 [main] INFO  com.mm.marketgauge.util.LogHelper - Converting for ticker:Some(^YHOh841) Some(Home Improvement Stores)
2016-10-18 22:05:39,871 1354 [main] INFO  com.mm.marketgauge.util.LogHelper - Converting for ticker:Some(^YHOh794) Some(Hospitals)
2016-10-18 22:05:39,871 1354 [main] INFO  com.mm.marketgauge.util.LogHelper - Converting for ticker:Some(^YHOh720) Some(Housewares & Accessories)
2016-10-18 22:05:39,872 1355 [main] INFO  com.mm.marketgauge.util.LogHelper - Converting for ticker:Some(^YHOh705) Some(Independent Oil & Gas)
2016-10-18 22:05:39,872 1355 [main] INFO  com.mm.marketgauge.util.LogHelper - Converting for ticker:Some(^YHOh808) Some(Industrial Electrical Equipment)
2016-10-18 22:05:39,872 1355 [main] INFO  com.mm.marketgauge.util.LogHelper - Converting for ticker:Some(^YHOh802) Some(Industrial Equipment & Components)
2016-10-18 22:05:39,872 1355 [main] INFO  com.mm.marketgauge.util.LogHelper - Converting for ticker:Some(^YHOh853) Some(Industrial Equipment Wholesale)
2016-10-18 22:05:39,873 1356 [main] INFO  com.mm.marketgauge.util.LogHelper - Converting for ticker:Some(^YHOh713) Some(Industrial Metals & Minerals)
2016-10-18 22:05:39,873 1356 [main] INFO  com.mm.marketgauge.util.LogHelper - Converting for ticker:Some(^YHOh891) Some(Information & Delivery Services)
2016-10-18 22:05:39,873 1356 [main] INFO  com.mm.marketgauge.util.LogHelper - Converting for ticker:Some(^YHOh888) Some(Information Technology Services)
2016-10-18 22:05:39,874 1357 [main] INFO  com.mm.marketgauge.util.LogHelper - Converting for ticker:Some(^YHOh772) Some(Insurance Brokers)
2016-10-18 22:05:39,885 1368 [main] INFO  com.mm.marketgauge.util.LogHelper - Converting for ticker:Some(^YHOh908) Some(Internet Information Providers)
2016-10-18 22:05:39,886 1369 [main] INFO  com.mm.marketgauge.util.LogHelper - Converting for ticker:Some(^YHOh907) Some(Internet Service Providers)
2016-10-18 22:05:39,886 1369 [main] INFO  com.mm.marketgauge.util.LogHelper - Converting for ticker:Some(^YHOh909) Some(Internet Software & Services)
2016-10-18 22:05:39,886 1369 [main] INFO  com.mm.marketgauge.util.LogHelper - Converting for ticker:Some(^YHOh760) Some(Investment Brokerage - National)
2016-10-18 22:05:39,887 1370 [main] INFO  com.mm.marketgauge.util.LogHelper - Converting for ticker:Some(^YHOh761) Some(Investment Brokerage - Regional)
2016-10-18 22:05:39,887 1370 [main] INFO  com.mm.marketgauge.util.LogHelper - Converting for ticker:Some(^YHOh847) Some(Jewelry Stores)
2016-10-18 22:05:39,888 1371 [main] INFO  com.mm.marketgauge.util.LogHelper - Converting for ticker:Some(^YHOh768) Some(Life Insurance)
2016-10-18 22:05:39,888 1371 [main] INFO  com.mm.marketgauge.util.LogHelper - Converting for ticker:Some(^YHOh818) Some(Lodging)
2016-10-18 22:05:39,888 1371 [main] INFO  com.mm.marketgauge.util.LogHelper - Converting for ticker:Some(^YHOh903) Some(Long Distance Carriers)
2016-10-18 22:05:39,888 1371 [main] INFO  com.mm.marketgauge.util.LogHelper - Converting for ticker:Some(^YHOh793) Some(Long-Term Care Facilities)
2016-10-18 22:05:39,889 1372 [main] INFO  com.mm.marketgauge.util.LogHelper - Converting for ticker:Some(^YHOh812) Some(Lumber, Wood Production)
2016-10-18 22:05:39,889 1372 [main] INFO  com.mm.marketgauge.util.LogHelper - Converting for ticker:Some(^YHOh805) Some(Machine Tools & Accessories)
2016-10-18 22:05:39,889 1372 [main] INFO  com.mm.marketgauge.util.LogHelper - Converting for ticker:Some(^YHOh871) Some(Major Airlines)
2016-10-18 22:05:39,890 1373 [main] INFO  com.mm.marketgauge.util.LogHelper - Converting for ticker:Some(^YHOh704) Some(Major Integrated Oil & Gas)
2016-10-18 22:05:39,890 1373 [main] INFO  com.mm.marketgauge.util.LogHelper - Converting for ticker:Some(^YHOh870) Some(Management Services)
2016-10-18 22:05:39,890 1373 [main] INFO  com.mm.marketgauge.util.LogHelper - Converting for ticker:Some(^YHOh811) Some(Manufactured Housing)
2016-10-18 22:05:39,891 1374 [main] INFO  com.mm.marketgauge.util.LogHelper - Converting for ticker:Some(^YHOh826) Some(Marketing Services)
2016-10-18 22:05:39,891 1374 [main] INFO  com.mm.marketgauge.util.LogHelper - Converting for ticker:Some(^YHOh742) Some(Meat Products)
2016-10-18 22:05:39,891 1374 [main] INFO  com.mm.marketgauge.util.LogHelper - Converting for ticker:Some(^YHOh791) Some(Medical Appliances & Equipment)
2016-10-18 22:05:39,892 1375 [main] INFO  com.mm.marketgauge.util.LogHelper - Converting for ticker:Some(^YHOh855) Some(Medical Equipment Wholesale)
2016-10-18 22:05:39,892 1375 [main] INFO  com.mm.marketgauge.util.LogHelper - Converting for ticker:Some(^YHOh790) Some(Medical Instruments & Supplies)
2016-10-18 22:05:39,893 1376 [main] INFO  com.mm.marketgauge.util.LogHelper - Converting for ticker:Some(^YHOh795) Some(Medical Laboratories & Research)
2016-10-18 22:05:39,893 1376 [main] INFO  com.mm.marketgauge.util.LogHelper - Converting for ticker:Some(^YHOh797) Some(Medical Practitioners)
2016-10-18 22:05:39,894 1377 [main] INFO  com.mm.marketgauge.util.LogHelper - Converting for ticker:Some(^YHOh807) Some(Metal Fabrication)
2016-10-18 22:05:39,894 1377 [main] INFO  com.mm.marketgauge.util.LogHelper - Converting for ticker:Some(^YHOh750) Some(Money Center Banks)
2016-10-18 22:05:39,894 1377 [main] INFO  com.mm.marketgauge.util.LogHelper - Converting for ticker:Some(^YHOh780) Some(Mortgage Investment)
2016-10-18 22:05:39,895 1378 [main] INFO  com.mm.marketgauge.util.LogHelper - Converting for ticker:Some(^YHOh831) Some(Movie Production, Theaters)
2016-10-18 22:05:39,895 1378 [main] INFO  com.mm.marketgauge.util.LogHelper - Converting for ticker:Some(^YHOh884) Some(Multimedia & Graphics Software)
2016-10-18 22:05:39,896 1379 [main] INFO  com.mm.marketgauge.util.LogHelper - Converting for ticker:Some(^YHOh848) Some(Music & Video Stores)
2016-10-18 22:05:39,896 1379 [main] INFO  com.mm.marketgauge.util.LogHelper - Converting for ticker:Some(^YHOh882) Some(Networking & Communication Devices)
2016-10-18 22:05:39,896 1379 [main] INFO  com.mm.marketgauge.util.LogHelper - Converting for ticker:Some(^YHOh716) Some(Nonmetallic Mineral Mining)
2016-10-18 22:05:39,896 1379 [main] INFO  com.mm.marketgauge.util.LogHelper - Converting for ticker:Some(^YHOh734) Some(Office Supplies)
2016-10-18 22:05:39,896 1379 [main] INFO  com.mm.marketgauge.util.LogHelper - Converting for ticker:Some(^YHOh707) Some(Oil & Gas Drilling & Exploration)
2016-10-18 22:05:39,897 1380 [main] INFO  com.mm.marketgauge.util.LogHelper - Converting for ticker:Some(^YHOh708) Some(Oil & Gas Equipment & Services)
2016-10-18 22:05:39,897 1380 [main] INFO  com.mm.marketgauge.util.LogHelper - Converting for ticker:Some(^YHOh709) Some(Oil & Gas Pipelines)
2016-10-18 22:05:39,897 1380 [main] INFO  com.mm.marketgauge.util.LogHelper - Converting for ticker:Some(^YHOh706) Some(Oil & Gas Refining & Marketing)
2016-10-18 22:05:39,898 1381 [main] INFO  com.mm.marketgauge.util.LogHelper - Converting for ticker:Some(^YHOh732) Some(Packaging & Containers)
2016-10-18 22:05:39,898 1381 [main] INFO  com.mm.marketgauge.util.LogHelper - Converting for ticker:Some(^YHOh731) Some(Paper & Paper Products)
2016-10-18 22:05:39,899 1382 [main] INFO  com.mm.marketgauge.util.LogHelper - Converting for ticker:Some(^YHOh879) Some(Personal Computers)
2016-10-18 22:05:39,899 1382 [main] INFO  com.mm.marketgauge.util.LogHelper - Converting for ticker:Some(^YHOh730) Some(Personal Products)
2016-10-18 22:05:39,899 1382 [main] INFO  com.mm.marketgauge.util.LogHelper - Converting for ticker:Some(^YHOh863) Some(Personal Services)
2016-10-18 22:05:39,899 1382 [main] INFO  com.mm.marketgauge.util.LogHelper - Converting for ticker:Some(^YHOh726) Some(Photographic Equipment & Supplies)
2016-10-18 22:05:39,899 1382 [main] INFO  com.mm.marketgauge.util.LogHelper - Converting for ticker:Some(^YHOh804) Some(Pollution & Treatment Controls)
2016-10-18 22:05:39,900 1383 [main] INFO  com.mm.marketgauge.util.LogHelper - Converting for ticker:Some(^YHOh897) Some(Printed Circuit Boards)
2016-10-18 22:05:39,900 1383 [main] INFO  com.mm.marketgauge.util.LogHelper - Converting for ticker:Some(^YHOh741) Some(Processed & Packaged Goods)
2016-10-18 22:05:39,900 1383 [main] INFO  com.mm.marketgauge.util.LogHelper - Converting for ticker:Some(^YHOh902) Some(Processing Systems & Products)
2016-10-18 22:05:39,900 1383 [main] INFO  com.mm.marketgauge.util.LogHelper - Converting for ticker:Some(^YHOh770) Some(Property & Casualty Insurance)
2016-10-18 22:05:39,900 1383 [main] INFO  com.mm.marketgauge.util.LogHelper - Converting for ticker:Some(^YHOh781) Some(Property Management)
2016-10-18 22:05:39,902 1385 [main] INFO  com.mm.marketgauge.util.LogHelper - Converting for ticker:Some(^YHOh834) Some(Publishing - Books)
2016-10-18 22:05:39,904 1387 [main] INFO  com.mm.marketgauge.util.LogHelper - Converting for ticker:Some(^YHOh832) Some(Publishing - Newspapers)
2016-10-18 22:05:39,904 1387 [main] INFO  com.mm.marketgauge.util.LogHelper - Converting for ticker:Some(^YHOh833) Some(Publishing - Periodicals)
2016-10-18 22:05:39,905 1388 [main] INFO  com.mm.marketgauge.util.LogHelper - Converting for ticker:Some(^YHOh773) Some(REIT - Diversified)
2016-10-18 22:05:39,906 1389 [main] INFO  com.mm.marketgauge.util.LogHelper - Converting for ticker:Some(^YHOh775) Some(REIT - Healthcare Facilities)
2016-10-18 22:05:39,907 1390 [main] INFO  com.mm.marketgauge.util.LogHelper - Converting for ticker:Some(^YHOh776) Some(REIT - Hotel/Motel)
2016-10-18 22:05:39,907 1390 [main] INFO  com.mm.marketgauge.util.LogHelper - Converting for ticker:Some(^YHOh777) Some(REIT - Industrial)
2016-10-18 22:05:39,907 1390 [main] INFO  com.mm.marketgauge.util.LogHelper - Converting for ticker:Some(^YHOh774) Some(REIT - Office)
2016-10-18 22:05:39,907 1390 [main] INFO  com.mm.marketgauge.util.LogHelper - Converting for ticker:Some(^YHOh778) Some(REIT - Residential)
2016-10-18 22:05:39,908 1391 [main] INFO  com.mm.marketgauge.util.LogHelper - Converting for ticker:Some(^YHOh779) Some(REIT - Retail)
2016-10-18 22:05:39,908 1391 [main] INFO  com.mm.marketgauge.util.LogHelper - Converting for ticker:Some(^YHOh877) Some(Railroads)
2016-10-18 22:05:39,908 1391 [main] INFO  com.mm.marketgauge.util.LogHelper - Converting for ticker:Some(^YHOh782) Some(Real Estate Development)
2016-10-18 22:05:39,908 1391 [main] INFO  com.mm.marketgauge.util.LogHelper - Converting for ticker:Some(^YHOh725) Some(Recreational Goods, Other)
2016-10-18 22:05:39,908 1391 [main] INFO  com.mm.marketgauge.util.LogHelper - Converting for ticker:Some(^YHOh737) Some(Recreational Vehicles)
2016-10-18 22:05:39,908 1391 [main] INFO  com.mm.marketgauge.util.LogHelper - Converting for ticker:Some(^YHOh752) Some(Regional - Mid-Atlantic Banks)
2016-10-18 22:05:39,909 1392 [main] INFO  com.mm.marketgauge.util.LogHelper - Converting for ticker:Some(^YHOh754) Some(Regional - Midwest Banks)
2016-10-18 22:05:39,909 1392 [main] INFO  com.mm.marketgauge.util.LogHelper - Converting for ticker:Some(^YHOh751) Some(Regional - Northeast Banks)
2016-10-18 22:05:39,909 1392 [main] INFO  com.mm.marketgauge.util.LogHelper - Converting for ticker:Some(^YHOh756) Some(Regional - Pacific Banks)
2016-10-18 22:05:39,909 1392 [main] INFO  com.mm.marketgauge.util.LogHelper - Converting for ticker:Some(^YHOh753) Some(Regional - Southeast Banks)
2016-10-18 22:05:39,909 1392 [main] INFO  com.mm.marketgauge.util.LogHelper - Converting for ticker:Some(^YHOh755) Some(Regional - Southwest  Banks)
2016-10-18 22:05:39,910 1393 [main] INFO  com.mm.marketgauge.util.LogHelper - Converting for ticker:Some(^YHOh872) Some(Regional Airlines)
2016-10-18 22:05:39,911 1394 [main] INFO  com.mm.marketgauge.util.LogHelper - Converting for ticker:Some(^YHOh862) Some(Rental & Leasing Services)
2016-10-18 22:05:39,911 1394 [main] INFO  com.mm.marketgauge.util.LogHelper - Converting for ticker:Some(^YHOh869) Some(Research Services)
2016-10-18 22:05:39,911 1394 [main] INFO  com.mm.marketgauge.util.LogHelper - Converting for ticker:Some(^YHOh810) Some(Residential Construction)
2016-10-18 22:05:39,911 1394 [main] INFO  com.mm.marketgauge.util.LogHelper - Converting for ticker:Some(^YHOh819) Some(Resorts & Casinos)
2016-10-18 22:05:39,911 1394 [main] INFO  com.mm.marketgauge.util.LogHelper - Converting for ticker:Some(^YHOh820) Some(Restaurants)
2016-10-18 22:05:39,912 1395 [main] INFO  com.mm.marketgauge.util.LogHelper - Converting for ticker:Some(^YHOh729) Some(Rubber & Plastics)
2016-10-18 22:05:39,912 1395 [main] INFO  com.mm.marketgauge.util.LogHelper - Converting for ticker:Some(^YHOh759) Some(Savings & Loans)
2016-10-18 22:05:39,912 1395 [main] INFO  com.mm.marketgauge.util.LogHelper - Converting for ticker:Some(^YHOh899) Some(Scientific & Technical Instruments)
2016-10-18 22:05:39,912 1395 [main] INFO  com.mm.marketgauge.util.LogHelper - Converting for ticker:Some(^YHOh866) Some(Security & Protection Services)
2016-10-18 22:05:39,912 1395 [main] INFO  com.mm.marketgauge.util.LogHelper - Converting for ticker:Some(^YHOh887) Some(Security Software & Services)
2016-10-18 22:05:39,912 1395 [main] INFO  com.mm.marketgauge.util.LogHelper - Converting for ticker:Some(^YHOh892) Some(Semiconductor - Broad Line)
2016-10-18 22:05:39,913 1396 [main] INFO  com.mm.marketgauge.util.LogHelper - Converting for ticker:Some(^YHOh895) Some(Semiconductor - Integrated Circuits)
2016-10-18 22:05:39,913 1396 [main] INFO  com.mm.marketgauge.util.LogHelper - Converting for ticker:Some(^YHOh894) Some(Semiconductor - Specialized)
2016-10-18 22:05:39,913 1396 [main] INFO  com.mm.marketgauge.util.LogHelper - Converting for ticker:Some(^YHOh896) Some(Semiconductor Equipment & Materials)
2016-10-18 22:05:39,913 1396 [main] INFO  com.mm.marketgauge.util.LogHelper - Converting for ticker:Some(^YHOh893) Some(Semiconductor- Memory Chips)
2016-10-18 22:05:39,914 1397 [main] INFO  com.mm.marketgauge.util.LogHelper - Converting for ticker:Some(^YHOh876) Some(Shipping)
2016-10-18 22:05:39,914 1397 [main] INFO  com.mm.marketgauge.util.LogHelper - Converting for ticker:Some(^YHOh715) Some(Silver)
2016-10-18 22:05:39,914 1397 [main] INFO  com.mm.marketgauge.util.LogHelper - Converting for ticker:Some(^YHOh806) Some(Small Tools & Accessories)
2016-10-18 22:05:39,915 1398 [main] INFO  com.mm.marketgauge.util.LogHelper - Converting for ticker:Some(^YHOh798) Some(Specialized Health Services)
2016-10-18 22:05:39,915 1398 [main] INFO  com.mm.marketgauge.util.LogHelper - Converting for ticker:Some(^YHOh703) Some(Specialty Chemicals)
2016-10-18 22:05:39,915 1398 [main] INFO  com.mm.marketgauge.util.LogHelper - Converting for ticker:Some(^YHOh821) Some(Specialty Eateries)
2016-10-18 22:05:39,915 1398 [main] INFO  com.mm.marketgauge.util.LogHelper - Converting for ticker:Some(^YHOh850) Some(Specialty Retail, Other)
2016-10-18 22:05:39,915 1398 [main] INFO  com.mm.marketgauge.util.LogHelper - Converting for ticker:Some(^YHOh823) Some(Sporting Activities)
2016-10-18 22:05:39,915 1398 [main] INFO  com.mm.marketgauge.util.LogHelper - Converting for ticker:Some(^YHOh724) Some(Sporting Goods)
2016-10-18 22:05:39,915 1398 [main] INFO  com.mm.marketgauge.util.LogHelper - Converting for ticker:Some(^YHOh845) Some(Sporting Goods Stores)
2016-10-18 22:05:39,916 1399 [main] INFO  com.mm.marketgauge.util.LogHelper - Converting for ticker:Some(^YHOh865) Some(Staffing & Outsourcing Services)
2016-10-18 22:05:39,916 1399 [main] INFO  com.mm.marketgauge.util.LogHelper - Converting for ticker:Some(^YHOh710) Some(Steel & Iron)
2016-10-18 22:05:39,916 1399 [main] INFO  com.mm.marketgauge.util.LogHelper - Converting for ticker:Some(^YHOh771) Some(Surety & Title Insurance)
2016-10-18 22:05:39,916 1399 [main] INFO  com.mm.marketgauge.util.LogHelper - Converting for ticker:Some(^YHOh701) Some(Synthetics)
2016-10-18 22:05:39,916 1399 [main] INFO  com.mm.marketgauge.util.LogHelper - Converting for ticker:Some(^YHOh886) Some(Technical & System Software)
2016-10-18 22:05:39,916 1399 [main] INFO  com.mm.marketgauge.util.LogHelper - Converting for ticker:Some(^YHOh868) Some(Technical Services)
2016-10-18 22:05:39,917 1400 [main] INFO  com.mm.marketgauge.util.LogHelper - Converting for ticker:Some(^YHOh904) Some(Telecom Services - Domestic)
2016-10-18 22:05:39,917 1400 [main] INFO  com.mm.marketgauge.util.LogHelper - Converting for ticker:Some(^YHOh905) Some(Telecom Services - Foreign)
2016-10-18 22:05:39,917 1400 [main] INFO  com.mm.marketgauge.util.LogHelper - Converting for ticker:Some(^YHOh727) Some(Textile - Apparel Clothing)
2016-10-18 22:05:39,918 1401 [main] INFO  com.mm.marketgauge.util.LogHelper - Converting for ticker:Some(^YHOh728) Some(Textile - Apparel Footwear & Accessories)
2016-10-18 22:05:39,918 1401 [main] INFO  com.mm.marketgauge.util.LogHelper - Converting for ticker:Some(^YHOh809) Some(Textile Industrial)
2016-10-18 22:05:39,918 1401 [main] INFO  com.mm.marketgauge.util.LogHelper - Converting for ticker:Some(^YHOh749) Some(Tobacco Products, Other)
2016-10-18 22:05:39,918 1401 [main] INFO  com.mm.marketgauge.util.LogHelper - Converting for ticker:Some(^YHOh846) Some(Toy & Hobby Stores)
2016-10-18 22:05:39,918 1401 [main] INFO  com.mm.marketgauge.util.LogHelper - Converting for ticker:Some(^YHOh723) Some(Toys & Games)
2016-10-18 22:05:39,918 1401 [main] INFO  com.mm.marketgauge.util.LogHelper - Converting for ticker:Some(^YHOh875) Some(Trucking)
2016-10-18 22:05:39,918 1401 [main] INFO  com.mm.marketgauge.util.LogHelper - Converting for ticker:Some(^YHOh736) Some(Trucks & Other Vehicles)
2016-10-18 22:05:39,919 1402 [main] INFO  com.mm.marketgauge.util.LogHelper - Converting for ticker:Some(^YHOh817) Some(Waste Management)
2016-10-18 22:05:39,919 1402 [main] INFO  com.mm.marketgauge.util.LogHelper - Converting for ticker:Some(^YHOh860) Some(Wholesale, Other)
2016-10-18 22:05:39,919 1402 [main] INFO  com.mm.marketgauge.util.LogHelper - Converting for ticker:Some(^YHOh900) Some(Wireless Communications)
2016-10-18 22:05:39,920 1403 [main] INFO  com.mm.marketgauge.util.LogHelper - Loaded 214 sectors....
2016-10-18 22:05:39,921 1404 [main] INFO  com.mm.marketgauge.util.LogHelper - Loading prices for 214 sectors
2016-10-18 22:07:49,285 130768 [main] INFO  com.mm.marketgauge.util.LogHelper - Persisting 199 prices...
