2016-10-20 21:01:10,912 1158 [main-ScalaTest-running-SectorServiceDownloaderSpec] INFO  com.mm.marketgauge.util.LogHelper - Extracting data for sector:124
2016-10-20 21:02:49,589 875  [main-ScalaTest-running-SectorServiceDownloaderSpec] INFO  com.mm.marketgauge.util.LogHelper - Extracting data for sector:124
2016-10-20 21:03:36,272 862  [main-ScalaTest-running-SectorServiceDownloaderSpec] INFO  com.mm.marketgauge.util.LogHelper - Extracting data for sector:124
2016-10-20 21:03:36,299 889  [main-ScalaTest-running-SectorServiceDownloaderSpec] INFO  com.mm.marketgauge.util.LogHelper - Exception while fetching 124 
java.lang.IllegalArgumentException: Data not found
2016-10-20 21:04:21,660 833  [main-ScalaTest-running-SectorServiceDownloaderSpec] INFO  com.mm.marketgauge.util.LogHelper - Extracting data for sector:124
2016-10-20 21:04:21,691 864  [main-ScalaTest-running-SectorServiceDownloaderSpec] INFO  com.mm.marketgauge.util.LogHelper - Exception while fetching 124 
java.lang.IllegalArgumentException: Data not found
2016-10-20 21:09:54,073 1579 [pool-5-thread-1-ScalaTest-running-SectorServiceDownloaderSpec] INFO  com.mm.marketgauge.util.LogHelper - Extracting data for sector:124
2016-10-20 21:09:54,120 1626 [pool-5-thread-1-ScalaTest-running-SectorServiceDownloaderSpec] INFO  com.mm.marketgauge.util.LogHelper - Exception while fetching 124 
java.lang.IllegalArgumentException: Data not found
2016-10-20 21:10:04,641 4585 [pool-7-thread-6-ScalaTest-running-SectorServiceDownloaderSpec] INFO  com.mm.marketgauge.util.LogHelper - Extracting data for sector:124
2016-10-20 21:10:04,700 4644 [pool-7-thread-6-ScalaTest-running-SectorServiceDownloaderSpec] INFO  com.mm.marketgauge.util.LogHelper - Exception while fetching 124 
java.lang.IllegalArgumentException: Data not found
2016-10-20 21:20:40,056 683  [main] INFO  com.mm.marketgauge.util.LogHelper - dbUri:mongodb://localhost:27017/
2016-10-20 21:20:40,067 694  [main] INFO  com.mm.marketgauge.util.LogHelper - Initalizing wiht:null
2016-10-20 21:20:40,072 699  [main] INFO  com.mm.marketgauge.util.LogHelper - dbUri:mongodb://localhost:27017/
2016-10-20 21:20:40,073 700  [main] INFO  com.mm.marketgauge.util.LogHelper - Initalizing wiht:null
2016-10-20 21:20:40,074 701  [main] INFO  com.mm.marketgauge.util.LogHelper - Starting load...
2016-10-20 21:20:40,076 703  [main] INFO  com.mm.marketgauge.util.LogHelper - Loading all sectors.....
2016-10-20 21:20:41,146 1773 [main] INFO  com.mm.marketgauge.util.LogHelper - Converting for ticker:Some(^YHOh769) Some(Accident & Health Insurance)
2016-10-20 21:20:41,154 1781 [main] INFO  com.mm.marketgauge.util.LogHelper - Converting for ticker:Some(^YHOh825) Some(Advertising Agencies)
2016-10-20 21:20:41,155 1782 [main] INFO  com.mm.marketgauge.util.LogHelper - Converting for ticker:Some(^YHOh799) Some(Aerospace/Defense - Major Diversified)
2016-10-20 21:20:41,155 1782 [main] INFO  com.mm.marketgauge.util.LogHelper - Converting for ticker:Some(^YHOh800) Some(Aerospace/Defense Products & Services)
2016-10-20 21:20:41,156 1783 [main] INFO  com.mm.marketgauge.util.LogHelper - Converting for ticker:Some(^YHOh702) Some(Agricultural Chemicals)
2016-10-20 21:20:41,156 1783 [main] INFO  com.mm.marketgauge.util.LogHelper - Converting for ticker:Some(^YHOh874) Some(Air Delivery & Freight Services)
2016-10-20 21:20:41,156 1783 [main] INFO  com.mm.marketgauge.util.LogHelper - Converting for ticker:Some(^YHOh873) Some(Air Services, Other)
2016-10-20 21:20:41,157 1784 [main] INFO  com.mm.marketgauge.util.LogHelper - Converting for ticker:Some(^YHOh712) Some(Aluminum)
2016-10-20 21:20:41,157 1784 [main] INFO  com.mm.marketgauge.util.LogHelper - Converting for ticker:Some(^YHOh835) Some(Apparel Stores)
2016-10-20 21:20:41,158 1785 [main] INFO  com.mm.marketgauge.util.LogHelper - Converting for ticker:Some(^YHOh718) Some(Appliances)
2016-10-20 21:20:41,158 1785 [main] INFO  com.mm.marketgauge.util.LogHelper - Converting for ticker:Some(^YHOh885) Some(Application Software)
2016-10-20 21:20:41,159 1786 [main] INFO  com.mm.marketgauge.util.LogHelper - Converting for ticker:Some(^YHOh762) Some(Asset Management)
2016-10-20 21:20:41,159 1786 [main] INFO  com.mm.marketgauge.util.LogHelper - Converting for ticker:Some(^YHOh849) Some(Auto Dealerships)
2016-10-20 21:20:41,159 1786 [main] INFO  com.mm.marketgauge.util.LogHelper - Converting for ticker:Some(^YHOh735) Some(Auto Manufacturers - Major)
2016-10-20 21:20:41,160 1787 [main] INFO  com.mm.marketgauge.util.LogHelper - Converting for ticker:Some(^YHOh738) Some(Auto Parts)
2016-10-20 21:20:41,160 1787 [main] INFO  com.mm.marketgauge.util.LogHelper - Converting for ticker:Some(^YHOh843) Some(Auto Parts Stores)
2016-10-20 21:20:41,161 1788 [main] INFO  com.mm.marketgauge.util.LogHelper - Converting for ticker:Some(^YHOh851) Some(Auto Parts Wholesale)
2016-10-20 21:20:41,163 1790 [main] INFO  com.mm.marketgauge.util.LogHelper - Converting for ticker:Some(^YHOh859) Some(Basic Materials Wholesale)
2016-10-20 21:20:41,164 1791 [main] INFO  com.mm.marketgauge.util.LogHelper - Converting for ticker:Some(^YHOh745) Some(Beverages - Brewers)
2016-10-20 21:20:41,164 1791 [main] INFO  com.mm.marketgauge.util.LogHelper - Converting for ticker:Some(^YHOh747) Some(Beverages - Soft Drinks)
2016-10-20 21:20:41,165 1792 [main] INFO  com.mm.marketgauge.util.LogHelper - Converting for ticker:Some(^YHOh746) Some(Beverages - Wineries & Distillers)
2016-10-20 21:20:41,165 1792 [main] INFO  com.mm.marketgauge.util.LogHelper - Converting for ticker:Some(^YHOh788) Some(Biotechnology)
2016-10-20 21:20:41,166 1793 [main] INFO  com.mm.marketgauge.util.LogHelper - Converting for ticker:Some(^YHOh829) Some(Broadcasting - Radio)
2016-10-20 21:20:41,166 1793 [main] INFO  com.mm.marketgauge.util.LogHelper - Converting for ticker:Some(^YHOh828) Some(Broadcasting - TV)
2016-10-20 21:20:41,167 1794 [main] INFO  com.mm.marketgauge.util.LogHelper - Converting for ticker:Some(^YHOh852) Some(Building Materials Wholesale)
2016-10-20 21:20:41,168 1795 [main] INFO  com.mm.marketgauge.util.LogHelper - Converting for ticker:Some(^YHOh721) Some(Business Equipment)
2016-10-20 21:20:41,168 1795 [main] INFO  com.mm.marketgauge.util.LogHelper - Converting for ticker:Some(^YHOh861) Some(Business Services)
2016-10-20 21:20:41,169 1796 [main] INFO  com.mm.marketgauge.util.LogHelper - Converting for ticker:Some(^YHOh890) Some(Business Software & Services)
2016-10-20 21:20:41,169 1796 [main] INFO  com.mm.marketgauge.util.LogHelper - Converting for ticker:Some(^YHOh830) Some(CATV Systems)
2016-10-20 21:20:41,170 1797 [main] INFO  com.mm.marketgauge.util.LogHelper - Converting for ticker:Some(^YHOh844) Some(Catalog & Mail Order Houses)
2016-10-20 21:20:41,170 1797 [main] INFO  com.mm.marketgauge.util.LogHelper - Converting for ticker:Some(^YHOh813) Some(Cement)
2016-10-20 21:20:41,170 1797 [main] INFO  com.mm.marketgauge.util.LogHelper - Converting for ticker:Some(^YHOh700) Some(Chemicals - Major Diversified)
2016-10-20 21:20:41,171 1798 [main] INFO  com.mm.marketgauge.util.LogHelper - Converting for ticker:Some(^YHOh748) Some(Cigarettes)
2016-10-20 21:20:41,171 1798 [main] INFO  com.mm.marketgauge.util.LogHelper - Converting for ticker:Some(^YHOh733) Some(Cleaning Products)
2016-10-20 21:20:41,172 1799 [main] INFO  com.mm.marketgauge.util.LogHelper - Converting for ticker:Some(^YHOh765) Some(Closed-End Fund - Debt)
2016-10-20 21:20:41,172 1799 [main] INFO  com.mm.marketgauge.util.LogHelper - Converting for ticker:Some(^YHOh766) Some(Closed-End Fund - Equity)
2016-10-20 21:20:41,173 1800 [main] INFO  com.mm.marketgauge.util.LogHelper - Converting for ticker:Some(^YHOh767) Some(Closed-End Fund - Foreign)
2016-10-20 21:20:41,173 1800 [main] INFO  com.mm.marketgauge.util.LogHelper - Converting for ticker:Some(^YHOh901) Some(Communication Equipment)
2016-10-20 21:20:41,174 1801 [main] INFO  com.mm.marketgauge.util.LogHelper - Converting for ticker:Some(^YHOh880) Some(Computer Based Systems)
2016-10-20 21:20:41,174 1801 [main] INFO  com.mm.marketgauge.util.LogHelper - Converting for ticker:Some(^YHOh883) Some(Computer Peripherals)
2016-10-20 21:20:41,174 1801 [main] INFO  com.mm.marketgauge.util.LogHelper - Converting for ticker:Some(^YHOh856) Some(Computers Wholesale)
2016-10-20 21:20:41,175 1802 [main] INFO  com.mm.marketgauge.util.LogHelper - Converting for ticker:Some(^YHOh744) Some(Confectioners)
2016-10-20 21:20:41,176 1803 [main] INFO  com.mm.marketgauge.util.LogHelper - Converting for ticker:Some(^YHOh717) Some(Conglomerates)
2016-10-20 21:20:41,176 1803 [main] INFO  com.mm.marketgauge.util.LogHelper - Converting for ticker:Some(^YHOh864) Some(Consumer Services)
2016-10-20 21:20:41,177 1804 [main] INFO  com.mm.marketgauge.util.LogHelper - Converting for ticker:Some(^YHOh711) Some(Copper)
2016-10-20 21:20:41,177 1804 [main] INFO  com.mm.marketgauge.util.LogHelper - Converting for ticker:Some(^YHOh764) Some(Credit Services)
2016-10-20 21:20:41,177 1804 [main] INFO  com.mm.marketgauge.util.LogHelper - Converting for ticker:Some(^YHOh743) Some(Dairy Products)
2016-10-20 21:20:41,178 1805 [main] INFO  com.mm.marketgauge.util.LogHelper - Converting for ticker:Some(^YHOh881) Some(Data Storage Devices)
2016-10-20 21:20:41,178 1805 [main] INFO  com.mm.marketgauge.util.LogHelper - Converting for ticker:Some(^YHOh836) Some(Department Stores)
2016-10-20 21:20:41,179 1806 [main] INFO  com.mm.marketgauge.util.LogHelper - Converting for ticker:Some(^YHOh789) Some(Diagnostic Substances)
2016-10-20 21:20:41,179 1806 [main] INFO  com.mm.marketgauge.util.LogHelper - Converting for ticker:Some(^YHOh837) Some(Discount, Variety Stores)
2016-10-20 21:20:41,180 1807 [main] INFO  com.mm.marketgauge.util.LogHelper - Converting for ticker:Some(^YHOh906) Some(Diversified Communication Services)
2016-10-20 21:20:41,180 1807 [main] INFO  com.mm.marketgauge.util.LogHelper - Converting for ticker:Some(^YHOh878) Some(Diversified Computer Systems)
2016-10-20 21:20:41,180 1807 [main] INFO  com.mm.marketgauge.util.LogHelper - Converting for ticker:Some(^YHOh898) Some(Diversified Electronics)
2016-10-20 21:20:41,181 1808 [main] INFO  com.mm.marketgauge.util.LogHelper - Converting for ticker:Some(^YHOh763) Some(Diversified Investments)
2016-10-20 21:20:41,181 1808 [main] INFO  com.mm.marketgauge.util.LogHelper - Converting for ticker:Some(^YHOh803) Some(Diversified Machinery)
2016-10-20 21:20:41,182 1809 [main] INFO  com.mm.marketgauge.util.LogHelper - Converting for ticker:Some(^YHOh913) Some(Diversified Utilities)
2016-10-20 21:20:41,183 1810 [main] INFO  com.mm.marketgauge.util.LogHelper - Converting for ticker:Some(^YHOh786) Some(Drug Delivery)
2016-10-20 21:20:41,183 1810 [main] INFO  com.mm.marketgauge.util.LogHelper - Converting for ticker:Some(^YHOh783) Some(Drug Manufacturers - Major)
2016-10-20 21:20:41,184 1811 [main] INFO  com.mm.marketgauge.util.LogHelper - Converting for ticker:Some(^YHOh784) Some(Drug Manufacturers - Other)
2016-10-20 21:20:41,184 1811 [main] INFO  com.mm.marketgauge.util.LogHelper - Converting for ticker:Some(^YHOh787) Some(Drug Related Products)
2016-10-20 21:20:41,184 1811 [main] INFO  com.mm.marketgauge.util.LogHelper - Converting for ticker:Some(^YHOh838) Some(Drug Stores)
2016-10-20 21:20:41,184 1811 [main] INFO  com.mm.marketgauge.util.LogHelper - Converting for ticker:Some(^YHOh785) Some(Drugs - Generic)
2016-10-20 21:20:41,185 1812 [main] INFO  com.mm.marketgauge.util.LogHelper - Converting for ticker:Some(^YHOh857) Some(Drugs Wholesale)
2016-10-20 21:20:41,185 1812 [main] INFO  com.mm.marketgauge.util.LogHelper - Converting for ticker:Some(^YHOh867) Some(Education & Training Services)
2016-10-20 21:20:41,186 1813 [main] INFO  com.mm.marketgauge.util.LogHelper - Converting for ticker:Some(^YHOh911) Some(Electric Utilities)
2016-10-20 21:20:41,186 1813 [main] INFO  com.mm.marketgauge.util.LogHelper - Converting for ticker:Some(^YHOh722) Some(Electronic Equipment)
2016-10-20 21:20:41,186 1813 [main] INFO  com.mm.marketgauge.util.LogHelper - Converting for ticker:Some(^YHOh840) Some(Electronics Stores)
2016-10-20 21:20:41,187 1814 [main] INFO  com.mm.marketgauge.util.LogHelper - Converting for ticker:Some(^YHOh854) Some(Electronics Wholesale)
2016-10-20 21:20:41,187 1814 [main] INFO  com.mm.marketgauge.util.LogHelper - Converting for ticker:Some(^YHOh827) Some(Entertainment - Diversified)
2016-10-20 21:20:41,187 1814 [main] INFO  com.mm.marketgauge.util.LogHelper - Converting for ticker:Some(^YHOh801) Some(Farm & Construction Machinery)
2016-10-20 21:20:41,188 1815 [main] INFO  com.mm.marketgauge.util.LogHelper - Converting for ticker:Some(^YHOh740) Some(Farm Products)
2016-10-20 21:20:41,188 1815 [main] INFO  com.mm.marketgauge.util.LogHelper - Converting for ticker:Some(^YHOh739) Some(Food - Major Diversified)
2016-10-20 21:20:41,189 1816 [main] INFO  com.mm.marketgauge.util.LogHelper - Converting for ticker:Some(^YHOh858) Some(Food Wholesale)
2016-10-20 21:20:41,189 1816 [main] INFO  com.mm.marketgauge.util.LogHelper - Converting for ticker:Some(^YHOh757) Some(Foreign Money Center Banks)
2016-10-20 21:20:41,189 1816 [main] INFO  com.mm.marketgauge.util.LogHelper - Converting for ticker:Some(^YHOh758) Some(Foreign Regional Banks)
2016-10-20 21:20:41,190 1817 [main] INFO  com.mm.marketgauge.util.LogHelper - Converting for ticker:Some(^YHOh910) Some(Foreign Utilities)
2016-10-20 21:20:41,190 1817 [main] INFO  com.mm.marketgauge.util.LogHelper - Converting for ticker:Some(^YHOh822) Some(Gaming Activities)
2016-10-20 21:20:41,190 1817 [main] INFO  com.mm.marketgauge.util.LogHelper - Converting for ticker:Some(^YHOh912) Some(Gas Utilities)
2016-10-20 21:20:41,191 1818 [main] INFO  com.mm.marketgauge.util.LogHelper - Converting for ticker:Some(^YHOh814) Some(General Building Materials)
2016-10-20 21:20:41,191 1818 [main] INFO  com.mm.marketgauge.util.LogHelper - Converting for ticker:Some(^YHOh816) Some(General Contractors)
2016-10-20 21:20:41,191 1818 [main] INFO  com.mm.marketgauge.util.LogHelper - Converting for ticker:Some(^YHOh824) Some(General Entertainment)
2016-10-20 21:20:41,191 1818 [main] INFO  com.mm.marketgauge.util.LogHelper - Converting for ticker:Some(^YHOh714) Some(Gold)
2016-10-20 21:20:41,192 1819 [main] INFO  com.mm.marketgauge.util.LogHelper - Converting for ticker:Some(^YHOh839) Some(Grocery Stores)
2016-10-20 21:20:41,192 1819 [main] INFO  com.mm.marketgauge.util.LogHelper - Converting for ticker:Some(^YHOh792) Some(Health Care Plans)
2016-10-20 21:20:41,192 1819 [main] INFO  com.mm.marketgauge.util.LogHelper - Converting for ticker:Some(^YHOh889) Some(Healthcare Information Services)
2016-10-20 21:20:41,193 1820 [main] INFO  com.mm.marketgauge.util.LogHelper - Converting for ticker:Some(^YHOh815) Some(Heavy Construction)
2016-10-20 21:20:41,193 1820 [main] INFO  com.mm.marketgauge.util.LogHelper - Converting for ticker:Some(^YHOh842) Some(Home Furnishing Stores)
2016-10-20 21:20:41,193 1820 [main] INFO  com.mm.marketgauge.util.LogHelper - Converting for ticker:Some(^YHOh719) Some(Home Furnishings & Fixtures)
2016-10-20 21:20:41,194 1821 [main] INFO  com.mm.marketgauge.util.LogHelper - Converting for ticker:Some(^YHOh796) Some(Home Health Care)
2016-10-20 21:20:41,194 1821 [main] INFO  com.mm.marketgauge.util.LogHelper - Converting for ticker:Some(^YHOh841) Some(Home Improvement Stores)
2016-10-20 21:20:41,194 1821 [main] INFO  com.mm.marketgauge.util.LogHelper - Converting for ticker:Some(^YHOh794) Some(Hospitals)
2016-10-20 21:20:41,195 1822 [main] INFO  com.mm.marketgauge.util.LogHelper - Converting for ticker:Some(^YHOh720) Some(Housewares & Accessories)
2016-10-20 21:20:41,195 1822 [main] INFO  com.mm.marketgauge.util.LogHelper - Converting for ticker:Some(^YHOh705) Some(Independent Oil & Gas)
2016-10-20 21:20:41,195 1822 [main] INFO  com.mm.marketgauge.util.LogHelper - Converting for ticker:Some(^YHOh808) Some(Industrial Electrical Equipment)
2016-10-20 21:20:41,195 1822 [main] INFO  com.mm.marketgauge.util.LogHelper - Converting for ticker:Some(^YHOh802) Some(Industrial Equipment & Components)
2016-10-20 21:20:41,196 1823 [main] INFO  com.mm.marketgauge.util.LogHelper - Converting for ticker:Some(^YHOh853) Some(Industrial Equipment Wholesale)
2016-10-20 21:20:41,196 1823 [main] INFO  com.mm.marketgauge.util.LogHelper - Converting for ticker:Some(^YHOh713) Some(Industrial Metals & Minerals)
2016-10-20 21:20:41,196 1823 [main] INFO  com.mm.marketgauge.util.LogHelper - Converting for ticker:Some(^YHOh891) Some(Information & Delivery Services)
2016-10-20 21:20:41,197 1824 [main] INFO  com.mm.marketgauge.util.LogHelper - Converting for ticker:Some(^YHOh888) Some(Information Technology Services)
2016-10-20 21:20:41,197 1824 [main] INFO  com.mm.marketgauge.util.LogHelper - Converting for ticker:Some(^YHOh772) Some(Insurance Brokers)
2016-10-20 21:20:41,229 1856 [main] INFO  com.mm.marketgauge.util.LogHelper - Converting for ticker:Some(^YHOh908) Some(Internet Information Providers)
2016-10-20 21:20:41,229 1856 [main] INFO  com.mm.marketgauge.util.LogHelper - Converting for ticker:Some(^YHOh907) Some(Internet Service Providers)
2016-10-20 21:20:41,230 1857 [main] INFO  com.mm.marketgauge.util.LogHelper - Converting for ticker:Some(^YHOh909) Some(Internet Software & Services)
2016-10-20 21:20:41,230 1857 [main] INFO  com.mm.marketgauge.util.LogHelper - Converting for ticker:Some(^YHOh760) Some(Investment Brokerage - National)
2016-10-20 21:20:41,231 1858 [main] INFO  com.mm.marketgauge.util.LogHelper - Converting for ticker:Some(^YHOh761) Some(Investment Brokerage - Regional)
2016-10-20 21:20:41,231 1858 [main] INFO  com.mm.marketgauge.util.LogHelper - Converting for ticker:Some(^YHOh847) Some(Jewelry Stores)
2016-10-20 21:20:41,232 1859 [main] INFO  com.mm.marketgauge.util.LogHelper - Converting for ticker:Some(^YHOh768) Some(Life Insurance)
2016-10-20 21:20:41,232 1859 [main] INFO  com.mm.marketgauge.util.LogHelper - Converting for ticker:Some(^YHOh818) Some(Lodging)
2016-10-20 21:20:41,232 1859 [main] INFO  com.mm.marketgauge.util.LogHelper - Converting for ticker:Some(^YHOh903) Some(Long Distance Carriers)
2016-10-20 21:20:41,232 1859 [main] INFO  com.mm.marketgauge.util.LogHelper - Converting for ticker:Some(^YHOh793) Some(Long-Term Care Facilities)
2016-10-20 21:20:41,233 1860 [main] INFO  com.mm.marketgauge.util.LogHelper - Converting for ticker:Some(^YHOh812) Some(Lumber, Wood Production)
2016-10-20 21:20:41,233 1860 [main] INFO  com.mm.marketgauge.util.LogHelper - Converting for ticker:Some(^YHOh805) Some(Machine Tools & Accessories)
2016-10-20 21:20:41,233 1860 [main] INFO  com.mm.marketgauge.util.LogHelper - Converting for ticker:Some(^YHOh871) Some(Major Airlines)
2016-10-20 21:20:41,233 1860 [main] INFO  com.mm.marketgauge.util.LogHelper - Converting for ticker:Some(^YHOh704) Some(Major Integrated Oil & Gas)
2016-10-20 21:20:41,234 1861 [main] INFO  com.mm.marketgauge.util.LogHelper - Converting for ticker:Some(^YHOh870) Some(Management Services)
2016-10-20 21:20:41,234 1861 [main] INFO  com.mm.marketgauge.util.LogHelper - Converting for ticker:Some(^YHOh811) Some(Manufactured Housing)
2016-10-20 21:20:41,234 1861 [main] INFO  com.mm.marketgauge.util.LogHelper - Converting for ticker:Some(^YHOh826) Some(Marketing Services)
2016-10-20 21:20:41,234 1861 [main] INFO  com.mm.marketgauge.util.LogHelper - Converting for ticker:Some(^YHOh742) Some(Meat Products)
2016-10-20 21:20:41,234 1861 [main] INFO  com.mm.marketgauge.util.LogHelper - Converting for ticker:Some(^YHOh791) Some(Medical Appliances & Equipment)
2016-10-20 21:20:41,235 1862 [main] INFO  com.mm.marketgauge.util.LogHelper - Converting for ticker:Some(^YHOh855) Some(Medical Equipment Wholesale)
2016-10-20 21:20:41,236 1863 [main] INFO  com.mm.marketgauge.util.LogHelper - Converting for ticker:Some(^YHOh790) Some(Medical Instruments & Supplies)
2016-10-20 21:20:41,236 1863 [main] INFO  com.mm.marketgauge.util.LogHelper - Converting for ticker:Some(^YHOh795) Some(Medical Laboratories & Research)
2016-10-20 21:20:41,237 1864 [main] INFO  com.mm.marketgauge.util.LogHelper - Converting for ticker:Some(^YHOh797) Some(Medical Practitioners)
2016-10-20 21:20:41,237 1864 [main] INFO  com.mm.marketgauge.util.LogHelper - Converting for ticker:Some(^YHOh807) Some(Metal Fabrication)
2016-10-20 21:20:41,237 1864 [main] INFO  com.mm.marketgauge.util.LogHelper - Converting for ticker:Some(^YHOh750) Some(Money Center Banks)
2016-10-20 21:20:41,237 1864 [main] INFO  com.mm.marketgauge.util.LogHelper - Converting for ticker:Some(^YHOh780) Some(Mortgage Investment)
2016-10-20 21:20:41,238 1865 [main] INFO  com.mm.marketgauge.util.LogHelper - Converting for ticker:Some(^YHOh831) Some(Movie Production, Theaters)
2016-10-20 21:20:41,238 1865 [main] INFO  com.mm.marketgauge.util.LogHelper - Converting for ticker:Some(^YHOh884) Some(Multimedia & Graphics Software)
2016-10-20 21:20:41,238 1865 [main] INFO  com.mm.marketgauge.util.LogHelper - Converting for ticker:Some(^YHOh848) Some(Music & Video Stores)
2016-10-20 21:20:41,239 1866 [main] INFO  com.mm.marketgauge.util.LogHelper - Converting for ticker:Some(^YHOh882) Some(Networking & Communication Devices)
2016-10-20 21:20:41,239 1866 [main] INFO  com.mm.marketgauge.util.LogHelper - Converting for ticker:Some(^YHOh716) Some(Nonmetallic Mineral Mining)
2016-10-20 21:20:41,239 1866 [main] INFO  com.mm.marketgauge.util.LogHelper - Converting for ticker:Some(^YHOh734) Some(Office Supplies)
2016-10-20 21:20:41,239 1866 [main] INFO  com.mm.marketgauge.util.LogHelper - Converting for ticker:Some(^YHOh707) Some(Oil & Gas Drilling & Exploration)
2016-10-20 21:20:41,239 1866 [main] INFO  com.mm.marketgauge.util.LogHelper - Converting for ticker:Some(^YHOh708) Some(Oil & Gas Equipment & Services)
2016-10-20 21:20:41,240 1867 [main] INFO  com.mm.marketgauge.util.LogHelper - Converting for ticker:Some(^YHOh709) Some(Oil & Gas Pipelines)
2016-10-20 21:20:41,240 1867 [main] INFO  com.mm.marketgauge.util.LogHelper - Converting for ticker:Some(^YHOh706) Some(Oil & Gas Refining & Marketing)
2016-10-20 21:20:41,240 1867 [main] INFO  com.mm.marketgauge.util.LogHelper - Converting for ticker:Some(^YHOh732) Some(Packaging & Containers)
2016-10-20 21:20:41,241 1868 [main] INFO  com.mm.marketgauge.util.LogHelper - Converting for ticker:Some(^YHOh731) Some(Paper & Paper Products)
2016-10-20 21:20:41,241 1868 [main] INFO  com.mm.marketgauge.util.LogHelper - Converting for ticker:Some(^YHOh879) Some(Personal Computers)
2016-10-20 21:20:41,241 1868 [main] INFO  com.mm.marketgauge.util.LogHelper - Converting for ticker:Some(^YHOh730) Some(Personal Products)
2016-10-20 21:20:41,241 1868 [main] INFO  com.mm.marketgauge.util.LogHelper - Converting for ticker:Some(^YHOh863) Some(Personal Services)
2016-10-20 21:20:41,241 1868 [main] INFO  com.mm.marketgauge.util.LogHelper - Converting for ticker:Some(^YHOh726) Some(Photographic Equipment & Supplies)
2016-10-20 21:20:41,241 1868 [main] INFO  com.mm.marketgauge.util.LogHelper - Converting for ticker:Some(^YHOh804) Some(Pollution & Treatment Controls)
2016-10-20 21:20:41,242 1869 [main] INFO  com.mm.marketgauge.util.LogHelper - Converting for ticker:Some(^YHOh897) Some(Printed Circuit Boards)
2016-10-20 21:20:41,242 1869 [main] INFO  com.mm.marketgauge.util.LogHelper - Converting for ticker:Some(^YHOh741) Some(Processed & Packaged Goods)
2016-10-20 21:20:41,242 1869 [main] INFO  com.mm.marketgauge.util.LogHelper - Converting for ticker:Some(^YHOh902) Some(Processing Systems & Products)
2016-10-20 21:20:41,242 1869 [main] INFO  com.mm.marketgauge.util.LogHelper - Converting for ticker:Some(^YHOh770) Some(Property & Casualty Insurance)
2016-10-20 21:20:41,242 1869 [main] INFO  com.mm.marketgauge.util.LogHelper - Converting for ticker:Some(^YHOh781) Some(Property Management)
2016-10-20 21:20:41,242 1869 [main] INFO  com.mm.marketgauge.util.LogHelper - Converting for ticker:Some(^YHOh834) Some(Publishing - Books)
2016-10-20 21:20:41,243 1870 [main] INFO  com.mm.marketgauge.util.LogHelper - Converting for ticker:Some(^YHOh832) Some(Publishing - Newspapers)
2016-10-20 21:20:41,243 1870 [main] INFO  com.mm.marketgauge.util.LogHelper - Converting for ticker:Some(^YHOh833) Some(Publishing - Periodicals)
2016-10-20 21:20:41,243 1870 [main] INFO  com.mm.marketgauge.util.LogHelper - Converting for ticker:Some(^YHOh773) Some(REIT - Diversified)
2016-10-20 21:20:41,244 1871 [main] INFO  com.mm.marketgauge.util.LogHelper - Converting for ticker:Some(^YHOh775) Some(REIT - Healthcare Facilities)
2016-10-20 21:20:41,244 1871 [main] INFO  com.mm.marketgauge.util.LogHelper - Converting for ticker:Some(^YHOh776) Some(REIT - Hotel/Motel)
2016-10-20 21:20:41,244 1871 [main] INFO  com.mm.marketgauge.util.LogHelper - Converting for ticker:Some(^YHOh777) Some(REIT - Industrial)
2016-10-20 21:20:41,244 1871 [main] INFO  com.mm.marketgauge.util.LogHelper - Converting for ticker:Some(^YHOh774) Some(REIT - Office)
2016-10-20 21:20:41,245 1872 [main] INFO  com.mm.marketgauge.util.LogHelper - Converting for ticker:Some(^YHOh778) Some(REIT - Residential)
2016-10-20 21:20:41,245 1872 [main] INFO  com.mm.marketgauge.util.LogHelper - Converting for ticker:Some(^YHOh779) Some(REIT - Retail)
2016-10-20 21:20:41,245 1872 [main] INFO  com.mm.marketgauge.util.LogHelper - Converting for ticker:Some(^YHOh877) Some(Railroads)
2016-10-20 21:20:41,245 1872 [main] INFO  com.mm.marketgauge.util.LogHelper - Converting for ticker:Some(^YHOh782) Some(Real Estate Development)
2016-10-20 21:20:41,245 1872 [main] INFO  com.mm.marketgauge.util.LogHelper - Converting for ticker:Some(^YHOh725) Some(Recreational Goods, Other)
2016-10-20 21:20:41,245 1872 [main] INFO  com.mm.marketgauge.util.LogHelper - Converting for ticker:Some(^YHOh737) Some(Recreational Vehicles)
2016-10-20 21:20:41,246 1873 [main] INFO  com.mm.marketgauge.util.LogHelper - Converting for ticker:Some(^YHOh752) Some(Regional - Mid-Atlantic Banks)
2016-10-20 21:20:41,247 1874 [main] INFO  com.mm.marketgauge.util.LogHelper - Converting for ticker:Some(^YHOh754) Some(Regional - Midwest Banks)
2016-10-20 21:20:41,247 1874 [main] INFO  com.mm.marketgauge.util.LogHelper - Converting for ticker:Some(^YHOh751) Some(Regional - Northeast Banks)
2016-10-20 21:20:41,247 1874 [main] INFO  com.mm.marketgauge.util.LogHelper - Converting for ticker:Some(^YHOh756) Some(Regional - Pacific Banks)
2016-10-20 21:20:41,247 1874 [main] INFO  com.mm.marketgauge.util.LogHelper - Converting for ticker:Some(^YHOh753) Some(Regional - Southeast Banks)
2016-10-20 21:20:41,247 1874 [main] INFO  com.mm.marketgauge.util.LogHelper - Converting for ticker:Some(^YHOh755) Some(Regional - Southwest  Banks)
2016-10-20 21:20:41,248 1875 [main] INFO  com.mm.marketgauge.util.LogHelper - Converting for ticker:Some(^YHOh872) Some(Regional Airlines)
2016-10-20 21:20:41,248 1875 [main] INFO  com.mm.marketgauge.util.LogHelper - Converting for ticker:Some(^YHOh862) Some(Rental & Leasing Services)
2016-10-20 21:20:41,248 1875 [main] INFO  com.mm.marketgauge.util.LogHelper - Converting for ticker:Some(^YHOh869) Some(Research Services)
2016-10-20 21:20:41,249 1876 [main] INFO  com.mm.marketgauge.util.LogHelper - Converting for ticker:Some(^YHOh810) Some(Residential Construction)
2016-10-20 21:20:41,249 1876 [main] INFO  com.mm.marketgauge.util.LogHelper - Converting for ticker:Some(^YHOh819) Some(Resorts & Casinos)
2016-10-20 21:20:41,249 1876 [main] INFO  com.mm.marketgauge.util.LogHelper - Converting for ticker:Some(^YHOh820) Some(Restaurants)
2016-10-20 21:20:41,249 1876 [main] INFO  com.mm.marketgauge.util.LogHelper - Converting for ticker:Some(^YHOh729) Some(Rubber & Plastics)
2016-10-20 21:20:41,249 1876 [main] INFO  com.mm.marketgauge.util.LogHelper - Converting for ticker:Some(^YHOh759) Some(Savings & Loans)
2016-10-20 21:20:41,250 1877 [main] INFO  com.mm.marketgauge.util.LogHelper - Converting for ticker:Some(^YHOh899) Some(Scientific & Technical Instruments)
2016-10-20 21:20:41,250 1877 [main] INFO  com.mm.marketgauge.util.LogHelper - Converting for ticker:Some(^YHOh866) Some(Security & Protection Services)
2016-10-20 21:20:41,250 1877 [main] INFO  com.mm.marketgauge.util.LogHelper - Converting for ticker:Some(^YHOh887) Some(Security Software & Services)
2016-10-20 21:20:41,250 1877 [main] INFO  com.mm.marketgauge.util.LogHelper - Converting for ticker:Some(^YHOh892) Some(Semiconductor - Broad Line)
2016-10-20 21:20:41,250 1877 [main] INFO  com.mm.marketgauge.util.LogHelper - Converting for ticker:Some(^YHOh895) Some(Semiconductor - Integrated Circuits)
2016-10-20 21:20:41,250 1877 [main] INFO  com.mm.marketgauge.util.LogHelper - Converting for ticker:Some(^YHOh894) Some(Semiconductor - Specialized)
2016-10-20 21:20:41,251 1878 [main] INFO  com.mm.marketgauge.util.LogHelper - Converting for ticker:Some(^YHOh896) Some(Semiconductor Equipment & Materials)
2016-10-20 21:20:41,251 1878 [main] INFO  com.mm.marketgauge.util.LogHelper - Converting for ticker:Some(^YHOh893) Some(Semiconductor- Memory Chips)
2016-10-20 21:20:41,251 1878 [main] INFO  com.mm.marketgauge.util.LogHelper - Converting for ticker:Some(^YHOh876) Some(Shipping)
2016-10-20 21:20:41,251 1878 [main] INFO  com.mm.marketgauge.util.LogHelper - Converting for ticker:Some(^YHOh715) Some(Silver)
2016-10-20 21:20:41,252 1879 [main] INFO  com.mm.marketgauge.util.LogHelper - Converting for ticker:Some(^YHOh806) Some(Small Tools & Accessories)
2016-10-20 21:20:41,252 1879 [main] INFO  com.mm.marketgauge.util.LogHelper - Converting for ticker:Some(^YHOh798) Some(Specialized Health Services)
2016-10-20 21:20:41,252 1879 [main] INFO  com.mm.marketgauge.util.LogHelper - Converting for ticker:Some(^YHOh703) Some(Specialty Chemicals)
2016-10-20 21:20:41,252 1879 [main] INFO  com.mm.marketgauge.util.LogHelper - Converting for ticker:Some(^YHOh821) Some(Specialty Eateries)
2016-10-20 21:20:41,252 1879 [main] INFO  com.mm.marketgauge.util.LogHelper - Converting for ticker:Some(^YHOh850) Some(Specialty Retail, Other)
2016-10-20 21:20:41,252 1879 [main] INFO  com.mm.marketgauge.util.LogHelper - Converting for ticker:Some(^YHOh823) Some(Sporting Activities)
2016-10-20 21:20:41,253 1880 [main] INFO  com.mm.marketgauge.util.LogHelper - Converting for ticker:Some(^YHOh724) Some(Sporting Goods)
2016-10-20 21:20:41,253 1880 [main] INFO  com.mm.marketgauge.util.LogHelper - Converting for ticker:Some(^YHOh845) Some(Sporting Goods Stores)
2016-10-20 21:20:41,253 1880 [main] INFO  com.mm.marketgauge.util.LogHelper - Converting for ticker:Some(^YHOh865) Some(Staffing & Outsourcing Services)
2016-10-20 21:20:41,253 1880 [main] INFO  com.mm.marketgauge.util.LogHelper - Converting for ticker:Some(^YHOh710) Some(Steel & Iron)
2016-10-20 21:20:41,253 1880 [main] INFO  com.mm.marketgauge.util.LogHelper - Converting for ticker:Some(^YHOh771) Some(Surety & Title Insurance)
2016-10-20 21:20:41,253 1880 [main] INFO  com.mm.marketgauge.util.LogHelper - Converting for ticker:Some(^YHOh701) Some(Synthetics)
2016-10-20 21:20:41,254 1881 [main] INFO  com.mm.marketgauge.util.LogHelper - Converting for ticker:Some(^YHOh886) Some(Technical & System Software)
2016-10-20 21:20:41,254 1881 [main] INFO  com.mm.marketgauge.util.LogHelper - Converting for ticker:Some(^YHOh868) Some(Technical Services)
2016-10-20 21:20:41,254 1881 [main] INFO  com.mm.marketgauge.util.LogHelper - Converting for ticker:Some(^YHOh904) Some(Telecom Services - Domestic)
2016-10-20 21:20:41,254 1881 [main] INFO  com.mm.marketgauge.util.LogHelper - Converting for ticker:Some(^YHOh905) Some(Telecom Services - Foreign)
2016-10-20 21:20:41,255 1882 [main] INFO  com.mm.marketgauge.util.LogHelper - Converting for ticker:Some(^YHOh727) Some(Textile - Apparel Clothing)
2016-10-20 21:20:41,255 1882 [main] INFO  com.mm.marketgauge.util.LogHelper - Converting for ticker:Some(^YHOh728) Some(Textile - Apparel Footwear & Accessories)
2016-10-20 21:20:41,255 1882 [main] INFO  com.mm.marketgauge.util.LogHelper - Converting for ticker:Some(^YHOh809) Some(Textile Industrial)
2016-10-20 21:20:41,255 1882 [main] INFO  com.mm.marketgauge.util.LogHelper - Converting for ticker:Some(^YHOh749) Some(Tobacco Products, Other)
2016-10-20 21:20:41,255 1882 [main] INFO  com.mm.marketgauge.util.LogHelper - Converting for ticker:Some(^YHOh846) Some(Toy & Hobby Stores)
2016-10-20 21:20:41,255 1882 [main] INFO  com.mm.marketgauge.util.LogHelper - Converting for ticker:Some(^YHOh723) Some(Toys & Games)
2016-10-20 21:20:41,256 1883 [main] INFO  com.mm.marketgauge.util.LogHelper - Converting for ticker:Some(^YHOh875) Some(Trucking)
2016-10-20 21:20:41,256 1883 [main] INFO  com.mm.marketgauge.util.LogHelper - Converting for ticker:Some(^YHOh736) Some(Trucks & Other Vehicles)
2016-10-20 21:20:41,256 1883 [main] INFO  com.mm.marketgauge.util.LogHelper - Converting for ticker:Some(^YHOh817) Some(Waste Management)
2016-10-20 21:20:41,256 1883 [main] INFO  com.mm.marketgauge.util.LogHelper - Converting for ticker:Some(^YHOh860) Some(Wholesale, Other)
2016-10-20 21:20:41,256 1883 [main] INFO  com.mm.marketgauge.util.LogHelper - Converting for ticker:Some(^YHOh900) Some(Wireless Communications)
2016-10-20 21:20:41,257 1884 [main] INFO  com.mm.marketgauge.util.LogHelper - Loaded 214 sectors....
2016-10-20 21:20:41,258 1885 [main] INFO  com.mm.marketgauge.util.LogHelper - Loading prices for 214 sectors
2016-10-20 21:21:34,481 55108 [main] INFO  com.mm.marketgauge.util.LogHelper - FAiled to fetch prices for ticker ^YHOh719:
java.io.IOException: Server returned HTTP response code: 502 for URL: http://finance.yahoo.com/d/quotes.csv?s=^YHOh719&f=sl1d1e7e8m4qr5s7
2016-10-20 21:21:45,818 66445 [main] INFO  com.mm.marketgauge.util.LogHelper - FAiled to fetch prices for ticker ^YHOh848:
java.io.IOException: Server returned HTTP response code: 502 for URL: http://finance.yahoo.com/d/quotes.csv?s=^YHOh848&f=sl1d1e7e8m4qr5s7
2016-10-20 21:21:49,290 69917 [main] INFO  com.mm.marketgauge.util.LogHelper - FAiled to fetch prices for ticker ^YHOh863:
java.io.IOException: Server returned HTTP response code: 502 for URL: http://finance.yahoo.com/d/quotes.csv?s=^YHOh863&f=sl1d1e7e8m4qr5s7
2016-10-20 21:21:53,210 73837 [main] INFO  com.mm.marketgauge.util.LogHelper - FAiled to fetch prices for ticker ^YHOh778:
java.io.IOException: Server returned HTTP response code: 502 for URL: http://finance.yahoo.com/d/quotes.csv?s=^YHOh778&f=sl1d1e7e8m4qr5s7
2016-10-20 21:21:56,806 77433 [main] INFO  com.mm.marketgauge.util.LogHelper - FAiled to fetch prices for ticker ^YHOh810:
java.io.IOException: Server returned HTTP response code: 502 for URL: http://finance.yahoo.com/d/quotes.csv?s=^YHOh810&f=sl1d1e7e8m4qr5s7
2016-10-20 21:22:07,237 87864 [main] INFO  com.mm.marketgauge.util.LogHelper - Persisting 195 prices...
2016-10-20 21:22:07,497 88124 [main] INFO  com.mm.marketgauge.util.LogHelper - From 209 we  persisted 195 prices
2016-10-20 22:57:36,669 1206 [pool-5-thread-7-ScalaTest-running-SectorServiceDownloaderSpec] INFO  com.mm.marketgauge.util.LogHelper - Extracting data for sector:124
2016-10-20 22:57:36,697 1234 [pool-5-thread-7-ScalaTest-running-SectorServiceDownloaderSpec] INFO  com.mm.marketgauge.util.LogHelper - Exception while fetching 124 
java.lang.IllegalArgumentException: Data not found
2016-10-20 22:57:44,370 2051 [pool-7-thread-3-ScalaTest-running-SectorServiceDownloaderSpec] INFO  com.mm.marketgauge.util.LogHelper - Extracting data for sector:124
2016-10-20 22:57:44,442 2123 [pool-7-thread-3-ScalaTest-running-SectorServiceDownloaderSpec] INFO  com.mm.marketgauge.util.LogHelper - Exception while fetching 124 
java.lang.IllegalArgumentException: Data not found
